
------------------------------------------------------------
Sender: LSF System <lsfadmin@batch2>
Subject: Job 1700849: <all.s1.quant.ASN> in cluster <summit> Exited

Job <all.s1.quant.ASN> was submitted from host <login3> by user <arodriguez> in cluster <summit> at Fri Dec 17 16:25:21 2021
Job was executed on host(s) <1*batch2>, in queue <batch>, as user <arodriguez> in cluster <summit> at Wed Jan  5 09:24:32 2022
                            <42*c03n08>
                            <42*c03n09>
                            <42*c03n10>
                            <42*c03n11>
                            <42*c03n12>
                            <42*c03n13>
                            <42*c03n14>
                            <42*c03n15>
                            <42*c03n16>
                            <42*c03n17>
                            <42*c03n18>
                            <42*c04n01>
                            <42*c04n02>
                            <42*c04n03>
                            <42*c04n04>
                            <42*c04n05>
                            <42*c04n06>
                            <42*c04n07>
                            <42*c04n08>
                            <42*c04n09>
                            <42*c04n10>
                            <42*c04n11>
                            <42*c04n12>
                            <42*c04n13>
                            <42*c04n14>
                            <42*c04n15>
                            <42*c04n16>
                            <42*c04n17>
                            <42*c04n18>
                            <42*c05n01>
                            <42*c05n02>
                            <42*c05n03>
                            <42*c05n04>
                            <42*c05n05>
                            <42*c05n06>
                            <42*c05n07>
                            <42*c05n08>
                            <42*c05n09>
                            <42*c05n10>
                            <42*c05n11>
                            <42*c05n12>
                            <42*c05n13>
                            <42*c05n14>
                            <42*c05n15>
                            <42*c05n16>
                            <42*c05n17>
                            <42*c05n18>
                            <42*c06n01>
                            <42*c06n02>
                            <42*c06n03>
                            <42*c06n04>
                            <42*c06n05>
                            <42*c06n06>
                            <42*c06n07>
                            <42*c06n08>
                            <42*c06n09>
                            <42*c06n10>
                            <42*c06n11>
                            <42*c06n12>
                            <42*c06n13>
                            <42*c06n14>
                            <42*c06n15>
                            <42*c06n16>
                            <42*c06n17>
                            <42*c06n18>
                            <42*c07n01>
                            <42*c07n02>
                            <42*c07n03>
                            <42*c07n04>
                            <42*c07n05>
                            <42*c07n06>
                            <42*c07n07>
                            <42*c07n08>
                            <42*c07n09>
                            <42*c07n10>
                            <42*c07n11>
                            <42*c07n12>
                            <42*c07n13>
                            <42*c07n14>
                            <42*c07n15>
                            <42*c07n16>
                            <42*c07n17>
                            <42*c07n18>
                            <42*c08n01>
                            <42*c08n02>
                            <42*c08n03>
                            <42*c08n04>
                            <42*c08n05>
                            <42*c08n06>
                            <42*c08n07>
                            <42*c08n08>
                            <42*c08n09>
                            <42*c08n10>
                            <42*c08n11>
                            <42*c08n12>
                            <42*c08n13>
                            <42*c08n14>
                            <42*c08n15>
                            <42*c08n16>
                            <42*c08n17>
</ccs/home/arodriguez> was used as the home directory.
</ccs/home/arodriguez/med112/task0101113/output/FullRun/SUBMIT> was used as the working directory.
Started at Wed Jan  5 09:24:32 2022
Terminated at Wed Jan  5 09:24:53 2022
Results reported at Wed Jan  5 09:24:53 2022

The output (if any) is above this job summary.



PS:

Read file <all.s1.run2.quant.ASN.stderr> for stderr output of this job.

