-------------------------------------------------------------------------------
There are messages associated with the following module(s):
-------------------------------------------------------------------------------

cuda/11.1.1:
  This modulefile is provided for testing purposes only. If you encounter
  issues, please report them to help@olcf.ornl.gov.

-------------------------------------------------------------------------------

[NVBLAS] NVBLAS_CONFIG_FILE environment variable is set to '/ccs/home/arodriguez/gemm/nvblas.conf'
[NVBLAS] Cannot Log File '/ccs/home/arodriguez/gemm/nvblas.log'
[NVBLAS] Using devices :0 2 4 
[NVBLAS] Config parsed
[NVBLAS] NVBLAS_CONFIG_FILE environment variable is set to '/ccs/home/arodriguez/gemm/nvblas.conf'
[NVBLAS] Cannot Log File '/ccs/home/arodriguez/gemm/nvblas.log'
[NVBLAS] NVBLAS_CONFIG_FILE environment variable is set to '/ccs/home/arodriguez/gemm/nvblas.conf'
[NVBLAS] Cannot Log File '/ccs/home/arodriguez/gemm/nvblas.log'
[NVBLAS] NVBLAS_CONFIG_FILE environment variable is set to '/ccs/home/arodriguez/gemm/nvblas.conf'
[NVBLAS] Cannot Log File '/ccs/home/arodriguez/gemm/nvblas.log'
[NVBLAS] NVBLAS_CONFIG_FILE environment variable is set to '/ccs/home/arodriguez/gemm/nvblas.conf'
[NVBLAS] Cannot Log File '/ccs/home/arodriguez/gemm/nvblas.log'
[NVBLAS] Using devices :0 2 4 
[NVBLAS] Config parsed
[NVBLAS] Using devices :0 2 4 
[NVBLAS] Config parsed
[NVBLAS] Using devices :0 2 4 
[NVBLAS] Config parsed
[NVBLAS] NVBLAS_CONFIG_FILE environment variable is set to '/ccs/home/arodriguez/gemm/nvblas.conf'
[NVBLAS] Using devices :0 2 4 
[NVBLAS] Config parsed
[NVBLAS] Cannot Log File '/ccs/home/arodriguez/gemm/nvblas.log'
[NVBLAS] Using devices :0 2 4 
[NVBLAS] Config parsed
[NVBLAS] NVBLAS_CONFIG_FILE environment variable is set to '/ccs/home/arodriguez/gemm/nvblas.conf'
[NVBLAS] Cannot Log File '/ccs/home/arodriguez/gemm/nvblas.log'
[NVBLAS] Using devices :0 2 4 
[NVBLAS] Config parsed
[NVBLAS] NVBLAS_CONFIG_FILE environment variable is set to '/ccs/home/arodriguez/gemm/nvblas.conf'
[NVBLAS] Cannot Log File '/ccs/home/arodriguez/gemm/nvblas.log'
[NVBLAS] NVBLAS_CONFIG_FILE environment variable is set to '/ccs/home/arodriguez/gemm/nvblas.conf'
[NVBLAS] Cannot Log File '/ccs/home/arodriguez/gemm/nvblas.log'
[NVBLAS] NVBLAS_CONFIG_FILE environment variable is set to '/ccs/home/arodriguez/gemm/nvblas.conf'
[NVBLAS] Cannot Log File '/ccs/home/arodriguez/gemm/nvblas.log'
[NVBLAS] Using devices :0 2 4 
[NVBLAS] Config parsed
[NVBLAS] NVBLAS_CONFIG_FILE environment variable is set to '/ccs/home/arodriguez/gemm/nvblas.conf'
[NVBLAS] Cannot Log File '/ccs/home/arodriguez/gemm/nvblas.log'
[NVBLAS] Using devices :0 2 4 
[NVBLAS] Config parsed
[NVBLAS] Using devices :0 2 4 
[NVBLAS] Config parsed
[NVBLAS] NVBLAS_CONFIG_FILE environment variable is set to '/ccs/home/arodriguez/gemm/nvblas.conf'
[NVBLAS] Cannot Log File '/ccs/home/arodriguez/gemm/nvblas.log'
[NVBLAS] Using devices :0 2 4 
[NVBLAS] Config parsed
[NVBLAS] Using devices :0 2 4 
[NVBLAS] Config parsed
[NVBLAS] NVBLAS_CONFIG_FILE environment variable is set to '/ccs/home/arodriguez/gemm/nvblas.conf'
[NVBLAS] Cannot Log File '/ccs/home/arodriguez/gemm/nvblas.log'
[NVBLAS] Using devices :0 2 4 
[NVBLAS] Config parsed
[NVBLAS] NVBLAS_CONFIG_FILE environment variable is set to '/ccs/home/arodriguez/gemm/nvblas.conf'
[NVBLAS] Cannot Log File '/ccs/home/arodriguez/gemm/nvblas.log'
[NVBLAS] Using devices :0 2 4 
[NVBLAS] Config parsed
[NVBLAS] NVBLAS_CONFIG_FILE environment variable is set to '/ccs/home/arodriguez/gemm/nvblas.conf'
[NVBLAS] Cannot Log File '/ccs/home/arodriguez/gemm/nvblas.log'
[NVBLAS] Using devices :0 2 4 
[NVBLAS] Config parsed
[NVBLAS] NVBLAS_CONFIG_FILE environment variable is set to '/ccs/home/arodriguez/gemm/nvblas.conf'
[NVBLAS] Cannot Log File '/ccs/home/arodriguez/gemm/nvblas.log'
[NVBLAS] Using devices :0 2 4 
[NVBLAS] Config parsed
[NVBLAS] NVBLAS_CONFIG_FILE environment variable is set to '/ccs/home/arodriguez/gemm/nvblas.conf'
[NVBLAS] Cannot Log File '/ccs/home/arodriguez/gemm/nvblas.log'
[NVBLAS] Using devices :0 2 4 
[NVBLAS] Config parsed
[NVBLAS] NVBLAS_CONFIG_FILE environment variable is set to '/ccs/home/arodriguez/gemm/nvblas.conf'
[NVBLAS] Cannot Log File '/ccs/home/arodriguez/gemm/nvblas.log'
[NVBLAS] Using devices :0 2 4 
[NVBLAS] Config parsed
[NVBLAS] NVBLAS_CONFIG_FILE environment variable is set to '/ccs/home/arodriguez/gemm/nvblas.conf'
[NVBLAS] Cannot Log File '/ccs/home/arodriguez/gemm/nvblas.log'
[NVBLAS] Using devices :0 2 4 
[NVBLAS] Config parsed
[NVBLAS] NVBLAS_CONFIG_FILE environment variable is set to '/ccs/home/arodriguez/gemm/nvblas.conf'
[NVBLAS] Cannot Log File '/ccs/home/arodriguez/gemm/nvblas.log'
[NVBLAS] Using devices :0 2 4 
[NVBLAS] Config parsed
[NVBLAS] NVBLAS_CONFIG_FILE environment variable is set to '/ccs/home/arodriguez/gemm/nvblas.conf'
[NVBLAS] Cannot Log File '/ccs/home/arodriguez/gemm/nvblas.log'
[NVBLAS] Using devices :0 2 4 
[NVBLAS] Config parsed
[NVBLAS] NVBLAS_CONFIG_FILE environment variable is set to '/ccs/home/arodriguez/gemm/nvblas.conf'
[NVBLAS] Cannot Log File '/ccs/home/arodriguez/gemm/nvblas.log'
[NVBLAS] Using devices :0 2 4 
[NVBLAS] Config parsed
[NVBLAS] NVBLAS_CONFIG_FILE environment variable is set to '/ccs/home/arodriguez/gemm/nvblas.conf'
[NVBLAS] Cannot Log File '/ccs/home/arodriguez/gemm/nvblas.log'
[NVBLAS] Using devices :0 2 4 
[NVBLAS] Config parsed
[NVBLAS] NVBLAS_CONFIG_FILE environment variable is set to '/ccs/home/arodriguez/gemm/nvblas.conf'
[NVBLAS] Cannot Log File '/ccs/home/arodriguez/gemm/nvblas.log'
[NVBLAS] NVBLAS_CONFIG_FILE environment variable is set to '/ccs/home/arodriguez/gemm/nvblas.conf'
[NVBLAS] Cannot Log File '/ccs/home/arodriguez/gemm/nvblas.log'
[NVBLAS] Using devices :0 2 4 
[NVBLAS] Config parsed
[NVBLAS] Using devices :0 2 4 
[NVBLAS] Config parsed
[NVBLAS] cublasXtDeviceSelect FAILED
[NVBLAS] cublasXtDeviceSelect FAILED
[NVBLAS] NVBLAS_CONFIG_FILE environment variable is set to '/ccs/home/arodriguez/gemm/nvblas.conf'
[NVBLAS] Cannot Log File '/ccs/home/arodriguez/gemm/nvblas.log'
[NVBLAS] NVBLAS_CONFIG_FILE environment variable is set to '/ccs/home/arodriguez/gemm/nvblas.conf'
[NVBLAS] Cannot Log File '/ccs/home/arodriguez/gemm/nvblas.log'
[NVBLAS] NVBLAS_CONFIG_FILE environment variable is set to '/ccs/home/arodriguez/gemm/nvblas.conf'
[NVBLAS] Cannot Log File '/ccs/home/arodriguez/gemm/nvblas.log'
[NVBLAS] NVBLAS_CONFIG_FILE environment variable is set to '/ccs/home/arodriguez/gemm/nvblas.conf'
[NVBLAS] NVBLAS_CONFIG_FILE environment variable is set to '/ccs/home/arodriguez/gemm/nvblas.conf'
[NVBLAS] Cannot Log File '/ccs/home/arodriguez/gemm/nvblas.log'
[NVBLAS] Cannot Log File '/ccs/home/arodriguez/gemm/nvblas.log'
[NVBLAS] Using devices :0 2 4 
[NVBLAS] Config parsed
[NVBLAS] Using devices :0 2 4 
[NVBLAS] Config parsed
[NVBLAS] Using devices :0 2 4 
[NVBLAS] Config parsed
[NVBLAS] cublasXtDeviceSelect FAILED
[NVBLAS] cublasXtDeviceSelect FAILED
[NVBLAS] Using devices :0 2 4 
[NVBLAS] Config parsed
[NVBLAS] Using devices :0 2 4 
[NVBLAS] Config parsed
[NVBLAS] cublasXtDeviceSelect FAILED
[NVBLAS] cublasXtDeviceSelect FAILED
[NVBLAS] NVBLAS_CONFIG_FILE environment variable is set to '/ccs/home/arodriguez/gemm/nvblas.conf'
[NVBLAS] Cannot Log File '/ccs/home/arodriguez/gemm/nvblas.log'
[NVBLAS] Using devices :0 2 4 
[NVBLAS] Config parsed
[NVBLAS] NVBLAS_CONFIG_FILE environment variable is set to '/ccs/home/arodriguez/gemm/nvblas.conf'
[NVBLAS] Cannot Log File '/ccs/home/arodriguez/gemm/nvblas.log'
[NVBLAS] NVBLAS_CONFIG_FILE environment variable is set to '/ccs/home/arodriguez/gemm/nvblas.conf'
[NVBLAS] Cannot Log File '/ccs/home/arodriguez/gemm/nvblas.log'
[NVBLAS] Using devices :0 2 4 
[NVBLAS] Config parsed
[NVBLAS] Using devices :0 2 4 
[NVBLAS] Config parsed
[NVBLAS] cublasXtDeviceSelect FAILED
[NVBLAS] NVBLAS_CONFIG_FILE environment variable is set to '/ccs/home/arodriguez/gemm/nvblas.conf'
[NVBLAS] Cannot Log File '/ccs/home/arodriguez/gemm/nvblas.log'
[NVBLAS] NVBLAS_CONFIG_FILE environment variable is set to '/ccs/home/arodriguez/gemm/nvblas.conf'
[NVBLAS] Cannot Log File '/ccs/home/arodriguez/gemm/nvblas.log'
[NVBLAS] Using devices :0 2 4 
[NVBLAS] Config parsed
[NVBLAS] Using devices :0 2 4 
[NVBLAS] Config parsed
[NVBLAS] cublasXtDeviceSelect FAILED
[NVBLAS] NVBLAS_CONFIG_FILE environment variable is set to '/ccs/home/arodriguez/gemm/nvblas.conf'
[NVBLAS] Cannot Log File '/ccs/home/arodriguez/gemm/nvblas.log'
[NVBLAS] NVBLAS_CONFIG_FILE environment variable is set to '/ccs/home/arodriguez/gemm/nvblas.conf'
[NVBLAS] Cannot Log File '/ccs/home/arodriguez/gemm/nvblas.log'
[NVBLAS] Using devices :0 2 4 
[NVBLAS] Config parsed
[NVBLAS] Using devices :0 2 4 
[NVBLAS] Config parsed
[NVBLAS] cublasXtDeviceSelect FAILED
[NVBLAS] cublasXtDeviceSelect FAILED
[NVBLAS] cublasXtDeviceSelect FAILED
[NVBLAS] cublasXtDeviceSelect FAILED
[NVBLAS] NVBLAS_CONFIG_FILE environment variable is set to '/ccs/home/arodriguez/gemm/nvblas.conf'
[NVBLAS] Cannot Log File '/ccs/home/arodriguez/gemm/nvblas.log'
[NVBLAS] Using devices :0 2 4 
[NVBLAS] Config parsed
[NVBLAS] NVBLAS_CONFIG_FILE environment variable is set to '/ccs/home/arodriguez/gemm/nvblas.conf'
[NVBLAS] Cannot Log File '/ccs/home/arodriguez/gemm/nvblas.log'
[NVBLAS] NVBLAS_CONFIG_FILE environment variable is set to '/ccs/home/arodriguez/gemm/nvblas.conf'
[NVBLAS] Cannot Log File '/ccs/home/arodriguez/gemm/nvblas.log'
[NVBLAS] NVBLAS_CONFIG_FILE environment variable is set to '/ccs/home/arodriguez/gemm/nvblas.conf'
[NVBLAS] Cannot Log File '/ccs/home/arodriguez/gemm/nvblas.log'
[NVBLAS] NVBLAS_CONFIG_FILE environment variable is set to '/ccs/home/arodriguez/gemm/nvblas.conf'
[NVBLAS] Using devices :0 2 4 
[NVBLAS] Config parsed
[NVBLAS] Using devices :0 2 4 
[NVBLAS] Config parsed
[NVBLAS] Cannot Log File '/ccs/home/arodriguez/gemm/nvblas.log'
[NVBLAS] NVBLAS_CONFIG_FILE environment variable is set to '/ccs/home/arodriguez/gemm/nvblas.conf'
[NVBLAS] Cannot Log File '/ccs/home/arodriguez/gemm/nvblas.log'
[NVBLAS] NVBLAS_CONFIG_FILE environment variable is set to '/ccs/home/arodriguez/gemm/nvblas.conf'
[NVBLAS] Cannot Log File '/ccs/home/arodriguez/gemm/nvblas.log'
[NVBLAS] Using devices :0 2 4 
[NVBLAS] Config parsed
[NVBLAS] Using devices :0 2 4 
[NVBLAS] Config parsed
[NVBLAS] cublasXtDeviceSelect FAILED
[NVBLAS] cublasXtDeviceSelect FAILED
[NVBLAS] Using devices :[NVBLAS] Using devices :0 0 2 2 4 4 

[NVBLAS] Config parsed
[NVBLAS] Config parsed
[NVBLAS] cublasXtDeviceSelect FAILED
[NVBLAS] cublasXtDeviceSelect FAILED
[NVBLAS] cublasXtDeviceSelect FAILED
[NVBLAS] cublasXtDeviceSelect FAILED
[NVBLAS] NVBLAS_CONFIG_FILE environment variable is set to '/ccs/home/arodriguez/gemm/nvblas.conf'
[NVBLAS] Cannot Log File '/ccs/home/arodriguez/gemm/nvblas.log'
[NVBLAS] NVBLAS_CONFIG_FILE environment variable is set to '/ccs/home/arodriguez/gemm/nvblas.conf'
[NVBLAS] Cannot Log File '/ccs/home/arodriguez/gemm/nvblas.log'
[NVBLAS] NVBLAS_CONFIG_FILE environment variable is set to '/ccs/home/arodriguez/gemm/nvblas.conf'
[NVBLAS] Cannot Log File '/ccs/home/arodriguez/gemm/nvblas.log'
[NVBLAS] Using devices :0 2 4 
[NVBLAS] Config parsed
[NVBLAS] Using devices :0 2 4 
[NVBLAS] Config parsed
[NVBLAS] Using devices :0 2 4 
[NVBLAS] Config parsed
[NVBLAS] cublasXtDeviceSelect FAILED
[NVBLAS] cublasXtDeviceSelect FAILED
[NVBLAS] NVBLAS_CONFIG_FILE environment variable is set to '/ccs/home/arodriguez/gemm/nvblas.conf'
[NVBLAS] Cannot Log File '/ccs/home/arodriguez/gemm/nvblas.log'
[NVBLAS] NVBLAS_CONFIG_FILE environment variable is set to '/ccs/home/arodriguez/gemm/nvblas.conf'
[NVBLAS] Cannot Log File '/ccs/home/arodriguez/gemm/nvblas.log'
[NVBLAS] Using devices :0 2 4 
[NVBLAS] Config parsed
[NVBLAS] Using devices :0 2 4 
[NVBLAS] Config parsed
[NVBLAS] cublasXtDeviceSelect FAILED
[NVBLAS] cublasXtDeviceSelect FAILED
[NVBLAS] NVBLAS_CONFIG_FILE environment variable is set to '/ccs/home/arodriguez/gemm/nvblas.conf'
[NVBLAS] Cannot Log File '/ccs/home/arodriguez/gemm/nvblas.log'
[NVBLAS] Using devices :0 2 4 
[NVBLAS] Config parsed
[NVBLAS] NVBLAS_CONFIG_FILE environment variable is set to '/ccs/home/arodriguez/gemm/nvblas.conf'
[NVBLAS] Cannot Log File '/ccs/home/arodriguez/gemm/nvblas.log'
[NVBLAS] NVBLAS_CONFIG_FILE environment variable is set to '/ccs/home/arodriguez/gemm/nvblas.conf'
[NVBLAS] Cannot Log File '/ccs/home/arodriguez/gemm/nvblas.log'
[NVBLAS] Using devices :0 2 4 
[NVBLAS] Config parsed
[NVBLAS] Using devices :0 2 4 
[NVBLAS] Config parsed
[NVBLAS] cublasXtDeviceSelect FAILED
[NVBLAS] cublasXtDeviceSelect FAILED
[NVBLAS] NVBLAS_CONFIG_FILE environment variable is set to '/ccs/home/arodriguez/gemm/nvblas.conf'
[NVBLAS] Cannot Log File '/ccs/home/arodriguez/gemm/nvblas.log'
[NVBLAS] Using devices :0 2 4 
[NVBLAS] Config parsed
[NVBLAS] NVBLAS_CONFIG_FILE environment variable is set to '/ccs/home/arodriguez/gemm/nvblas.conf'
[NVBLAS] Cannot Log File '/ccs/home/arodriguez/gemm/nvblas.log'
[NVBLAS] Using devices :0 2 4 
[NVBLAS] Config parsed
[NVBLAS] NVBLAS_CONFIG_FILE environment variable is set to '/ccs/home/arodriguez/gemm/nvblas.conf'
[NVBLAS] Cannot Log File '/ccs/home/arodriguez/gemm/nvblas.log'
[NVBLAS] Using devices :0 2 4 
[NVBLAS] Config parsed
[NVBLAS] NVBLAS_CONFIG_FILE environment variable is set to '/ccs/home/arodriguez/gemm/nvblas.conf'
[NVBLAS] Cannot Log File '/ccs/home/arodriguez/gemm/nvblas.log'
[NVBLAS] NVBLAS_CONFIG_FILE environment variable is set to '/ccs/home/arodriguez/gemm/nvblas.conf'
[NVBLAS] Cannot Log File '/ccs/home/arodriguez/gemm/nvblas.log'
[NVBLAS] Using devices :0 2 4 
[NVBLAS] Config parsed
[NVBLAS] Using devices :0 2 4 
[NVBLAS] Config parsed
[NVBLAS] cublasXtDeviceSelect FAILED
[NVBLAS] cublasXtDeviceSelect FAILED
[NVBLAS] NVBLAS_CONFIG_FILE environment variable is set to '/ccs/home/arodriguez/gemm/nvblas.conf'
[NVBLAS] Cannot Log File '/ccs/home/arodriguez/gemm/nvblas.log'
[NVBLAS] Using devices :0 2 4 
[NVBLAS] Config parsed
[NVBLAS] NVBLAS_CONFIG_FILE environment variable is set to '/ccs/home/arodriguez/gemm/nvblas.conf'
[NVBLAS] Cannot Log File '/ccs/home/arodriguez/gemm/nvblas.log'
[NVBLAS] Using devices :0 2 4 
[NVBLAS] Config parsed
[NVBLAS] NVBLAS_CONFIG_FILE environment variable is set to '/ccs/home/arodriguez/gemm/nvblas.conf'
[NVBLAS] Cannot Log File '/ccs/home/arodriguez/gemm/nvblas.log'
[NVBLAS] Using devices :0 2 4 
[NVBLAS] Config parsed
[NVBLAS] NVBLAS_CONFIG_FILE environment variable is set to '/ccs/home/arodriguez/gemm/nvblas.conf'
[NVBLAS] Cannot Log File '/ccs/home/arodriguez/gemm/nvblas.log'
[NVBLAS] Using devices :0 2 4 
[NVBLAS] Config parsed
[NVBLAS] NVBLAS_CONFIG_FILE environment variable is set to '/ccs/home/arodriguez/gemm/nvblas.conf'
[NVBLAS] Cannot Log File '/ccs/home/arodriguez/gemm/nvblas.log'
[NVBLAS] NVBLAS_CONFIG_FILE environment variable is set to '/ccs/home/arodriguez/gemm/nvblas.conf'
[NVBLAS] Cannot Log File '/ccs/home/arodriguez/gemm/nvblas.log'
[NVBLAS] Using devices :0 2 4 
[NVBLAS] Config parsed
[NVBLAS] Using devices :0 2 4 
[NVBLAS] Config parsed
[NVBLAS] cublasXtDeviceSelect FAILED
[NVBLAS] cublasXtDeviceSelect FAILED
[NVBLAS] NVBLAS_CONFIG_FILE environment variable is set to '/ccs/home/arodriguez/gemm/nvblas.conf'
[NVBLAS] Cannot Log File '/ccs/home/arodriguez/gemm/nvblas.log'
[NVBLAS] Using devices :0 2 4 
[NVBLAS] Config parsed
[NVBLAS] NVBLAS_CONFIG_FILE environment variable is set to '/ccs/home/arodriguez/gemm/nvblas.conf'
[NVBLAS] Cannot Log File '/ccs/home/arodriguez/gemm/nvblas.log'
[NVBLAS] Using devices :0 2 4 
[NVBLAS] Config parsed
sh: line 1: 102717 Aborted                 (core dumped) /usr/bin/which 'uname' 2> /dev/null
sh: line 1: 104703 Aborted                 (core dumped) /usr/bin/which 'uname' 2> /dev/null
[NVBLAS] NVBLAS_CONFIG_FILE environment variable is set to '/ccs/home/arodriguez/gemm/nvblas.conf'
[NVBLAS] Cannot Log File '/ccs/home/arodriguez/gemm/nvblas.log'
[NVBLAS] Using devices :0 2 4 
[NVBLAS] Config parsed
[NVBLAS] NVBLAS_CONFIG_FILE environment variable is set to '/ccs/home/arodriguez/gemm/nvblas.conf'
[NVBLAS] Cannot Log File '/ccs/home/arodriguez/gemm/nvblas.log'
[NVBLAS] NVBLAS_CONFIG_FILE environment variable is set to '/ccs/home/arodriguez/gemm/nvblas.conf'
[NVBLAS] Cannot Log File '/ccs/home/arodriguez/gemm/nvblas.log'
[NVBLAS] Using devices :0 2 4 
[NVBLAS] Config parsed
[NVBLAS] Using devices :0 2 4 
[NVBLAS] Config parsed
[NVBLAS] cublasXtDeviceSelect FAILED
[NVBLAS] cublasXtDeviceSelect FAILED
[NVBLAS] NVBLAS_CONFIG_FILE environment variable is set to '/ccs/home/arodriguez/gemm/nvblas.conf'
[NVBLAS] Cannot Log File '/ccs/home/arodriguez/gemm/nvblas.log'
[NVBLAS] Using devices :0 2 4 
[NVBLAS] Config parsed
[NVBLAS] cublasXtDeviceSelect FAILED
[NVBLAS] NVBLAS_CONFIG_FILE environment variable is set to '/ccs/home/arodriguez/gemm/nvblas.conf'
[NVBLAS] Cannot Log File '/ccs/home/arodriguez/gemm/nvblas.log'
[NVBLAS] Using devices :0 2 4 
[NVBLAS] Config parsed
sh: line 1: 109952 Aborted                 (core dumped) /usr/bin/which 'uname' 2> /dev/null
sh: line 1: 104451 Aborted                 (core dumped) /usr/bin/which 'uname' 2> /dev/null
sh: line 1: 104868 Aborted                 (core dumped) /usr/bin/which 'uname' 2> /dev/null
[NVBLAS] NVBLAS_CONFIG_FILE environment variable is set to '/ccs/home/arodriguez/gemm/nvblas.conf'
[NVBLAS] Cannot Log File '/ccs/home/arodriguez/gemm/nvblas.log'
[NVBLAS] Using devices :0 2 4 
[NVBLAS] Config parsed
[NVBLAS] cublasXtDeviceSelect FAILED
sh: line 1: 104389 Aborted                 (core dumped) /usr/bin/which 'uname' 2> /dev/null
[NVBLAS] NVBLAS_CONFIG_FILE environment variable is set to '/ccs/home/arodriguez/gemm/nvblas.conf'
[NVBLAS] Cannot Log File '/ccs/home/arodriguez/gemm/nvblas.log'
[NVBLAS] Using devices :0 2 4 
[NVBLAS] Config parsed
[NVBLAS] cublasXtDeviceSelect FAILED
[NVBLAS] NVBLAS_CONFIG_FILE environment variable is set to '/ccs/home/arodriguez/gemm/nvblas.conf'
[NVBLAS] Cannot Log File '/ccs/home/arodriguez/gemm/nvblas.log'
[NVBLAS] Using devices :0 2 4 
[NVBLAS] Config parsed
[NVBLAS] cublasXtDeviceSelect FAILED
[NVBLAS] NVBLAS_CONFIG_FILE environment variable is set to '/ccs/home/arodriguez/gemm/nvblas.conf'
[NVBLAS] Cannot Log File '/ccs/home/arodriguez/gemm/nvblas.log'
[NVBLAS] Using devices :0 2 4 
[NVBLAS] Config parsed
[NVBLAS] NVBLAS_CONFIG_FILE environment variable is set to '/ccs/home/arodriguez/gemm/nvblas.conf'
[NVBLAS] Cannot Log File '/ccs/home/arodriguez/gemm/nvblas.log'
[NVBLAS] Using devices :0 2 4 
[NVBLAS] Config parsed
[NVBLAS] cublasXtDeviceSelect FAILED
[NVBLAS] cublasXtDeviceSelect FAILED
Warning: PAMI CUDA HOOK disabled
Warning: PAMI CUDA HOOK disabled
sh: line 1: 104530 Aborted                 (core dumped) /usr/bin/which 'uname' 2> /dev/null
sh: line 1: 109815 Aborted                 (core dumped) /usr/bin/which 'uname' 2> /dev/null
Warning: PAMI CUDA HOOK disabled
sh: line 1: 106739 Aborted                 (core dumped) /usr/bin/which 'uname' 2> /dev/null
[NVBLAS] NVBLAS_CONFIG_FILE environment variable is set to '/ccs/home/arodriguez/gemm/nvblas.conf'
[NVBLAS] Cannot Log File '/ccs/home/arodriguez/gemm/nvblas.log'
[NVBLAS] Using devices :0 2 4 
[NVBLAS] Config parsed
Warning: PAMI CUDA HOOK disabled
[NVBLAS] cublasXtDeviceSelect FAILED
Warning: PAMI CUDA HOOK disabled
[NVBLAS] NVBLAS_CONFIG_FILE environment variable is set to '/ccs/home/arodriguez/gemm/nvblas.conf'
[NVBLAS] Cannot Log File '/ccs/home/arodriguez/gemm/nvblas.log'
[NVBLAS] Using devices :0 2 4 
[NVBLAS] Config parsed
[NVBLAS] cublasXtDeviceSelect FAILED
[NVBLAS] NVBLAS_CONFIG_FILE environment variable is set to '/ccs/home/arodriguez/gemm/nvblas.conf'
[NVBLAS] Cannot Log File '/ccs/home/arodriguez/gemm/nvblas.log'
[NVBLAS] Using devices :0 2 4 
[NVBLAS] Config parsed
[NVBLAS] cublasXtDeviceSelect FAILED
sh: line 1: 104641 Aborted                 (core dumped) /usr/bin/which 'uname' 2> /dev/null
Warning: PAMI CUDA HOOK disabled
sh: line 1: 105718 Aborted                 (core dumped) /usr/bin/which 'uname' 2> /dev/null
sh: line 1: 106664 Aborted                 (core dumped) /usr/bin/which 'uname' 2> /dev/null
sh: line 1: 104756 Aborted                 (core dumped) /usr/bin/which 'uname' 2> /dev/null
Warning: PAMI CUDA HOOK disabled
Warning: PAMI CUDA HOOK disabled
Warning: PAMI CUDA HOOK disabled
Warning: PAMI CUDA HOOK disabled
Warning: PAMI CUDA HOOK disabled
Warning: PAMI CUDA HOOK disabled
Warning: PAMI CUDA HOOK disabled
[NVBLAS] sgemm[gpu]: ta=T, tb=N, m=432943, n=432943, k=171951
[NVBLAS] sgemm[gpu]: ta=T, tb=N, m=436908, n=436908, k=171951
[NVBLAS] sgemm[gpu]: ta=T, tb=N, m=435492, n=435492, k=171951
[NVBLAS] sgemm[gpu]: ta=T, tb=N, m=443137, n=443137, k=171951
[NVBLAS] sgemm[gpu]: ta=T, tb=N, m=445997, n=445997, k=171951
[NVBLAS] sgemm[gpu]: ta=T, tb=N, m=457808, n=457808, k=171951
[NVBLAS] sgemm[gpu]: ta=T, tb=N, m=453453, n=453453, k=171951
[NVBLAS] sgemm[gpu]: ta=T, tb=N, m=316043, n=316043, k=171951
ERROR:  One or more process (first noticed rank 3) terminated with signal 9
