
------------------------------------------------------------
Sender: LSF System <lsfadmin@batch2>
Subject: Job 1700850: <all.s1.HIS.binary> in cluster <summit> Exited

Job <all.s1.HIS.binary> was submitted from host <login3> by user <arodriguez> in cluster <summit> at Fri Dec 17 16:25:26 2021
Job was executed on host(s) <1*batch2>, in queue <batch>, as user <arodriguez> in cluster <summit> at Fri Dec 31 21:34:27 2021
                            <42*d15n03>
                            <42*d15n04>
                            <42*d15n05>
                            <42*d15n06>
                            <42*d15n07>
                            <42*d15n08>
                            <42*d15n09>
                            <42*d15n10>
                            <42*d15n11>
                            <42*d15n12>
                            <42*d15n13>
                            <42*d15n14>
                            <42*d15n15>
                            <42*d15n16>
                            <42*d15n17>
                            <42*d15n18>
                            <42*d16n01>
                            <42*d16n02>
                            <42*d16n03>
                            <42*d16n04>
                            <42*d16n05>
                            <42*d16n06>
                            <42*d16n07>
                            <42*d16n08>
                            <42*d16n09>
                            <42*d16n10>
                            <42*d16n11>
                            <42*d16n12>
                            <42*d16n13>
                            <42*d16n14>
                            <42*d16n15>
                            <42*d16n16>
                            <42*d16n17>
                            <42*d16n18>
                            <42*d17n01>
                            <42*d17n02>
                            <42*d17n03>
                            <42*d17n04>
                            <42*d17n05>
                            <42*d17n06>
                            <42*d17n07>
                            <42*d17n08>
                            <42*d17n09>
                            <42*d17n10>
                            <42*d17n11>
                            <42*d17n12>
                            <42*d17n13>
                            <42*d17n14>
                            <42*d17n15>
                            <42*d17n16>
                            <42*d17n17>
                            <42*d17n18>
                            <42*d19n01>
                            <42*d19n02>
                            <42*d19n03>
                            <42*d19n04>
                            <42*d19n05>
                            <42*d19n06>
                            <42*d19n07>
                            <42*d19n08>
                            <42*d19n09>
                            <42*d19n10>
                            <42*d19n11>
                            <42*d19n12>
                            <42*d19n13>
                            <42*d19n14>
                            <42*d19n15>
                            <42*d19n16>
                            <42*d19n17>
                            <42*d19n18>
                            <42*d20n01>
                            <42*d20n02>
                            <42*d20n03>
                            <42*d20n04>
                            <42*d20n05>
                            <42*d20n06>
                            <42*d20n07>
                            <42*d20n08>
                            <42*d20n09>
                            <42*d20n10>
                            <42*d20n11>
                            <42*d20n12>
                            <42*d20n13>
                            <42*d20n14>
                            <42*d20n15>
                            <42*d20n16>
                            <42*d20n17>
                            <42*d20n18>
                            <42*d21n01>
                            <42*d21n02>
                            <42*d21n03>
                            <42*d21n04>
                            <42*d21n05>
                            <42*d21n06>
                            <42*d21n07>
                            <42*d21n08>
                            <42*d21n09>
                            <42*d21n10>
                            <42*d21n11>
                            <42*d21n12>
                            <42*d21n13>
                            <42*d21n14>
                            <42*d21n15>
                            <42*d21n16>
                            <42*d21n17>
                            <42*d21n18>
                            <42*d22n01>
                            <42*d22n02>
                            <42*d22n03>
                            <42*d22n04>
                            <42*d22n05>
                            <42*d22n06>
                            <42*d22n07>
                            <42*d22n08>
                            <42*d22n09>
                            <42*d22n10>
                            <42*d22n11>
                            <42*d22n12>
                            <42*d22n13>
                            <42*d22n14>
                            <42*d22n15>
                            <42*d22n16>
                            <42*d22n17>
                            <42*d22n18>
                            <42*d23n01>
                            <42*d23n02>
                            <42*d23n03>
                            <42*d23n04>
                            <42*d23n05>
                            <42*d23n06>
                            <42*d23n07>
                            <42*d23n08>
                            <42*d23n09>
                            <42*d23n10>
                            <42*d23n11>
                            <42*d23n12>
                            <42*d23n13>
                            <42*d23n14>
                            <42*d23n15>
                            <42*d23n16>
                            <42*d23n17>
                            <42*d23n18>
                            <42*d24n01>
                            <42*d24n02>
                            <42*d24n03>
                            <42*d24n04>
                            <42*d24n05>
                            <42*d24n06>
                            <42*d24n07>
                            <42*d24n08>
                            <42*d24n09>
                            <42*d24n10>
                            <42*d24n11>
                            <42*d24n12>
                            <42*d24n13>
                            <42*d24n14>
                            <42*d24n15>
                            <42*d24n16>
                            <42*d24n17>
                            <42*d24n18>
                            <42*d25n01>
                            <42*d25n02>
                            <42*d25n03>
                            <42*d25n04>
                            <42*d25n05>
                            <42*d25n06>
                            <42*d25n07>
                            <42*d25n08>
                            <42*d25n09>
                            <42*d25n10>
                            <42*d25n11>
                            <42*d25n12>
                            <42*d25n13>
                            <42*d25n14>
                            <42*d25n15>
                            <42*d25n16>
                            <42*d25n17>
                            <42*d25n18>
                            <42*d26n01>
                            <42*d26n02>
                            <42*d26n03>
                            <42*d26n04>
                            <42*d26n05>
                            <42*d26n06>
                            <42*d26n07>
                            <42*d26n08>
                            <42*d26n09>
                            <42*d26n10>
                            <42*d26n11>
                            <42*d26n12>
                            <42*d26n13>
                            <42*d26n14>
                            <42*d26n15>
                            <42*d26n16>
                            <42*d26n17>
                            <42*d26n18>
                            <42*d27n01>
                            <42*d27n02>
                            <42*d27n03>
                            <42*d27n04>
                            <42*d27n05>
                            <42*d27n06>
                            <42*d27n07>
                            <42*d27n08>
                            <42*d27n09>
                            <42*d27n10>
                            <42*d27n11>
                            <42*d27n12>
                            <42*d27n13>
                            <42*d27n14>
                            <42*d27n15>
                            <42*d27n16>
                            <42*d27n17>
                            <42*d27n18>
                            <42*d28n01>
                            <42*d28n02>
                            <42*d28n03>
                            <42*d28n04>
                            <42*d28n05>
                            <42*d28n06>
                            <42*d28n07>
                            <42*d28n08>
                            <42*d28n09>
                            <42*d28n10>
                            <42*d28n11>
                            <42*d28n12>
                            <42*d28n13>
                            <42*d28n14>
                            <42*d28n15>
                            <42*d28n16>
                            <42*d28n17>
                            <42*d28n18>
                            <42*d29n01>
                            <42*d29n02>
                            <42*d29n03>
                            <42*d29n04>
                            <42*d29n05>
                            <42*d29n06>
                            <42*d29n07>
                            <42*d29n08>
                            <42*d29n09>
                            <42*d29n10>
                            <42*d29n11>
                            <42*d29n12>
                            <42*d29n13>
                            <42*d29n14>
                            <42*d29n15>
                            <42*d29n16>
                            <42*d29n17>
                            <42*d29n18>
                            <42*d30n01>
                            <42*d30n02>
                            <42*d30n03>
                            <42*d30n04>
                            <42*d30n05>
                            <42*d30n06>
                            <42*d30n07>
                            <42*d30n08>
                            <42*d30n09>
                            <42*d30n10>
                            <42*d30n11>
                            <42*d30n12>
                            <42*d30n13>
                            <42*d30n14>
                            <42*d30n15>
                            <42*d30n16>
                            <42*d30n17>
                            <42*d30n18>
                            <42*d31n01>
                            <42*d31n02>
                            <42*d31n03>
                            <42*d31n04>
                            <42*d31n05>
                            <42*d31n06>
                            <42*d31n07>
                            <42*d31n08>
                            <42*d31n09>
                            <42*d31n10>
                            <42*d31n11>
                            <42*d31n12>
                            <42*d31n13>
                            <42*d31n14>
                            <42*d31n15>
                            <42*d31n16>
                            <42*d31n17>
                            <42*d31n18>
                            <42*d32n01>
                            <42*d32n02>
                            <42*d32n03>
                            <42*d32n04>
                            <42*d32n05>
                            <42*d32n06>
                            <42*d32n07>
                            <42*d32n08>
                            <42*d32n09>
                            <42*d32n10>
                            <42*d32n11>
                            <42*d32n12>
                            <42*d32n13>
                            <42*d32n14>
                            <42*d32n15>
                            <42*d32n16>
                            <42*d32n17>
                            <42*d32n18>
                            <42*d34n10>
                            <42*d34n11>
                            <42*d34n12>
                            <42*d34n13>
                            <42*d34n14>
                            <42*d34n15>
                            <42*d34n16>
                            <42*d34n17>
                            <42*d34n18>
                            <42*d34n09>
                            <42*d34n08>
                            <42*d34n07>
                            <42*d34n06>
                            <42*d34n05>
                            <42*d34n04>
                            <42*d34n03>
                            <42*d34n02>
                            <42*d34n01>
                            <42*d35n01>
                            <42*d35n02>
                            <42*d35n03>
                            <42*d35n04>
                            <42*d35n05>
                            <42*d35n06>
                            <42*d35n07>
                            <42*d35n08>
                            <42*d35n09>
                            <42*d35n10>
                            <42*d35n11>
                            <42*d35n12>
                            <42*d35n13>
                            <42*d35n14>
                            <42*d35n15>
                            <42*d35n16>
                            <42*d35n17>
                            <42*d35n18>
                            <42*d36n01>
                            <42*d36n02>
                            <42*d36n03>
                            <42*d36n04>
                            <42*d36n05>
                            <42*d36n06>
                            <42*d36n07>
                            <42*d36n08>
                            <42*d36n09>
                            <42*d36n10>
                            <42*d36n11>
                            <42*d36n12>
                            <42*d36n13>
                            <42*d36n14>
                            <42*d36n15>
                            <42*d36n16>
                            <42*d36n17>
                            <42*d36n18>
                            <42*e01n01>
                            <42*e01n02>
                            <42*e01n03>
                            <42*e01n04>
                            <42*e01n05>
                            <42*e01n06>
                            <42*e01n07>
                            <42*e01n08>
                            <42*e01n09>
                            <42*e01n10>
                            <42*e01n11>
                            <42*e01n12>
                            <42*e01n13>
                            <42*e01n14>
                            <42*e01n15>
                            <42*e01n16>
                            <42*e01n17>
                            <42*e01n18>
                            <42*e02n01>
                            <42*e02n02>
                            <42*e02n03>
                            <42*e02n04>
                            <42*e02n05>
                            <42*e02n06>
                            <42*e02n07>
                            <42*e02n08>
                            <42*e02n09>
                            <42*e02n10>
                            <42*e02n11>
                            <42*e02n12>
                            <42*e02n13>
                            <42*e02n14>
                            <42*e02n15>
                            <42*e02n16>
                            <42*e02n17>
                            <42*e02n18>
                            <42*e03n01>
                            <42*e03n02>
                            <42*e03n03>
                            <42*e03n04>
                            <42*e03n05>
                            <42*e03n06>
                            <42*e03n07>
                            <42*e03n08>
                            <42*e03n09>
                            <42*e03n10>
                            <42*e03n11>
                            <42*e03n12>
                            <42*e03n13>
                            <42*e03n14>
                            <42*e03n15>
                            <42*e03n16>
                            <42*e03n17>
                            <42*e03n18>
                            <42*e04n01>
                            <42*e04n02>
                            <42*e04n03>
                            <42*e04n04>
                            <42*e04n05>
                            <42*e04n06>
                            <42*e04n07>
                            <42*e04n08>
                            <42*e04n09>
                            <42*e04n10>
                            <42*e04n11>
                            <42*e04n12>
                            <42*e04n13>
                            <42*e04n14>
                            <42*e04n15>
                            <42*e04n16>
                            <42*e04n17>
                            <42*e04n18>
                            <42*e05n01>
                            <42*e05n02>
                            <42*e05n03>
                            <42*e05n04>
                            <42*e05n05>
                            <42*e05n06>
                            <42*e05n07>
                            <42*e05n08>
                            <42*e05n09>
                            <42*e05n10>
                            <42*e05n11>
                            <42*e05n12>
                            <42*e05n13>
                            <42*e05n14>
                            <42*e05n15>
                            <42*e05n16>
                            <42*e05n17>
                            <42*e05n18>
                            <42*e06n01>
                            <42*e06n02>
                            <42*e06n03>
                            <42*e06n04>
                            <42*e06n05>
                            <42*e06n06>
                            <42*e06n07>
                            <42*e06n08>
                            <42*e06n09>
                            <42*e06n10>
                            <42*e06n11>
                            <42*e06n12>
                            <42*e06n13>
                            <42*e06n14>
                            <42*e06n15>
                            <42*e06n16>
                            <42*e06n17>
                            <42*e06n18>
                            <42*e07n01>
                            <42*e07n02>
                            <42*e07n03>
                            <42*e07n04>
                            <42*e07n05>
                            <42*e07n06>
                            <42*e07n07>
                            <42*e07n08>
                            <42*e07n09>
                            <42*e07n10>
                            <42*e07n11>
                            <42*e07n12>
                            <42*e07n13>
                            <42*e07n14>
                            <42*e07n15>
                            <42*e07n16>
                            <42*e07n17>
                            <42*e07n18>
                            <42*e08n01>
                            <42*e08n02>
                            <42*e08n03>
                            <42*e08n04>
                            <42*e08n05>
                            <42*e08n06>
                            <42*e08n07>
                            <42*e08n08>
                            <42*e08n09>
                            <42*e08n10>
                            <42*e08n11>
                            <42*e08n12>
                            <42*e08n13>
                            <42*e08n14>
                            <42*e08n15>
                            <42*e08n16>
                            <42*e08n17>
                            <42*e08n18>
                            <42*e09n01>
                            <42*e09n02>
                            <42*e09n03>
                            <42*e09n04>
                            <42*e09n05>
                            <42*e09n06>
                            <42*e09n07>
                            <42*e09n08>
                            <42*e09n09>
                            <42*e09n10>
                            <42*e09n11>
                            <42*e09n12>
                            <42*e09n13>
                            <42*e09n14>
                            <42*e09n15>
                            <42*e09n16>
                            <42*e09n17>
                            <42*e09n18>
                            <42*e10n01>
                            <42*e10n02>
                            <42*e10n03>
                            <42*e10n04>
                            <42*e10n05>
                            <42*e10n06>
                            <42*e10n07>
                            <42*e10n08>
                            <42*e10n09>
                            <42*e10n10>
                            <42*e10n11>
                            <42*e10n12>
                            <42*e10n13>
                            <42*e10n14>
                            <42*e10n15>
                            <42*e10n16>
                            <42*e10n17>
                            <42*e10n18>
                            <42*e11n01>
                            <42*e11n02>
                            <42*e11n03>
                            <42*e11n04>
                            <42*e11n05>
                            <42*e11n06>
                            <42*e11n07>
                            <42*e11n08>
                            <42*e11n09>
                            <42*e11n10>
                            <42*e11n11>
                            <42*e11n12>
                            <42*e11n13>
                            <42*e11n14>
                            <42*e11n15>
                            <42*e11n16>
                            <42*e11n17>
                            <42*e11n18>
                            <42*e12n01>
                            <42*e12n02>
                            <42*e12n03>
                            <42*e12n04>
                            <42*e12n05>
                            <42*e12n06>
                            <42*e12n07>
                            <42*e12n08>
                            <42*e12n09>
                            <42*e12n10>
                            <42*e12n11>
                            <42*e12n12>
                            <42*e12n13>
                            <42*e12n14>
                            <42*e12n15>
                            <42*e12n16>
                            <42*e12n17>
                            <42*e12n18>
                            <42*e13n01>
                            <42*e13n02>
                            <42*e13n03>
                            <42*e13n04>
                            <42*e13n05>
                            <42*e13n06>
                            <42*e13n07>
                            <42*e13n08>
                            <42*e13n09>
                            <42*e13n10>
                            <42*e13n11>
                            <42*e13n12>
                            <42*e13n13>
                            <42*e13n14>
                            <42*e13n15>
                            <42*e13n16>
                            <42*e13n17>
                            <42*e13n18>
                            <42*e25n01>
                            <42*e25n02>
                            <42*e25n03>
                            <42*e25n04>
                            <42*e25n05>
                            <42*e25n06>
                            <42*e25n07>
                            <42*e25n08>
                            <42*e25n09>
                            <42*e25n10>
                            <42*e25n11>
                            <42*e25n12>
                            <42*e25n13>
                            <42*e25n14>
                            <42*e25n15>
                            <42*e25n16>
                            <42*e25n17>
                            <42*e25n18>
                            <42*e26n01>
                            <42*e26n02>
                            <42*e26n03>
                            <42*e26n04>
                            <42*e26n05>
                            <42*e26n06>
                            <42*e26n07>
                            <42*e26n08>
                            <42*e26n09>
                            <42*e26n10>
                            <42*e26n11>
                            <42*e26n12>
                            <42*e26n13>
                            <42*e26n14>
                            <42*e26n15>
                            <42*e26n16>
                            <42*e26n17>
                            <42*e26n18>
                            <42*e27n01>
                            <42*e27n02>
                            <42*e27n03>
                            <42*e27n04>
                            <42*e27n05>
                            <42*e27n06>
                            <42*e27n07>
                            <42*e27n08>
                            <42*e27n09>
                            <42*e27n10>
                            <42*e27n11>
                            <42*e27n12>
                            <42*e27n13>
                            <42*e27n14>
                            <42*e27n15>
                            <42*e27n16>
                            <42*e27n17>
                            <42*e27n18>
                            <42*e28n01>
                            <42*e28n02>
                            <42*e28n03>
                            <42*e28n04>
                            <42*e28n05>
                            <42*e28n06>
                            <42*e28n07>
                            <42*e28n08>
                            <42*e28n09>
                            <42*e28n10>
                            <42*e28n11>
                            <42*e28n12>
                            <42*e28n13>
                            <42*e28n14>
                            <42*e28n15>
                            <42*e28n16>
                            <42*e28n17>
                            <42*e28n18>
                            <42*e29n01>
                            <42*e29n02>
                            <42*e29n03>
                            <42*e29n04>
                            <42*e29n05>
                            <42*e29n06>
                            <42*e29n07>
                            <42*e29n08>
                            <42*e29n09>
                            <42*e29n10>
                            <42*e29n11>
                            <42*e29n12>
                            <42*e29n13>
                            <42*e29n14>
                            <42*e29n15>
                            <42*e29n16>
                            <42*e29n17>
                            <42*e29n18>
                            <42*e30n01>
                            <42*e30n02>
                            <42*e30n03>
                            <42*e30n04>
                            <42*e30n05>
                            <42*e30n06>
                            <42*e30n07>
                            <42*e30n08>
                            <42*e30n09>
                            <42*e30n10>
                            <42*e30n11>
                            <42*e30n12>
                            <42*e30n13>
                            <42*e30n14>
                            <42*e30n15>
                            <42*e30n16>
                            <42*e30n17>
                            <42*e30n18>
                            <42*e31n01>
                            <42*e31n02>
                            <42*e31n03>
                            <42*e31n04>
                            <42*e31n05>
                            <42*e31n06>
                            <42*e31n07>
                            <42*e31n08>
                            <42*e31n09>
                            <42*e31n10>
                            <42*e31n11>
                            <42*e31n12>
                            <42*e31n13>
                            <42*e31n14>
                            <42*e31n15>
                            <42*e31n16>
                            <42*e31n17>
                            <42*e31n18>
                            <42*e32n01>
                            <42*e32n02>
                            <42*e32n03>
                            <42*e32n04>
                            <42*e32n05>
                            <42*e32n06>
                            <42*e32n07>
                            <42*e32n08>
                            <42*e32n09>
                            <42*e32n10>
                            <42*e32n11>
                            <42*e32n12>
                            <42*e32n13>
                            <42*e32n14>
                            <42*e32n15>
                            <42*e32n16>
                            <42*e32n17>
                            <42*e32n18>
                            <42*e33n01>
                            <42*e33n02>
                            <42*e33n03>
                            <42*e33n04>
                            <42*e33n05>
                            <42*e33n06>
                            <42*e33n07>
                            <42*e33n08>
                            <42*e33n09>
                            <42*e33n10>
                            <42*e33n11>
                            <42*e33n12>
                            <42*e33n13>
                            <42*e33n14>
                            <42*e33n15>
                            <42*e33n16>
                            <42*e33n17>
                            <42*e33n18>
                            <42*e34n01>
                            <42*e34n02>
                            <42*e34n03>
                            <42*e34n04>
                            <42*e34n05>
                            <42*e34n06>
                            <42*e34n07>
                            <42*e34n08>
                            <42*e34n09>
                            <42*e34n10>
                            <42*e34n11>
                            <42*e34n12>
                            <42*e34n13>
                            <42*e34n14>
                            <42*e34n15>
                            <42*e34n16>
                            <42*e34n17>
                            <42*e34n18>
                            <42*e35n01>
                            <42*e35n02>
                            <42*e35n03>
                            <42*e35n04>
                            <42*e35n05>
                            <42*e35n06>
                            <42*e35n07>
                            <42*e35n08>
                            <42*e35n09>
                            <42*e35n10>
                            <42*e35n11>
                            <42*e35n12>
                            <42*e35n13>
                            <42*e35n14>
                            <42*e35n15>
                            <42*e35n16>
                            <42*e35n17>
                            <42*e35n18>
                            <42*e36n01>
                            <42*e36n02>
                            <42*e36n03>
                            <42*e36n04>
                            <42*e36n05>
                            <42*e36n06>
                            <42*e36n07>
                            <42*e36n08>
                            <42*e36n09>
                            <42*e36n10>
                            <42*e36n11>
                            <42*e36n12>
                            <42*e36n13>
                            <42*e36n14>
                            <42*e36n15>
                            <42*e36n16>
                            <42*e36n17>
                            <42*e36n18>
                            <42*f01n01>
                            <42*f01n02>
                            <42*f01n03>
                            <42*f01n04>
                            <42*f01n05>
                            <42*f01n06>
                            <42*f01n07>
                            <42*f01n08>
                            <42*f01n09>
                            <42*f01n10>
                            <42*f01n11>
                            <42*f01n12>
                            <42*f01n13>
                            <42*f01n14>
                            <42*f01n15>
                            <42*f01n16>
                            <42*f01n17>
                            <42*f01n18>
                            <42*f02n01>
                            <42*f02n02>
                            <42*f02n03>
                            <42*f02n04>
                            <42*f02n05>
                            <42*f02n06>
                            <42*f02n07>
                            <42*f02n08>
                            <42*f02n09>
                            <42*f02n10>
                            <42*f02n11>
                            <42*f02n12>
                            <42*f02n13>
                            <42*f02n14>
                            <42*f02n15>
                            <42*f02n16>
                            <42*f02n17>
                            <42*f02n18>
                            <42*f03n01>
                            <42*f03n02>
                            <42*f03n03>
                            <42*f03n04>
                            <42*f03n05>
                            <42*f03n06>
                            <42*f03n07>
                            <42*f03n08>
                            <42*f03n09>
                            <42*f03n10>
                            <42*f03n11>
                            <42*f03n12>
                            <42*f03n13>
                            <42*f03n14>
                            <42*f03n15>
                            <42*f03n16>
                            <42*f03n17>
                            <42*f03n18>
                            <42*f04n01>
                            <42*f04n02>
                            <42*f04n03>
                            <42*f04n04>
                            <42*f04n05>
                            <42*f04n06>
                            <42*f04n07>
                            <42*f04n08>
                            <42*f04n09>
                            <42*f04n10>
                            <42*f04n11>
                            <42*f04n12>
                            <42*f04n13>
                            <42*f04n14>
                            <42*f04n15>
                            <42*f04n16>
                            <42*f04n17>
                            <42*f04n18>
                            <42*f05n01>
                            <42*f05n02>
                            <42*f05n03>
                            <42*f05n04>
                            <42*f05n05>
                            <42*f05n06>
                            <42*f05n07>
                            <42*f05n08>
                            <42*f05n09>
                            <42*f05n10>
                            <42*f05n11>
                            <42*f05n12>
                            <42*f05n13>
                            <42*f05n14>
                            <42*f05n15>
                            <42*f05n16>
                            <42*f05n17>
                            <42*f05n18>
                            <42*f06n01>
                            <42*f06n02>
                            <42*f06n03>
                            <42*f06n04>
                            <42*f06n05>
                            <42*f06n06>
                            <42*f06n07>
                            <42*f06n08>
                            <42*f06n09>
                            <42*f06n10>
                            <42*f06n11>
                            <42*f06n12>
                            <42*f06n13>
                            <42*f06n14>
                            <42*f06n15>
                            <42*f06n16>
                            <42*f06n17>
                            <42*f06n18>
                            <42*f07n01>
                            <42*f07n02>
                            <42*f07n03>
                            <42*f07n04>
                            <42*f07n05>
                            <42*f07n06>
                            <42*f07n07>
                            <42*f07n08>
                            <42*f07n09>
                            <42*f07n10>
                            <42*f07n11>
                            <42*f07n12>
                            <42*f07n13>
                            <42*f07n14>
                            <42*f07n15>
                            <42*f07n16>
                            <42*f07n17>
                            <42*f07n18>
                            <42*f08n01>
                            <42*f08n02>
                            <42*f08n03>
                            <42*f08n04>
                            <42*f08n05>
                            <42*f08n06>
                            <42*f08n07>
                            <42*f08n08>
                            <42*f08n09>
                            <42*f08n10>
                            <42*f08n11>
                            <42*f08n12>
                            <42*f08n13>
                            <42*f08n14>
                            <42*f08n15>
                            <42*f08n16>
                            <42*f08n17>
                            <42*f08n18>
                            <42*f09n01>
                            <42*f09n02>
                            <42*f09n03>
                            <42*f09n04>
                            <42*f09n05>
                            <42*f09n06>
                            <42*f09n07>
                            <42*f09n08>
                            <42*f09n09>
                            <42*f09n10>
                            <42*f09n11>
                            <42*f09n12>
                            <42*f09n13>
                            <42*f09n14>
                            <42*f09n15>
                            <42*f09n16>
                            <42*f09n17>
                            <42*f09n18>
                            <42*f10n01>
                            <42*f10n02>
                            <42*f10n03>
                            <42*f10n04>
                            <42*f10n05>
                            <42*f10n06>
                            <42*f10n07>
                            <42*f10n08>
                            <42*f10n09>
                            <42*f10n10>
                            <42*f10n11>
                            <42*f10n12>
                            <42*f10n13>
                            <42*f10n14>
                            <42*f10n15>
                            <42*f10n16>
                            <42*f10n17>
                            <42*f10n18>
                            <42*f11n01>
                            <42*f11n02>
                            <42*f11n03>
                            <42*f11n04>
                            <42*f11n05>
                            <42*f11n06>
                            <42*f11n07>
                            <42*f11n08>
                            <42*f11n09>
                            <42*f11n10>
                            <42*f11n11>
                            <42*f11n12>
</ccs/home/arodriguez> was used as the home directory.
</ccs/home/arodriguez/med112/task0101113/output/FullRun/SUBMIT> was used as the working directory.
Started at Fri Dec 31 21:34:27 2021
Terminated at Fri Dec 31 21:35:00 2021
Results reported at Fri Dec 31 21:35:00 2021

The output (if any) is above this job summary.



PS:

Read file <all.s1.run2.HIS.binary.stderr> for stderr output of this job.

