
------------------------------------------------------------
Sender: LSF System <lsfadmin@batch5>
Subject: Job 1700847: <all.s1.bin.ASN> in cluster <summit> Exited

Job <all.s1.bin.ASN> was submitted from host <login3> by user <arodriguez> in cluster <summit> at Fri Dec 17 16:25:15 2021
Job was executed on host(s) <1*batch5>, in queue <batch>, as user <arodriguez> in cluster <summit> at Thu Dec 30 12:54:13 2021
                            <42*a01n01>
                            <42*a01n02>
                            <42*a01n03>
                            <42*a01n04>
                            <42*a01n05>
                            <42*a01n06>
                            <42*a01n07>
                            <42*a01n08>
                            <42*a01n09>
                            <42*a01n10>
                            <42*a01n11>
                            <42*a01n12>
                            <42*a01n13>
                            <42*a01n14>
                            <42*a01n15>
                            <42*a01n16>
                            <42*a01n17>
                            <42*a01n18>
                            <42*a02n01>
                            <42*a02n02>
                            <42*a02n03>
                            <42*a02n04>
                            <42*a02n05>
                            <42*a02n06>
                            <42*a02n07>
                            <42*a02n08>
                            <42*a02n09>
                            <42*a02n10>
                            <42*a02n11>
                            <42*a02n12>
                            <42*a02n13>
                            <42*a02n14>
                            <42*a02n15>
                            <42*a02n16>
                            <42*a02n17>
                            <42*a02n18>
                            <42*a03n01>
                            <42*a03n02>
                            <42*a03n03>
                            <42*a03n04>
                            <42*a03n05>
                            <42*a03n06>
                            <42*a03n07>
                            <42*a03n08>
                            <42*a03n09>
                            <42*a03n10>
                            <42*a03n11>
                            <42*a03n12>
                            <42*a03n13>
                            <42*a03n14>
                            <42*a03n15>
                            <42*a03n16>
                            <42*a03n17>
                            <42*a03n18>
                            <42*a04n01>
                            <42*a04n02>
                            <42*a04n03>
                            <42*a04n04>
                            <42*a04n05>
                            <42*a04n06>
                            <42*a04n07>
                            <42*a04n08>
                            <42*a04n09>
                            <42*a04n10>
                            <42*a04n11>
                            <42*a04n12>
                            <42*a04n13>
                            <42*a04n14>
                            <42*a04n15>
                            <42*a04n16>
                            <42*a04n17>
                            <42*a04n18>
                            <42*a05n01>
                            <42*a05n02>
                            <42*a05n03>
                            <42*a05n04>
                            <42*a05n05>
                            <42*a05n06>
                            <42*a05n07>
                            <42*a05n08>
                            <42*a05n09>
                            <42*a05n10>
                            <42*a05n11>
                            <42*a05n12>
                            <42*a05n13>
                            <42*a05n14>
                            <42*a05n15>
                            <42*a05n16>
                            <42*a05n17>
                            <42*a05n18>
                            <42*a06n01>
                            <42*a06n02>
                            <42*a06n03>
                            <42*a06n04>
                            <42*a06n05>
                            <42*a06n06>
                            <42*a06n07>
                            <42*a06n08>
                            <42*a06n09>
                            <42*a06n10>
                            <42*a06n11>
                            <42*a06n12>
                            <42*a06n13>
                            <42*a06n14>
                            <42*a06n15>
                            <42*a06n16>
                            <42*a06n17>
                            <42*a06n18>
                            <42*a07n01>
                            <42*a07n02>
                            <42*a07n03>
                            <42*a07n04>
                            <42*a07n05>
                            <42*a07n06>
                            <42*a07n07>
                            <42*a07n08>
                            <42*a07n09>
                            <42*a07n10>
                            <42*a07n11>
                            <42*a07n12>
                            <42*a07n13>
                            <42*a07n14>
                            <42*a07n15>
                            <42*a07n16>
                            <42*a07n17>
                            <42*a07n18>
                            <42*a08n01>
                            <42*a08n02>
                            <42*a08n03>
                            <42*a08n04>
                            <42*a08n05>
                            <42*a08n06>
                            <42*a08n07>
                            <42*a08n08>
                            <42*a08n09>
                            <42*a08n10>
                            <42*a08n11>
                            <42*a08n12>
                            <42*a08n13>
                            <42*a08n14>
                            <42*a08n15>
                            <42*a08n16>
                            <42*a08n17>
                            <42*a08n18>
                            <42*a09n01>
                            <42*a09n02>
                            <42*a09n03>
                            <42*a09n04>
                            <42*a09n05>
                            <42*a09n06>
                            <42*a09n07>
                            <42*a09n08>
                            <42*a09n09>
                            <42*a09n10>
                            <42*a09n11>
                            <42*a09n12>
                            <42*a09n13>
                            <42*a09n14>
                            <42*a09n15>
                            <42*a09n16>
                            <42*a09n17>
                            <42*a09n18>
                            <42*a10n01>
                            <42*a10n02>
                            <42*a10n03>
                            <42*a10n04>
                            <42*a10n05>
                            <42*a10n06>
                            <42*a10n07>
                            <42*a10n08>
                            <42*a10n09>
                            <42*a10n10>
                            <42*a10n11>
                            <42*a10n12>
                            <42*a10n13>
                            <42*a10n14>
                            <42*a10n15>
                            <42*a10n16>
                            <42*a10n17>
                            <42*a10n18>
                            <42*a11n01>
                            <42*a11n02>
                            <42*a11n03>
                            <42*a11n04>
                            <42*a11n05>
                            <42*a11n06>
                            <42*a11n07>
                            <42*a11n08>
                            <42*a11n09>
                            <42*a11n10>
                            <42*a11n11>
                            <42*a11n12>
                            <42*a11n13>
                            <42*a11n14>
                            <42*a11n15>
                            <42*a11n16>
                            <42*a11n17>
                            <42*a11n18>
                            <42*a12n01>
                            <42*a12n02>
                            <42*a12n03>
                            <42*a12n04>
                            <42*a12n05>
                            <42*a12n06>
                            <42*a12n07>
                            <42*a12n08>
                            <42*a12n09>
                            <42*a12n10>
                            <42*a12n11>
                            <42*a12n12>
                            <42*a12n13>
                            <42*a12n14>
                            <42*a12n15>
                            <42*a12n16>
                            <42*a12n17>
                            <42*a12n18>
                            <42*a13n01>
                            <42*a13n02>
                            <42*a13n03>
                            <42*a13n04>
                            <42*a13n05>
                            <42*a13n06>
                            <42*a13n07>
                            <42*a13n08>
                            <42*a13n09>
                            <42*a13n10>
                            <42*a13n11>
                            <42*a13n12>
                            <42*a13n13>
                            <42*a13n14>
                            <42*a13n15>
                            <42*a13n16>
                            <42*a13n17>
                            <42*a13n18>
                            <42*a14n01>
                            <42*a14n02>
                            <42*a14n03>
                            <42*a14n04>
                            <42*a14n05>
                            <42*a14n06>
                            <42*a14n07>
                            <42*a14n08>
                            <42*a14n09>
                            <42*a14n10>
                            <42*a14n11>
                            <42*a14n12>
                            <42*a14n13>
                            <42*a14n14>
                            <42*a14n15>
                            <42*a14n16>
                            <42*a14n17>
                            <42*a14n18>
                            <42*a15n01>
                            <42*a15n02>
                            <42*a15n03>
                            <42*a15n04>
                            <42*a15n05>
                            <42*a15n06>
                            <42*a15n07>
                            <42*a15n08>
                            <42*a15n09>
                            <42*a15n10>
                            <42*a15n11>
                            <42*a15n12>
                            <42*a15n13>
                            <42*a15n14>
                            <42*a15n15>
                            <42*a15n16>
                            <42*a15n17>
                            <42*a15n18>
                            <42*a16n01>
                            <42*a16n02>
                            <42*a16n03>
                            <42*a16n04>
                            <42*a16n05>
                            <42*a16n06>
                            <42*a16n07>
                            <42*a16n08>
                            <42*a16n09>
                            <42*a16n10>
                            <42*a16n11>
                            <42*a16n12>
                            <42*a16n13>
                            <42*a16n14>
                            <42*a16n15>
                            <42*a16n16>
                            <42*a16n17>
                            <42*a16n18>
                            <42*a17n01>
                            <42*a17n02>
                            <42*a17n03>
                            <42*a17n04>
                            <42*a17n05>
                            <42*a17n06>
                            <42*a17n07>
                            <42*a17n08>
                            <42*a17n09>
                            <42*a17n10>
                            <42*a17n11>
                            <42*a17n12>
                            <42*a17n13>
                            <42*a17n14>
                            <42*a17n15>
                            <42*a17n16>
                            <42*a17n17>
                            <42*a17n18>
                            <42*a18n01>
                            <42*a18n02>
                            <42*a18n03>
                            <42*a18n04>
                            <42*a18n05>
                            <42*a18n06>
                            <42*a18n07>
                            <42*a18n08>
                            <42*a18n09>
                            <42*a18n10>
                            <42*a18n11>
                            <42*a18n12>
                            <42*a18n13>
                            <42*a18n14>
                            <42*a18n15>
                            <42*a18n16>
                            <42*a18n17>
                            <42*a18n18>
                            <42*a19n01>
                            <42*a19n02>
                            <42*a19n03>
                            <42*a19n04>
                            <42*a19n05>
                            <42*a19n06>
                            <42*a19n07>
                            <42*a19n08>
                            <42*a19n09>
                            <42*a19n10>
                            <42*a19n11>
                            <42*a19n12>
                            <42*a19n13>
                            <42*a19n14>
                            <42*a19n15>
                            <42*a19n16>
                            <42*a19n17>
                            <42*a19n18>
                            <42*a20n01>
                            <42*a20n02>
                            <42*a20n03>
                            <42*a20n04>
                            <42*a20n05>
                            <42*a20n06>
                            <42*a20n07>
                            <42*a20n08>
                            <42*a20n09>
                            <42*a20n10>
                            <42*a20n11>
                            <42*a20n12>
                            <42*a20n13>
                            <42*a20n14>
                            <42*a20n15>
                            <42*a20n16>
                            <42*a20n17>
                            <42*a20n18>
                            <42*a21n01>
                            <42*a21n02>
                            <42*a21n03>
                            <42*a21n04>
                            <42*a21n05>
                            <42*a21n06>
                            <42*a21n07>
                            <42*a21n08>
                            <42*a21n09>
                            <42*a21n10>
                            <42*a21n11>
                            <42*a21n12>
                            <42*a21n13>
                            <42*a21n14>
                            <42*a21n15>
                            <42*a21n16>
                            <42*a21n17>
                            <42*a21n18>
                            <42*a22n01>
                            <42*a22n02>
                            <42*a22n03>
                            <42*a22n04>
                            <42*a22n05>
                            <42*a22n06>
                            <42*a22n07>
                            <42*a22n08>
                            <42*a22n09>
                            <42*a22n10>
                            <42*a22n11>
                            <42*a22n12>
                            <42*a22n13>
                            <42*a22n14>
                            <42*a22n15>
                            <42*a22n16>
                            <42*a22n17>
                            <42*a22n18>
                            <42*a23n01>
                            <42*a23n02>
                            <42*a23n03>
                            <42*a23n04>
                            <42*a23n05>
                            <42*a23n06>
                            <42*a23n07>
                            <42*a23n08>
                            <42*a23n09>
                            <42*a23n10>
                            <42*a23n11>
                            <42*a23n12>
                            <42*a23n13>
                            <42*a23n14>
                            <42*a23n15>
                            <42*a23n16>
                            <42*a23n17>
                            <42*a23n18>
                            <42*a24n01>
                            <42*a24n02>
                            <42*a24n03>
                            <42*a24n04>
                            <42*a24n05>
                            <42*a24n06>
                            <42*a24n07>
                            <42*a24n08>
                            <42*a24n09>
                            <42*a24n10>
                            <42*a24n11>
                            <42*a24n12>
                            <42*a24n13>
                            <42*a24n14>
                            <42*a24n15>
                            <42*a24n16>
                            <42*a24n17>
                            <42*a24n18>
                            <42*a25n01>
                            <42*a25n02>
                            <42*a25n03>
                            <42*a25n04>
                            <42*a25n05>
                            <42*a25n06>
                            <42*a25n07>
                            <42*a25n08>
                            <42*a25n09>
                            <42*a25n10>
                            <42*a25n11>
                            <42*a25n12>
                            <42*a25n13>
                            <42*a25n14>
                            <42*a25n15>
                            <42*a25n16>
                            <42*a25n17>
                            <42*a25n18>
                            <42*a26n01>
                            <42*a26n02>
                            <42*a26n03>
                            <42*a26n04>
                            <42*a26n05>
                            <42*a26n06>
                            <42*a26n07>
                            <42*a26n08>
                            <42*a26n09>
                            <42*a26n10>
                            <42*a26n11>
                            <42*a26n12>
                            <42*a26n13>
                            <42*a26n14>
                            <42*a26n15>
                            <42*a26n16>
                            <42*a26n17>
                            <42*a26n18>
                            <42*a27n01>
                            <42*a27n02>
                            <42*a27n03>
                            <42*a27n04>
                            <42*a27n05>
                            <42*a27n06>
                            <42*a27n07>
                            <42*a27n08>
                            <42*a27n09>
                            <42*a27n10>
                            <42*a27n11>
                            <42*a27n12>
                            <42*a27n13>
                            <42*a27n14>
                            <42*a27n15>
                            <42*a27n16>
                            <42*a27n17>
                            <42*a27n18>
                            <42*a28n01>
                            <42*a28n02>
                            <42*a28n03>
                            <42*a28n04>
                            <42*a28n05>
                            <42*a28n06>
                            <42*a28n07>
                            <42*a28n08>
                            <42*a28n09>
                            <42*a28n10>
                            <42*a28n11>
                            <42*a28n12>
                            <42*a28n13>
                            <42*a28n14>
                            <42*a28n15>
                            <42*a28n16>
                            <42*a28n17>
                            <42*a28n18>
                            <42*a29n01>
                            <42*a29n02>
                            <42*a29n03>
                            <42*a29n04>
                            <42*a29n05>
                            <42*a29n06>
                            <42*a29n07>
                            <42*a29n08>
                            <42*a29n09>
                            <42*a29n10>
                            <42*a29n11>
                            <42*a29n12>
                            <42*a29n13>
                            <42*a29n14>
                            <42*a29n15>
                            <42*a29n16>
                            <42*a29n17>
                            <42*a29n18>
                            <42*a30n18>
                            <42*a30n17>
                            <42*a30n16>
                            <42*a30n15>
                            <42*a30n14>
                            <42*a30n13>
                            <42*a30n12>
                            <42*a30n11>
                            <42*a30n10>
                            <42*a30n09>
                            <42*a30n08>
                            <42*a30n07>
                            <42*a30n06>
                            <42*a30n05>
                            <42*a30n04>
                            <42*a30n03>
                            <42*a30n02>
                            <42*a30n01>
                            <42*a31n01>
                            <42*a31n02>
                            <42*a31n03>
                            <42*a31n04>
                            <42*a31n05>
                            <42*a31n06>
                            <42*a31n07>
                            <42*a31n08>
                            <42*a31n09>
                            <42*a31n10>
                            <42*a31n11>
                            <42*a31n12>
                            <42*a31n13>
                            <42*a31n14>
                            <42*a31n15>
                            <42*a31n16>
                            <42*a31n17>
                            <42*a31n18>
                            <42*a32n01>
                            <42*a32n02>
                            <42*a32n03>
                            <42*a32n04>
                            <42*a32n05>
                            <42*a32n06>
                            <42*a32n07>
                            <42*a32n08>
                            <42*a32n09>
                            <42*a32n10>
                            <42*a32n11>
                            <42*a32n12>
                            <42*a32n13>
                            <42*a32n14>
                            <42*a32n15>
                            <42*a32n16>
                            <42*a32n17>
                            <42*a32n18>
                            <42*a33n01>
                            <42*a33n02>
                            <42*a33n03>
                            <42*a33n04>
                            <42*a33n05>
                            <42*a33n06>
                            <42*a33n07>
                            <42*a33n08>
                            <42*a33n09>
                            <42*a33n10>
                            <42*a33n11>
                            <42*a33n12>
                            <42*a33n13>
                            <42*a33n14>
                            <42*a33n15>
                            <42*a33n16>
                            <42*a33n17>
                            <42*a33n18>
                            <42*a34n01>
                            <42*a34n02>
                            <42*a34n03>
                            <42*a34n04>
                            <42*a34n05>
                            <42*a34n06>
                            <42*a34n07>
                            <42*a34n08>
                            <42*a34n09>
                            <42*a34n10>
                            <42*a34n11>
                            <42*a34n12>
                            <42*a34n13>
                            <42*a34n14>
                            <42*a34n15>
                            <42*a34n16>
                            <42*a34n17>
                            <42*a34n18>
                            <42*a35n01>
                            <42*a35n02>
                            <42*a35n03>
                            <42*a35n04>
                            <42*a35n05>
                            <42*a35n06>
                            <42*a35n07>
                            <42*a35n08>
                            <42*a35n09>
                            <42*a35n10>
                            <42*a35n11>
                            <42*a35n12>
                            <42*a35n13>
                            <42*a35n14>
                            <42*a35n15>
                            <42*a35n16>
                            <42*a35n17>
                            <42*a35n18>
                            <42*a36n01>
                            <42*a36n02>
                            <42*a36n03>
                            <42*a36n04>
                            <42*a36n05>
                            <42*a36n06>
                            <42*a36n07>
                            <42*a36n08>
                            <42*a36n09>
                            <42*a36n10>
                            <42*a36n11>
                            <42*a36n12>
                            <42*a36n13>
                            <42*a36n14>
                            <42*a36n15>
                            <42*a36n16>
                            <42*a36n17>
                            <42*a36n18>
                            <42*b01n01>
                            <42*b01n02>
                            <42*b01n03>
                            <42*b01n04>
                            <42*b01n05>
                            <42*b01n06>
                            <42*b01n07>
                            <42*b01n08>
                            <42*b01n09>
                            <42*b01n10>
                            <42*b01n11>
                            <42*b01n12>
                            <42*b01n13>
                            <42*b01n14>
                            <42*b01n15>
                            <42*b01n16>
                            <42*b01n17>
                            <42*b01n18>
                            <42*b02n01>
                            <42*b02n02>
                            <42*b02n03>
                            <42*b02n04>
                            <42*b02n05>
                            <42*b02n06>
                            <42*b02n07>
                            <42*b02n08>
                            <42*b02n09>
                            <42*b02n10>
                            <42*b02n11>
                            <42*b02n12>
                            <42*b02n13>
                            <42*b02n14>
                            <42*b02n15>
                            <42*b02n16>
                            <42*b02n17>
                            <42*b02n18>
                            <42*b03n01>
                            <42*b03n02>
                            <42*b03n03>
                            <42*b03n04>
                            <42*b03n05>
                            <42*b03n06>
                            <42*b03n07>
                            <42*b03n08>
                            <42*b03n09>
                            <42*b03n10>
                            <42*b03n11>
                            <42*b03n12>
                            <42*b03n13>
                            <42*b03n14>
                            <42*b03n15>
                            <42*b03n16>
                            <42*b03n17>
                            <42*b03n18>
                            <42*b04n01>
                            <42*b04n02>
                            <42*b04n03>
                            <42*b04n04>
                            <42*b04n05>
                            <42*b04n06>
                            <42*b04n07>
                            <42*b04n08>
                            <42*b04n09>
                            <42*b04n10>
                            <42*b04n11>
                            <42*b04n12>
                            <42*b04n13>
                            <42*b04n14>
                            <42*b04n15>
                            <42*b04n16>
                            <42*b04n17>
                            <42*b04n18>
                            <42*b05n01>
                            <42*b05n02>
                            <42*b05n03>
                            <42*b05n04>
                            <42*b05n05>
                            <42*b05n06>
                            <42*b05n07>
                            <42*b05n08>
                            <42*b05n09>
                            <42*b05n10>
                            <42*b05n11>
                            <42*b05n12>
                            <42*b05n13>
                            <42*b05n14>
                            <42*b05n15>
                            <42*b05n16>
                            <42*b05n17>
                            <42*b05n18>
                            <42*b06n01>
                            <42*b06n02>
                            <42*b06n03>
                            <42*b06n04>
                            <42*b06n05>
                            <42*b06n06>
                            <42*b06n07>
                            <42*b06n08>
                            <42*b06n09>
                            <42*b06n10>
                            <42*b06n11>
                            <42*b06n12>
                            <42*b06n13>
                            <42*b06n14>
                            <42*b06n15>
                            <42*b06n16>
                            <42*b06n17>
                            <42*b06n18>
                            <42*b07n01>
                            <42*b07n02>
                            <42*b07n03>
                            <42*b07n04>
                            <42*b07n05>
                            <42*b07n06>
                            <42*b07n07>
                            <42*b07n08>
                            <42*b07n09>
                            <42*b07n10>
                            <42*b07n11>
                            <42*b07n12>
                            <42*b07n13>
                            <42*b07n14>
                            <42*b07n15>
                            <42*b07n16>
                            <42*b07n17>
                            <42*b07n18>
                            <42*b08n01>
                            <42*b08n02>
                            <42*b08n03>
                            <42*b08n04>
                            <42*b08n05>
                            <42*b08n06>
                            <42*b08n07>
                            <42*b08n08>
                            <42*b08n09>
                            <42*b08n10>
                            <42*b08n11>
                            <42*b08n12>
                            <42*b08n13>
                            <42*b08n14>
                            <42*b08n15>
                            <42*b08n16>
                            <42*b08n17>
                            <42*b08n18>
                            <42*b09n01>
                            <42*b09n02>
                            <42*b09n03>
                            <42*b09n04>
                            <42*b09n05>
                            <42*b09n06>
                            <42*b09n07>
                            <42*b09n08>
                            <42*b09n09>
                            <42*b09n10>
                            <42*b09n11>
                            <42*b09n12>
                            <42*b09n13>
                            <42*b09n14>
                            <42*b09n15>
                            <42*b09n16>
                            <42*b09n17>
                            <42*b09n18>
                            <42*b10n01>
                            <42*b10n02>
                            <42*b10n03>
                            <42*b10n04>
                            <42*b10n05>
                            <42*b10n06>
                            <42*b10n07>
                            <42*b10n08>
                            <42*b10n09>
                            <42*b10n10>
                            <42*b10n11>
                            <42*b10n12>
                            <42*b10n13>
                            <42*b10n14>
                            <42*b10n15>
                            <42*b10n16>
                            <42*b10n17>
                            <42*b10n18>
                            <42*b11n01>
                            <42*b11n02>
                            <42*b11n03>
                            <42*b11n04>
                            <42*b11n05>
                            <42*b11n06>
                            <42*b11n07>
                            <42*b11n08>
                            <42*b11n09>
                            <42*b11n10>
                            <42*b11n11>
                            <42*b11n12>
                            <42*b11n13>
                            <42*b11n14>
                            <42*b11n15>
                            <42*b11n16>
                            <42*b11n17>
                            <42*b11n18>
                            <42*b12n01>
                            <42*b12n02>
                            <42*b12n03>
                            <42*b12n04>
                            <42*b12n05>
                            <42*b12n06>
                            <42*b12n07>
                            <42*b12n08>
                            <42*b12n09>
                            <42*b12n10>
                            <42*b12n11>
                            <42*b12n12>
                            <42*b12n13>
                            <42*b12n14>
                            <42*b12n15>
                            <42*b12n16>
                            <42*b12n17>
                            <42*b12n18>
                            <42*b13n01>
                            <42*b13n02>
                            <42*b13n03>
                            <42*b13n04>
                            <42*b13n05>
                            <42*b13n06>
                            <42*b13n07>
                            <42*b13n08>
                            <42*b13n09>
                            <42*b13n10>
                            <42*b13n11>
                            <42*b13n12>
                            <42*b13n13>
                            <42*b13n14>
                            <42*b13n15>
                            <42*b13n16>
                            <42*b13n17>
                            <42*b13n18>
                            <42*b14n18>
                            <42*b14n17>
                            <42*b14n16>
                            <42*b14n15>
                            <42*b14n14>
                            <42*b14n01>
                            <42*b14n02>
                            <42*b14n03>
                            <42*b14n04>
                            <42*b14n05>
                            <42*b14n06>
                            <42*b14n07>
                            <42*b14n08>
                            <42*b14n09>
                            <42*b14n10>
                            <42*b14n11>
                            <42*b14n12>
                            <42*b14n13>
                            <42*b15n01>
                            <42*b15n02>
                            <42*b15n03>
                            <42*b15n04>
                            <42*b15n05>
                            <42*b15n06>
                            <42*b15n07>
                            <42*b15n08>
                            <42*b15n09>
                            <42*b15n10>
                            <42*b15n11>
                            <42*b15n12>
                            <42*b15n13>
                            <42*b15n14>
                            <42*b15n15>
                            <42*b15n16>
                            <42*b15n17>
                            <42*b15n18>
                            <42*b16n01>
                            <42*b16n02>
                            <42*b16n03>
                            <42*b16n04>
                            <42*b16n05>
                            <42*b16n06>
                            <42*b16n07>
                            <42*b16n08>
                            <42*b16n09>
                            <42*b16n10>
                            <42*b16n11>
                            <42*b16n12>
                            <42*b16n13>
                            <42*b16n14>
                            <42*b16n15>
                            <42*b16n16>
                            <42*b16n17>
                            <42*b16n18>
                            <42*b17n01>
                            <42*b17n02>
                            <42*b17n03>
                            <42*b17n04>
                            <42*b17n05>
                            <42*b17n06>
                            <42*b17n07>
                            <42*b17n08>
                            <42*b17n09>
                            <42*b17n10>
                            <42*b17n11>
                            <42*b17n12>
                            <42*b17n13>
                            <42*b17n14>
                            <42*b17n15>
                            <42*b17n16>
                            <42*b17n17>
                            <42*b17n18>
                            <42*b18n01>
                            <42*b18n02>
                            <42*b18n03>
                            <42*b18n04>
                            <42*b18n05>
                            <42*b18n06>
                            <42*b18n07>
                            <42*b18n08>
                            <42*b18n09>
                            <42*b18n10>
                            <42*b18n11>
                            <42*b18n12>
                            <42*b18n13>
                            <42*b18n14>
                            <42*b18n15>
                            <42*b18n16>
                            <42*b18n17>
                            <42*b18n18>
                            <42*b19n01>
                            <42*b19n02>
                            <42*b19n03>
                            <42*b19n04>
                            <42*b19n05>
                            <42*b19n06>
                            <42*b19n07>
                            <42*b19n08>
                            <42*b19n09>
                            <42*b19n10>
                            <42*b19n11>
                            <42*b19n12>
                            <42*b19n13>
                            <42*b19n14>
                            <42*b19n15>
                            <42*b19n16>
                            <42*b19n17>
                            <42*b19n18>
                            <42*b20n01>
                            <42*b20n02>
                            <42*b20n03>
                            <42*b20n04>
                            <42*b20n05>
                            <42*b20n06>
                            <42*b20n07>
                            <42*b20n08>
                            <42*b20n09>
                            <42*b20n10>
</ccs/home/arodriguez> was used as the home directory.
</ccs/home/arodriguez/med112/task0101113/output/FullRun/SUBMIT> was used as the working directory.
Started at Thu Dec 30 12:54:13 2021
Terminated at Thu Dec 30 12:54:44 2021
Results reported at Thu Dec 30 12:54:44 2021

The output (if any) is above this job summary.



PS:

Read file <all.s1.run2.bin.ASN.stderr> for stderr output of this job.

