-------------------------------------------------------------------------------
There are messages associated with the following module(s):
-------------------------------------------------------------------------------

cuda/11.1.1:
  This modulefile is provided for testing purposes only. If you encounter
  issues, please report them to help@olcf.ornl.gov.

-------------------------------------------------------------------------------

[NVBLAS] NVBLAS_CONFIG_FILE environment variable is set to '/ccs/home/arodriguez/gemm/nvblas.conf'
[NVBLAS] Cannot Log File '/ccs/home/arodriguez/gemm/nvblas.log'
[NVBLAS] Using devices :0 2 4 
[NVBLAS] Config parsed
[NVBLAS] NVBLAS_CONFIG_FILE environment variable is set to '/ccs/home/arodriguez/gemm/nvblas.conf'
[NVBLAS] Cannot Log File '/ccs/home/arodriguez/gemm/nvblas.log'
[NVBLAS] Using devices :0 2 4 
[NVBLAS] Config parsed
[NVBLAS] NVBLAS_CONFIG_FILE environment variable is set to '/ccs/home/arodriguez/gemm/nvblas.conf'
[NVBLAS] Cannot Log File '/ccs/home/arodriguez/gemm/nvblas.log'
[NVBLAS] Using devices :0 2 4 
[NVBLAS] Config parsed
[NVBLAS] NVBLAS_CONFIG_FILE environment variable is set to '/ccs/home/arodriguez/gemm/nvblas.conf'
[NVBLAS] Cannot Log File '/ccs/home/arodriguez/gemm/nvblas.log'
[NVBLAS] Using devices :0 2 4 
[NVBLAS] Config parsed
[NVBLAS] NVBLAS_CONFIG_FILE environment variable is set to '/ccs/home/arodriguez/gemm/nvblas.conf'
[NVBLAS] Cannot Log File '/ccs/home/arodriguez/gemm/nvblas.log'
[NVBLAS] NVBLAS_CONFIG_FILE environment variable is set to '/ccs/home/arodriguez/gemm/nvblas.conf'
[NVBLAS] Cannot Log File '/ccs/home/arodriguez/gemm/nvblas.log'
[NVBLAS] Using devices :0 2 4 
[NVBLAS] Config parsed
[NVBLAS] Using devices :0 2 4 
[NVBLAS] Config parsed
[NVBLAS] cublasXtDeviceSelect FAILED
[NVBLAS] cublasXtDeviceSelect FAILED
[NVBLAS] NVBLAS_CONFIG_FILE environment variable is set to '/ccs/home/arodriguez/gemm/nvblas.conf'
[NVBLAS] Cannot Log File '/ccs/home/arodriguez/gemm/nvblas.log'
[NVBLAS] NVBLAS_CONFIG_FILE environment variable is set to '/ccs/home/arodriguez/gemm/nvblas.conf'
[NVBLAS] Cannot Log File '/ccs/home/arodriguez/gemm/nvblas.log'
[NVBLAS] Using devices :0 2 4 
[NVBLAS] Config parsed
[NVBLAS] Using devices :0 2 4 
[NVBLAS] Config parsed
[NVBLAS] cublasXtDeviceSelect FAILED
[NVBLAS] cublasXtDeviceSelect FAILED
[NVBLAS] NVBLAS_CONFIG_FILE environment variable is set to '/ccs/home/arodriguez/gemm/nvblas.conf'
[NVBLAS] Cannot Log File '/ccs/home/arodriguez/gemm/nvblas.log'
[NVBLAS] Using devices :0 2 4 
[NVBLAS] Config parsed
[NVBLAS] NVBLAS_CONFIG_FILE environment variable is set to '/ccs/home/arodriguez/gemm/nvblas.conf'
[NVBLAS] Cannot Log File '/ccs/home/arodriguez/gemm/nvblas.log'
[NVBLAS] Using devices :0 2 4 
[NVBLAS] Config parsed
[NVBLAS] NVBLAS_CONFIG_FILE environment variable is set to '/ccs/home/arodriguez/gemm/nvblas.conf'
[NVBLAS] Cannot Log File '/ccs/home/arodriguez/gemm/nvblas.log'
[NVBLAS] Using devices :0 2 4 
[NVBLAS] Config parsed
[NVBLAS] cublasXtDeviceSelect FAILED
sh: line 1: 4173174 Aborted                 (core dumped) /usr/bin/which 'uname' 2> /dev/null
[NVBLAS] NVBLAS_CONFIG_FILE environment variable is set to '/ccs/home/arodriguez/gemm/nvblas.conf'
[NVBLAS] Cannot Log File '/ccs/home/arodriguez/gemm/nvblas.log'
[NVBLAS] Using devices :0 2 4 
[NVBLAS] Config parsed
[NVBLAS] cublasXtDeviceSelect FAILED
sh: line 1: 251281 Aborted                 (core dumped) /usr/bin/which 'uname' 2> /dev/null
Warning: PAMI CUDA HOOK disabled
Warning: PAMI CUDA HOOK disabled
[NVBLAS] sgemm[gpu]: ta=T, tb=N, m=231, n=231, k=171951
[NVBLAS] sgemm[cpu]: ta=N, tb=N, m=14, n=14, k=231
[NVBLAS] sgemm[cpu]: ta=N, tb=N, m=14, n=14, k=231
[NVBLAS] sgemm[cpu]: ta=N, tb=N, m=14, n=14, k=231
[NVBLAS] sgemm[cpu]: ta=N, tb=N, m=14, n=14, k=231
[NVBLAS] sgemm[cpu]: ta=N, tb=N, m=14, n=14, k=231
[NVBLAS] sgemm[cpu]: ta=N, tb=N, m=14, n=14, k=231
[NVBLAS] sgemm[cpu]: ta=N, tb=N, m=14, n=14, k=231
[NVBLAS] sgemm[cpu]: ta=N, tb=N, m=14, n=14, k=231
[NVBLAS] sgemm[cpu]: ta=N, tb=N, m=14, n=14, k=231
[NVBLAS] sgemm[cpu]: ta=N, tb=N, m=14, n=14, k=231
[NVBLAS] sgemm[cpu]: ta=N, tb=N, m=14, n=14, k=231
[NVBLAS] sgemm[cpu]: ta=N, tb=N, m=14, n=14, k=231
[NVBLAS] sgemm[cpu]: ta=N, tb=N, m=14, n=14, k=231
[NVBLAS] sgemm[cpu]: ta=N, tb=N, m=14, n=14, k=231
[NVBLAS] sgemm[cpu]: ta=N, tb=N, m=14, n=14, k=231
[NVBLAS] sgemm[cpu]: ta=N, tb=N, m=14, n=14, k=231
[NVBLAS] sgemm[cpu]: ta=N, tb=N, m=14, n=14, k=231
[NVBLAS] sgemm[cpu]: ta=N, tb=N, m=14, n=14, k=231
[NVBLAS] sgemm[cpu]: ta=N, tb=N, m=14, n=14, k=231
[NVBLAS] sgemm[cpu]: ta=N, tb=N, m=14, n=14, k=231
[NVBLAS] sgemm[cpu]: ta=N, tb=N, m=14, n=14, k=231
[NVBLAS] dgemm[cpu]: ta=N, tb=N, m=14, n=14, k=231
[NVBLAS] dgemm[cpu]: ta=N, tb=N, m=231, n=14, k=14
[NVBLAS] dgemm[cpu]: ta=N, tb=N, m=14, n=14, k=231
[NVBLAS] dgemm[cpu]: ta=N, tb=N, m=14, n=14, k=231
[NVBLAS] dgemm[cpu]: ta=N, tb=N, m=14, n=14, k=231
[NVBLAS] dgemm[cpu]: ta=N, tb=N, m=14, n=14, k=231
[NVBLAS] dgemm[cpu]: ta=N, tb=N, m=14, n=14, k=231
[NVBLAS] dgemm[cpu]: ta=N, tb=N, m=14, n=14, k=231
[NVBLAS] dgemm[cpu]: ta=N, tb=N, m=14, n=14, k=231
[NVBLAS] dgemm[cpu]: ta=N, tb=N, m=14, n=14, k=231
[NVBLAS] dgemm[cpu]: ta=N, tb=N, m=14, n=14, k=231
[NVBLAS] dgemm[cpu]: ta=N, tb=N, m=14, n=14, k=231
[NVBLAS] dgemm[cpu]: ta=N, tb=N, m=14, n=14, k=231
[NVBLAS] dgemm[cpu]: ta=N, tb=N, m=14, n=14, k=231
[NVBLAS] dgemm[cpu]: ta=N, tb=N, m=14, n=14, k=231
[NVBLAS] dgemm[cpu]: ta=N, tb=N, m=14, n=14, k=231
[NVBLAS] dgemm[cpu]: ta=N, tb=N, m=14, n=14, k=231
[NVBLAS] dgemm[cpu]: ta=N, tb=N, m=14, n=14, k=231
[NVBLAS] dgemm[cpu]: ta=N, tb=N, m=14, n=14, k=231
[NVBLAS] dgemm[cpu]: ta=N, tb=N, m=14, n=14, k=231
[NVBLAS] dgemm[cpu]: ta=N, tb=N, m=14, n=14, k=231
[NVBLAS] dgemm[cpu]: ta=N, tb=N, m=14, n=14, k=231
[NVBLAS] dgemm[cpu]: ta=N, tb=N, m=14, n=14, k=231
[NVBLAS] dgemm[cpu]: ta=N, tb=N, m=14, n=14, k=231
[NVBLAS] dgemm[cpu]: ta=N, tb=N, m=14, n=14, k=231
[NVBLAS] dgemm[cpu]: ta=N, tb=N, m=14, n=14, k=231
[NVBLAS] dgemm[cpu]: ta=N, tb=N, m=14, n=14, k=231
[NVBLAS] dgemm[cpu]: ta=N, tb=N, m=14, n=14, k=231
[NVBLAS] dgemm[cpu]: ta=N, tb=N, m=14, n=14, k=231
[NVBLAS] dgemm[cpu]: ta=N, tb=N, m=14, n=14, k=231
[NVBLAS] dgemm[cpu]: ta=N, tb=N, m=14, n=14, k=231
[NVBLAS] dgemm[cpu]: ta=N, tb=N, m=14, n=14, k=231
[NVBLAS] sgemm[gpu]: ta=T, tb=N, m=7938, n=7938, k=171951
[NVBLAS] sgemm[gpu]: ta=N, tb=N, m=14, n=14, k=7938
[NVBLAS] sgemm[gpu]: ta=N, tb=N, m=14, n=14, k=7938

error: inv_sympd(): matrix is singular or not positive definite
[NVBLAS] sgemm[gpu]: ta=N, tb=N, m=14, n=14, k=7938
[NVBLAS] sgemm[cpu]: ta=N, tb=T, m=14, n=14, k=13
[NVBLAS] sgemm[gpu]: ta=N, tb=N, m=14, n=14, k=7938
[NVBLAS] sgemm[gpu]: ta=N, tb=N, m=14, n=14, k=7938
[NVBLAS] sgemm[gpu]: ta=N, tb=N, m=14, n=14, k=7938
[NVBLAS] sgemm[gpu]: ta=N, tb=N, m=14, n=14, k=7938
[NVBLAS] sgemm[gpu]: ta=N, tb=N, m=14, n=14, k=7938
[NVBLAS] sgemm[gpu]: ta=N, tb=N, m=14, n=14, k=7938
[NVBLAS] sgemm[gpu]: ta=N, tb=N, m=14, n=14, k=7938
[NVBLAS] sgemm[gpu]: ta=N, tb=N, m=14, n=14, k=7938
[NVBLAS] sgemm[gpu]: ta=N, tb=N, m=14, n=14, k=7938
[NVBLAS] sgemm[gpu]: ta=N, tb=N, m=14, n=14, k=7938
[NVBLAS] sgemm[gpu]: ta=N, tb=N, m=14, n=14, k=7938

error: inv_sympd(): matrix is singular or not positive definite
[NVBLAS] sgemm[gpu]: ta=N, tb=N, m=14, n=14, k=7938
[NVBLAS] sgemm[cpu]: ta=N, tb=T, m=14, n=14, k=13
[NVBLAS] sgemm[gpu]: ta=N, tb=N, m=14, n=14, k=7938
[NVBLAS] sgemm[gpu]: ta=N, tb=N, m=14, n=14, k=7938
[NVBLAS] sgemm[gpu]: ta=N, tb=N, m=14, n=14, k=7938
[NVBLAS] sgemm[gpu]: ta=N, tb=N, m=14, n=14, k=7938
[NVBLAS] sgemm[gpu]: ta=N, tb=N, m=14, n=14, k=7938
[NVBLAS] sgemm[gpu]: ta=N, tb=N, m=14, n=14, k=7938
[NVBLAS] sgemm[gpu]: ta=N, tb=N, m=14, n=14, k=7938
[NVBLAS] sgemm[gpu]: ta=N, tb=N, m=14, n=14, k=7938
[NVBLAS] sgemm[gpu]: ta=N, tb=N, m=14, n=14, k=7938
[NVBLAS] sgemm[gpu]: ta=N, tb=N, m=14, n=14, k=7938
[NVBLAS] sgemm[gpu]: ta=N, tb=N, m=14, n=14, k=7938
[NVBLAS] dgemm[gpu]: ta=N, tb=N, m=14, n=14, k=7938
[NVBLAS] dgemm[cpu]: ta=N, tb=N, m=7938, n=14, k=14
[NVBLAS] dgemm[gpu]: ta=N, tb=N, m=14, n=14, k=7938
[NVBLAS] dgemm[gpu]: ta=N, tb=N, m=14, n=14, k=7938
[NVBLAS] dgemm[gpu]: ta=N, tb=N, m=14, n=14, k=7938
[NVBLAS] dgemm[gpu]: ta=N, tb=N, m=14, n=14, k=7938
[NVBLAS] dgemm[gpu]: ta=N, tb=N, m=14, n=14, k=7938
[NVBLAS] dgemm[gpu]: ta=N, tb=N, m=14, n=14, k=7938
[NVBLAS] dgemm[gpu]: ta=N, tb=N, m=14, n=14, k=7938
[NVBLAS] dgemm[gpu]: ta=N, tb=N, m=14, n=14, k=7938
[NVBLAS] dgemm[gpu]: ta=N, tb=N, m=14, n=14, k=7938
[NVBLAS] dgemm[gpu]: ta=N, tb=N, m=14, n=14, k=7938
[NVBLAS] dgemm[gpu]: ta=N, tb=N, m=14, n=14, k=7938
[NVBLAS] dgemm[gpu]: ta=N, tb=N, m=14, n=14, k=7938
[NVBLAS] dgemm[gpu]: ta=N, tb=N, m=14, n=14, k=7938
[NVBLAS] dgemm[gpu]: ta=N, tb=N, m=14, n=14, k=7938
[NVBLAS] dgemm[gpu]: ta=N, tb=N, m=14, n=14, k=7938
[NVBLAS] dgemm[gpu]: ta=N, tb=N, m=14, n=14, k=7938
[NVBLAS] dgemm[gpu]: ta=N, tb=N, m=14, n=14, k=7938
[NVBLAS] dgemm[gpu]: ta=N, tb=N, m=14, n=14, k=7938
[NVBLAS] dgemm[gpu]: ta=N, tb=N, m=14, n=14, k=7938
[NVBLAS] dgemm[gpu]: ta=N, tb=N, m=14, n=14, k=7938
[NVBLAS] dgemm[gpu]: ta=N, tb=N, m=14, n=14, k=7938
[NVBLAS] dgemm[gpu]: ta=N, tb=N, m=14, n=14, k=7938
[NVBLAS] dgemm[gpu]: ta=N, tb=N, m=14, n=14, k=7938
[NVBLAS] dgemm[gpu]: ta=N, tb=N, m=14, n=14, k=7938
[NVBLAS] dgemm[gpu]: ta=N, tb=N, m=14, n=14, k=7938
[NVBLAS] dgemm[gpu]: ta=N, tb=N, m=14, n=14, k=7938
[NVBLAS] dgemm[gpu]: ta=N, tb=N, m=14, n=14, k=7938
[NVBLAS] dgemm[gpu]: ta=N, tb=N, m=14, n=14, k=7938
[NVBLAS] dgemm[gpu]: ta=N, tb=N, m=14, n=14, k=7938
[NVBLAS] dgemm[gpu]: ta=N, tb=N, m=14, n=14, k=7938
[NVBLAS] sgemm[gpu]: ta=T, tb=N, m=231, n=231, k=171951
[NVBLAS] sgemm[cpu]: ta=N, tb=N, m=14, n=14, k=231
[NVBLAS] sgemm[cpu]: ta=N, tb=N, m=14, n=14, k=231
[NVBLAS] sgemm[cpu]: ta=N, tb=N, m=14, n=14, k=231
[NVBLAS] sgemm[cpu]: ta=N, tb=N, m=14, n=14, k=231
[NVBLAS] sgemm[cpu]: ta=N, tb=N, m=14, n=14, k=231
[NVBLAS] sgemm[cpu]: ta=N, tb=N, m=14, n=14, k=231
[NVBLAS] dgemm[cpu]: ta=N, tb=N, m=14, n=14, k=231
[NVBLAS] dgemm[cpu]: ta=N, tb=N, m=231, n=14, k=14
[NVBLAS] dgemm[cpu]: ta=N, tb=N, m=14, n=14, k=231
[NVBLAS] dgemm[cpu]: ta=N, tb=N, m=14, n=14, k=231
[NVBLAS] dgemm[cpu]: ta=N, tb=N, m=14, n=14, k=231
[NVBLAS] dgemm[cpu]: ta=N, tb=N, m=14, n=14, k=231
[NVBLAS] dgemm[cpu]: ta=N, tb=N, m=14, n=14, k=231
[NVBLAS] dgemm[cpu]: ta=N, tb=N, m=14, n=14, k=231
[NVBLAS] dgemm[cpu]: ta=N, tb=N, m=14, n=14, k=231
[NVBLAS] dgemm[cpu]: ta=N, tb=N, m=14, n=14, k=231
[NVBLAS] dgemm[cpu]: ta=N, tb=N, m=14, n=14, k=231
[NVBLAS] dgemm[cpu]: ta=N, tb=N, m=14, n=14, k=231
[NVBLAS] dgemm[cpu]: ta=N, tb=N, m=14, n=14, k=231
[NVBLAS] dgemm[cpu]: ta=N, tb=N, m=14, n=14, k=231
[NVBLAS] dgemm[cpu]: ta=N, tb=N, m=14, n=14, k=231
[NVBLAS] dgemm[cpu]: ta=N, tb=N, m=14, n=14, k=231
[NVBLAS] dgemm[cpu]: ta=N, tb=N, m=14, n=14, k=231
[NVBLAS] dgemm[cpu]: ta=N, tb=N, m=14, n=14, k=231
[NVBLAS] dgemm[cpu]: ta=N, tb=N, m=14, n=14, k=231
[NVBLAS] dgemm[cpu]: ta=N, tb=N, m=14, n=14, k=231
[NVBLAS] dgemm[cpu]: ta=N, tb=N, m=14, n=14, k=231
[NVBLAS] dgemm[cpu]: ta=N, tb=N, m=14, n=14, k=231
[NVBLAS] dgemm[cpu]: ta=N, tb=N, m=14, n=14, k=231
[NVBLAS] dgemm[cpu]: ta=N, tb=N, m=14, n=14, k=231
[NVBLAS] dgemm[cpu]: ta=N, tb=N, m=14, n=14, k=231
[NVBLAS] dgemm[cpu]: ta=N, tb=N, m=14, n=14, k=231
[NVBLAS] dgemm[cpu]: ta=N, tb=N, m=14, n=14, k=231
[NVBLAS] dgemm[cpu]: ta=N, tb=N, m=14, n=14, k=231
[NVBLAS] dgemm[cpu]: ta=N, tb=N, m=14, n=14, k=231
[NVBLAS] dgemm[cpu]: ta=N, tb=N, m=14, n=14, k=231
[NVBLAS] dgemm[cpu]: ta=N, tb=N, m=14, n=14, k=231
[NVBLAS] dgemm[cpu]: ta=N, tb=N, m=14, n=14, k=231
[NVBLAS] sgemm[gpu]: ta=T, tb=N, m=7948, n=7948, k=171951
[NVBLAS] sgemm[gpu]: ta=N, tb=N, m=14, n=14, k=7948

error: inv_sympd(): matrix is singular or not positive definite
[NVBLAS] sgemm[gpu]: ta=N, tb=N, m=14, n=14, k=7948
[NVBLAS] sgemm[cpu]: ta=N, tb=T, m=14, n=14, k=14
[NVBLAS] sgemm[gpu]: ta=N, tb=N, m=14, n=14, k=7948

error: inv_sympd(): matrix is singular or not positive definite
[NVBLAS] sgemm[gpu]: ta=N, tb=N, m=14, n=14, k=7948
[NVBLAS] sgemm[cpu]: ta=N, tb=T, m=14, n=14, k=14
[NVBLAS] sgemm[gpu]: ta=N, tb=N, m=14, n=14, k=7948
[NVBLAS] sgemm[gpu]: ta=N, tb=N, m=14, n=14, k=7948

error: inv_sympd(): matrix is singular or not positive definite
[NVBLAS] sgemm[gpu]: ta=N, tb=N, m=14, n=14, k=7948

error: pinv(): svd failed
Timing stopped at: 1264 4.03 856.9
[NVBLAS] sgemm[gpu]: ta=T, tb=N, m=231, n=231, k=171951
[NVBLAS] sgemm[cpu]: ta=N, tb=N, m=14, n=14, k=231
[NVBLAS] sgemm[cpu]: ta=N, tb=N, m=14, n=14, k=231
[NVBLAS] sgemm[cpu]: ta=N, tb=N, m=14, n=14, k=231
[NVBLAS] sgemm[cpu]: ta=N, tb=N, m=14, n=14, k=231
[NVBLAS] sgemm[cpu]: ta=N, tb=N, m=14, n=14, k=231
[NVBLAS] sgemm[cpu]: ta=N, tb=N, m=14, n=14, k=231
[NVBLAS] sgemm[cpu]: ta=N, tb=N, m=14, n=14, k=231
[NVBLAS] sgemm[cpu]: ta=N, tb=N, m=14, n=14, k=231
[NVBLAS] sgemm[cpu]: ta=N, tb=N, m=14, n=14, k=231
[NVBLAS] dgemm[cpu]: ta=N, tb=N, m=14, n=14, k=231
[NVBLAS] dgemm[cpu]: ta=N, tb=N, m=231, n=14, k=14
[NVBLAS] dgemm[cpu]: ta=N, tb=N, m=14, n=14, k=231
[NVBLAS] dgemm[cpu]: ta=N, tb=N, m=14, n=14, k=231
[NVBLAS] dgemm[cpu]: ta=N, tb=N, m=14, n=14, k=231
[NVBLAS] dgemm[cpu]: ta=N, tb=N, m=14, n=14, k=231
[NVBLAS] dgemm[cpu]: ta=N, tb=N, m=14, n=14, k=231
[NVBLAS] dgemm[cpu]: ta=N, tb=N, m=14, n=14, k=231
[NVBLAS] dgemm[cpu]: ta=N, tb=N, m=14, n=14, k=231
[NVBLAS] dgemm[cpu]: ta=N, tb=N, m=14, n=14, k=231
[NVBLAS] dgemm[cpu]: ta=N, tb=N, m=14, n=14, k=231
[NVBLAS] dgemm[cpu]: ta=N, tb=N, m=14, n=14, k=231
[NVBLAS] dgemm[cpu]: ta=N, tb=N, m=14, n=14, k=231
[NVBLAS] dgemm[cpu]: ta=N, tb=N, m=14, n=14, k=231
[NVBLAS] dgemm[cpu]: ta=N, tb=N, m=14, n=14, k=231
[NVBLAS] dgemm[cpu]: ta=N, tb=N, m=14, n=14, k=231
[NVBLAS] dgemm[cpu]: ta=N, tb=N, m=14, n=14, k=231
[NVBLAS] dgemm[cpu]: ta=N, tb=N, m=14, n=14, k=231
[NVBLAS] dgemm[cpu]: ta=N, tb=N, m=14, n=14, k=231
[NVBLAS] dgemm[cpu]: ta=N, tb=N, m=14, n=14, k=231
[NVBLAS] dgemm[cpu]: ta=N, tb=N, m=14, n=14, k=231
[NVBLAS] dgemm[cpu]: ta=N, tb=N, m=14, n=14, k=231
[NVBLAS] dgemm[cpu]: ta=N, tb=N, m=14, n=14, k=231
[NVBLAS] dgemm[cpu]: ta=N, tb=N, m=14, n=14, k=231
[NVBLAS] dgemm[cpu]: ta=N, tb=N, m=14, n=14, k=231
[NVBLAS] dgemm[cpu]: ta=N, tb=N, m=14, n=14, k=231
[NVBLAS] dgemm[cpu]: ta=N, tb=N, m=14, n=14, k=231
[NVBLAS] dgemm[cpu]: ta=N, tb=N, m=14, n=14, k=231
[NVBLAS] dgemm[cpu]: ta=N, tb=N, m=14, n=14, k=231
[NVBLAS] dgemm[cpu]: ta=N, tb=N, m=14, n=14, k=231
[NVBLAS] dgemm[cpu]: ta=N, tb=N, m=14, n=14, k=231
[NVBLAS] dgemm[cpu]: ta=N, tb=N, m=14, n=14, k=231
[NVBLAS] sgemm[gpu]: ta=T, tb=N, m=7987, n=7987, k=171951
[NVBLAS] sgemm[gpu]: ta=N, tb=N, m=14, n=14, k=7987

warning: inv_sympd(): given matrix is not symmetric
Timing stopped at: 722.9 3.576 721.1
[NVBLAS] sgemm[gpu]: ta=T, tb=N, m=231, n=231, k=171951
[NVBLAS] sgemm[cpu]: ta=N, tb=N, m=14, n=14, k=231
[NVBLAS] sgemm[cpu]: ta=N, tb=N, m=14, n=14, k=231
[NVBLAS] sgemm[cpu]: ta=N, tb=N, m=14, n=14, k=231
[NVBLAS] sgemm[cpu]: ta=N, tb=N, m=14, n=14, k=231
[NVBLAS] sgemm[cpu]: ta=N, tb=N, m=14, n=14, k=231
[NVBLAS] sgemm[cpu]: ta=N, tb=N, m=14, n=14, k=231
[NVBLAS] dgemm[cpu]: ta=N, tb=N, m=14, n=14, k=231
[NVBLAS] dgemm[cpu]: ta=N, tb=N, m=231, n=14, k=14
[NVBLAS] dgemm[cpu]: ta=N, tb=N, m=14, n=14, k=231
[NVBLAS] dgemm[cpu]: ta=N, tb=N, m=14, n=14, k=231
[NVBLAS] dgemm[cpu]: ta=N, tb=N, m=14, n=14, k=231
[NVBLAS] dgemm[cpu]: ta=N, tb=N, m=14, n=14, k=231
[NVBLAS] dgemm[cpu]: ta=N, tb=N, m=14, n=14, k=231
[NVBLAS] dgemm[cpu]: ta=N, tb=N, m=14, n=14, k=231
[NVBLAS] dgemm[cpu]: ta=N, tb=N, m=14, n=14, k=231
[NVBLAS] dgemm[cpu]: ta=N, tb=N, m=14, n=14, k=231
[NVBLAS] dgemm[cpu]: ta=N, tb=N, m=14, n=14, k=231
[NVBLAS] dgemm[cpu]: ta=N, tb=N, m=14, n=14, k=231
[NVBLAS] dgemm[cpu]: ta=N, tb=N, m=14, n=14, k=231
[NVBLAS] dgemm[cpu]: ta=N, tb=N, m=14, n=14, k=231
[NVBLAS] dgemm[cpu]: ta=N, tb=N, m=14, n=14, k=231
[NVBLAS] dgemm[cpu]: ta=N, tb=N, m=14, n=14, k=231
[NVBLAS] dgemm[cpu]: ta=N, tb=N, m=14, n=14, k=231
[NVBLAS] dgemm[cpu]: ta=N, tb=N, m=14, n=14, k=231
[NVBLAS] dgemm[cpu]: ta=N, tb=N, m=14, n=14, k=231
[NVBLAS] dgemm[cpu]: ta=N, tb=N, m=14, n=14, k=231
[NVBLAS] dgemm[cpu]: ta=N, tb=N, m=14, n=14, k=231
[NVBLAS] dgemm[cpu]: ta=N, tb=N, m=14, n=14, k=231
[NVBLAS] dgemm[cpu]: ta=N, tb=N, m=14, n=14, k=231
[NVBLAS] dgemm[cpu]: ta=N, tb=N, m=14, n=14, k=231
[NVBLAS] dgemm[cpu]: ta=N, tb=N, m=14, n=14, k=231
[NVBLAS] dgemm[cpu]: ta=N, tb=N, m=14, n=14, k=231
[NVBLAS] dgemm[cpu]: ta=N, tb=N, m=14, n=14, k=231
[NVBLAS] dgemm[cpu]: ta=N, tb=N, m=14, n=14, k=231
[NVBLAS] dgemm[cpu]: ta=N, tb=N, m=14, n=14, k=231
[NVBLAS] dgemm[cpu]: ta=N, tb=N, m=14, n=14, k=231
[NVBLAS] dgemm[cpu]: ta=N, tb=N, m=14, n=14, k=231
[NVBLAS] dgemm[cpu]: ta=N, tb=N, m=14, n=14, k=231
[NVBLAS] sgemm[gpu]: ta=T, tb=N, m=7641, n=7641, k=171951

 *** caught segfault ***
address 0x2007b5667228, cause 'memory not mapped'

 *** caught segfault ***
address 0x2007b566b030, cause 'memory not mapped'

 *** caught segfault ***
address 0x2007b566cf30, cause 'memory not mapped'

Traceback:
 1: getCoefficients(Y, X, W, tau, maxiter = maxiterPCG, tol = tolPCG)
 2: Get_Coef(y, X, tau, family, alpha0, eta0, offset, verbose = verbose,     maxiterPCG = maxiterPCG, tolPCG = tolPCG, maxiter = maxiter)
 3: glmmkin.ai_PCG_Rcpp_Binary(plinkFile, fit0, tau = c(0, 0), fixtau = c(0,     0), maxiter = maxiter, tol = tol, verbose = TRUE, nrun = 30,     tolPCG = tolPCG, maxiterPCG = maxiterPCG, subPheno = dataMerge_sort,     obj.noK = obj.noK, out.transform = out.transform, tauInit = tauInit,     memoryChunk = memoryChunk, LOCO = LOCO, chromosomeStartIndexVec = chromosomeStartIndexVec,     chromosomeEndIndexVec = chromosomeEndIndexVec, traceCVcutoff = traceCVcutoff,     isCovariateTransform = isCovariateTransform, isDiagofKinSetAsOne = isDiagofKinSetAsOne)
 4: 
 *** caught segfault ***
system.time(modglmm <- glmmkin.ai_PCG_Rcpp_Binary(plinkFile,     fit0, tau = c(0, 0), fixtau = c(0, 0), maxiter = maxiter, address 0x2007b566912c, cause 'memory not mapped'
    tol = tol, verbose = TRUE, nrun = 30, tolPCG = tolPCG, maxiterPCG = maxiterPCG,     subPheno = dataMerge_sort, obj.noK = obj.noK, out.transform = out.transform,     tauInit = tauInit, memoryChunk = memoryChunk, LOCO = LOCO,     chromosomeStartIndexVec = chromosomeStartIndexVec, chromosomeEndIndexVec = chromosomeEndIndexVec,     traceCVcutoff = traceCVcutoff, isCovariateTransform = isCovariateTransform,     isDiagofKinSetAsOne = isDiagofKinSetAsOne))
 5: fitNULLGLMM(plinkFile = node_plink_path, phenoFile = node_phenoFile_path,     phenoCol = "Phenotype", outputPrefix = node_outputPrefix,     traitType = traitType, invNormalize = FALSE, covarColList = covars,     qCovarCol = NULL, sampleIDColinphenoFile = "MVPCore_ID",     tol = 0.02, maxiter = 25, tolPCG = 1e-05, maxiterPCG = 500,     nThreads = 42, SPAcutoff = 2, numMarkers = 30, skipModelFitting = FALSE,     memoryChunk = 2, tauInit = tauInit, LOCO = FALSE, traceCVcutoff = 0.0025,     ratioCVcutoff = 0.001, outputPrefix_varRatio = NULL, IsOverwriteVarianceRatioFile = FALSE,     IsSparseKin = FALSE, sparseGRMFile = NULL, sparseGRMSampleIDFile = NULL,     numRandomMarkerforSparseKin = 2000, relatednessCutoff = 0.125,     isCateVarianceRatio = FALSE, cateVarRatioMinMACVecExclude = cateVarRatioMinMACVecExclude,     cateVarRatioMaxMACVecInclude = cateVarRatioMaxMACVecInclude,     isCovariateTransform = TRUE, isDiagofKinSetAsOne = FALSE,     useSparseSigmaConditionerforPCG = FALSE, useSparseSigmaforInitTau = FALSE,     minMAFforGRM = 1e-04, minCovariateCount = -1, includeNonautoMarkersforVarRatio = FALSE,     sexCol = "", FemaleCode = 1, FemaleOnly = FALSE, MaleCode = 0,     MaleOnly = FALSE, noEstFixedEff = FALSE)
 6: wrapper(i)
 7: doTryCatch(return(expr), name, parentenv, handler)
 8: tryCatchOne(expr, names, parentenv, handlers[[1L]])
 9: tryCatchList(expr, classes, parentenv, handlers)
10: tryCatch(error = identity, wrapper(i))
Traceback:

 1: 11: getCoefficients(Y, X, W, tau, maxiter = maxiterPCG, tol = tolPCG)FUN(X[i], ...)

12:  2: crlapply(jobs, FUN, checkpoint_file = checkpoint, checkpoint_freq = checkpoint_freq, Get_Coef(y, X, tau, family, alpha0, eta0, offset, verbose = verbose,     ...)    maxiterPCG = maxiterPCG, tolPCG = tolPCG, maxiter = maxiter)

13: mpi_napply_preschedule(n = n, FUN = FUN, checkpoint_path = checkpoint_path,  3: glmmkin.ai_PCG_Rcpp_Binary(plinkFile, fit0, tau = c(0, 0), fixtau = c(0,     checkpoint_freq = checkpoint_freq, ...)
    0), maxiter = maxiter, tol = tol, verbose = TRUE, nrun = 30, 14: mpi_napply(n, checkpoint_path = checkpoint_path, function(i) tryCatch(error = identity,     tolPCG = tolPCG, maxiterPCG = maxiterPCG, subPheno = dataMerge_sort,     wrapper(i)))    obj.noK = obj.noK, out.transform = out.transform, tauInit = tauInit, 
Traceback:

An irrecoverable exception occurred. R is aborting now ...
 1:     memoryChunk = memoryChunk, LOCO = LOCO, chromosomeStartIndexVec = chromosomeStartIndexVec, getCoefficients(Y, X, W, tau, maxiter = maxiterPCG, tol = tolPCG)
    chromosomeEndIndexVec = chromosomeEndIndexVec, traceCVcutoff = traceCVcutoff,     isCovariateTransform = isCovariateTransform, isDiagofKinSetAsOne = isDiagofKinSetAsOne) 2: Get_Coef(y, X, tau, family, alpha0, eta0, offset, verbose = verbose, 
    maxiterPCG = maxiterPCG, tolPCG = tolPCG, maxiter = maxiter) 4: 
system.time(modglmm <- glmmkin.ai_PCG_Rcpp_Binary(plinkFile,  3: glmmkin.ai_PCG_Rcpp_Binary(plinkFile, fit0, tau = c(0, ), fixtau = c(3,     fit0, tau = c(0, 0), fixtau = c(0, 0), maxiter = maxiter,     tol = tol, verbose = TRUE, nrun = 30, tolPCG = tolPCG, maxiterPCG = maxiterPCG,     0), maxiter = maxiter, tol = tol, verbose = TRUE, nrun = 30,     subPheno = dataMerge_sort, obj.noK = obj.noK, out.transform = out.transform,     tauInit = tauInit, memoryChunk = memoryChunk, LOCO = LOCO,     tolPCG = tolPCG, maxiterPCG = maxiterPCG, subPheno = dataMerge_sort,     chromosomeStartIndexVec = chromosomeStartIndexVec, chromosomeEndIndexVec = chromosomeEndIndexVec,     traceCVcutoff = traceCVcutoff, isCovariateTransform = isCovariateTransform,     obj.noK = obj.noK, out.transform = out.transform, tauInit = tauInit,     memoryChunk = memoryChunk, LOCO = LOCO, chromosomeStartIndexVec = chromosomeStartIndexVec,     isDiagofKinSetAsOne = isDiagofKinSetAsOne))
    chromosomeEndIndexVec = chromosomeEndIndexVec, traceCVcutoff = traceCVcutoff,  5: fitNULLGLMM(plinkFile = node_plink_path, phenoFile = node_phenoFile_path,     isCovariateTransform = isCovariateTransform, isDiagofKinSetAsOne = isDiagofKinSetAsOne)
    phenoCol = "Phenotype", outputPrefix = node_outputPrefix,  4: system.time(modglmm <- glmmkin.ai_PCG_Rcpp_Binary(plinkFile,     traitType = traitType, invNormalize = FALSE, covarColList = covars,     qCovarCol = NULL, sampleIDColinphenoFile = "MVPCore_ID",     fit0, tau = c(0, 0), fixtau = c(0, 0), maxiter = maxiter,     tol = tol, verbose = TRUE, nrun = , tolPCG = tolPCG, maxiterPCG = maxiterPCG,     tol = 0.02, maxiter = 25, tolPCG = , maxiterPCG = 500, nThreads = 42,     SPAcutoff = 2, numMarkers = 30, skipModelFitting = FALSE,     subPheno = dataMerge_sort, obj.noK = obj.noK, out.transform = out.transform,     tauInit = tauInit, memoryChunk = memoryChunk, LOCO = LOCO,     memoryChunk = 2, tauInit = tauInit, LOCO = FALSE, traceCVcutoff = 0.0025, 
Traceback:
    chromosomeStartIndexVec = chromosomeStartIndexVec, chromosomeEndIndexVec = chromosomeEndIndexVec,  1:     traceCVcutoff = traceCVcutoff, isCovariateTransform = isCovariateTransform,     ratioCVcutoff = 0.001, outputPrefix_varRatio = NULL, IsOverwriteVarianceRatioFile = FALSE, getCoefficients(Y, X, W, tau, maxiter = maxiterPCG, tol = tolPCG)    isDiagofKinSetAsOne = isDiagofKinSetAsOne))
    IsSparseKin = FALSE, sparseGRMFile = NULL, sparseGRMSampleIDFile = NULL,  5: fitNULLGLMM(plinkFile = node_plink_path, phenoFile = node_phenoFile_path,     numRandomMarkerforSparseKin = 2000, relatednessCutoff = 0.02, 
    phenoCol = "Phenotype", outputPrefix = node_outputPrefix,  2:     isCateVarianceRatio = FALSE, cateVarRatioMinMACVecExclude = cateVarRatioMinMACVecExclude,     traitType = traitType, invNormalize = FALS, covarColList = covars,     cateVarRatioMaxMACVecInclude = cateVarRatioMaxMACVecInclude, Get_Coef(y, X, tau, family, alpha0, eta0, offset, verbose = verbose,     isCovariateTransform = TRUE, isDiagofKinSetAsOne = FALSE,     qCovarCol = NULL, sampleIDColinphenoFile = "MVPCore_ID",     tol = 0.02, maxiter = 25, tolPCG = 1e-05, maxiterPCG = 500,     useSparseSigmaConditionerforPCG = FALSE, useSparseSigmaforInitTau = FALSE,     nThreads = 42, SPAcutoff = 2, numMarkers = 30, skipModelFitting = FALSE,     maxiterPCG = maxiterPCG, tolPCG = tolPCG, maxiter = maxiter)    minMAFforGRM = 1, minCovariateCount = -3e+01, includeNonautoMarkersforVarRatio = FALSE,     memoryChunk = 2, tauInit = tauInit, LOCO = FALSE, traceCVcutoff = 0.0025, 
    sexCol = "", FemaleCode = 1, FemaleOnly = FALSE, MaleCode = 0,     MaleOnly = FALSE, noEstFixedEff = FALSE)    ratioCVcutoff = 0.001, outputPrefix_varRatio = NULL, IsOverwriteVarianceRatioFile = FALSE,     IsSparseKin = FALSE, sparseGRMFile = NULL, sparseGRMSampleIDFile = NULL,  3: 
 6:     numRandomMarkerforSparseKin = 2000, relatednessCutoff = 0.125, glmmkin.ai_PCG_Rcpp_Binary(plinkFile, fit0, tau = c(0, 0), fixtau = c(0, wrapper(i)    0), maxiter = maxiter, tol = tol, verbose = FALS, nrun = 30,     isCateVarianceRatio = FALSE, cateVarRatioMinMACVecExclude = cateVarRatioMinMACVecExclude, 
    cateVarRatioMaxMACVecInclude = cateVarRatioMaxMACVecInclude,     tolPCG = tolPCG, maxiterPCG = maxiterPCG, subPheno = dataMerge_sort,  7:     isCovariateTransform = TRUE, isDiagofKinSetAsOne = FALSE,     obj.noK = obj.noK, out.transform = out.transform, tauInit = tauInit,     useSparseSigmaConditionerforPCG = FALSE, useSparseSigmaforInitTau = FALSE, doTryCatch(return(expr), name, parentenv, handler)    memoryChunk = memoryChunk, LOCO = LOCO, chromosomeStartIndexVec = chromosomeStartIndexVec,     minMAFforGRM = 1e-04, minCovariateCount = -1, includeNonautoMarkersforVarRatio = FALSE, 
    chromosomeEndIndexVec = chromosomeEndIndexVec, traceCVcutoff = traceCVcutoff,     sexCol = "", FemaleCode = 1, FemaleOnly = FALSE, MaleCode = 0,  8:     isCovariateTransform = isCovariateTransform, isDiagofKinSetAsOne = isDiagofKinSetAsOne)    MaleOnly = FALSE, noEstFixedEff = FALSE)

 4:  6: tryCatchOne(expr, names, parentenv, handlers[[1L]])system.time(modglmm <- glmmkin.ai_PCG_Rcpp_Binary(plinkFile, wrapper(i)
    fit0, tau = c(0, 0), fixtau = c(0, 0), maxiter = maxiter,     tol = tol, verbose = TRUE, nrun = 1, tolPCG = tolPCG, maxiterPCG = maxiterPCG, 
 9:     subPheno = dataMerge_sort, obj.noK = obj.noK, out.transform = out.transform, tryCatchList(expr, classes, parentenv, handlers)
    tauInit = tauInit, memoryChunk = memoryChunk, LOCO = LOCO,  7:     chromosomeStartIndexVec = chromosomeStartIndexVec, chromosomeEndIndexVec = chromosomeEndIndexVec, 10: doTryCatch(return(expr), name, parentenv, handler)
tryCatch(error = identity, wrapper(i))    traceCVcutoff = traceCVcutoff, isCovariateTransform = isCovariateTransform, 
    isDiagofKinSetAsOne = isDiagofKinSetAsOne))11: 
 8: FUN(X[i], ...) 5: tryCatchOne(expr, names, parentenv, handlers[[1L]])
fitNULLGLMM(plinkFile = node_plink_path, phenoFile = node_phenoFile_path, 
    phenoCol = "Phenotype", outputPrefix = node_outputPrefix,  9: tryCatchList(expr, classes, parentenv, handlers)    traitType = traitType, invNormalize = FALSE, covarColList = covars, 12:     qCovarCol = NULL, sampleIDColinphenoFile = "MVPCore_ID", 
crlapply(jobs, FUN, checkpoint_file = checkpoint, checkpoint_freq = checkpoint_freq,     tol = 0.02, maxiter = 25, tolPCG = 1e-05, maxiterPCG = 500, 10:     ...)tryCatch(error = identity, wrapper(i))

13:     nThreads = 42, SPAcutoff = 2, numMarkers = 30, skipModelFitting = FALSE, mpi_napply_preschedule(n = n, FUN = FUN, checkpoint_path = checkpoint_path, 11:     memoryChunk = 2, tauInit = tauInit, LOCO = FALSE, traceCVcutoff = 0.0025,     ratioCVcutoff = 0.001, outputPrefix_varRatio = NULL, IsOverwriteVarianceRatioFile = FALSE, FUN(X[i], ...)    checkpoint_freq = checkpoint_freq, ...)
    IsSparseKin = FALSE, sparseGRMFile = NULL, sparseGRMSampleIDFile = NULL, 
    numRandomMarkerforSparseKin = 2000, relatednessCutoff = 0.125, 12: 14:     isCateVarianceRatio = FALSE, cateVarRatioMinMACVecExclude = cateVarRatioMinMACVecExclude, crlapply(jobs, FUN, checkpoint_file = checkpoint, checkpoint_freq = checkpoint_freq,     ...)mpi_napply(n, checkpoint_path = checkpoint_path, function(i) tryCatch(error = identity, 
    cateVarRatioMaxMACVecInclude = cateVarRatioMaxMACVecInclude,     wrapper(i)))
13:     isCovariateTransform = TRUE, isDiagofKinSetAsOne = FALSE, mpi_napply_preschedule(n = n, FUN = FUN, checkpoint_path = checkpoint_path,     useSparseSigmaConditionerforPCG = FALSE, useSparseSigmaforInitTau = FALSE, An irrecoverable exception occurred. R is aborting now ...
    checkpoint_freq = checkpoint_freq, ...)    minMAFforGRM = 1e-04, minCovariateCount = -1, includeNonautoMarkersforVarRatio = FALSE, 
    sexCol = "", FemaleCode = 1, FemaleOnly = FALSE, MaleCode = 0,     MaleOnly = FALSE, noEstFixedEff = FALSE)14: 
mpi_napply(n, checkpoint_path = checkpoint_path, function(i) tryCatch(error = identity,  6: wrapper(i)    wrapper(i)))

 7: An irrecoverable exception occurred. R is aborting now ...
doTryCatch(return(expr), name, parentenv, handler)
 8: tryCatchOne(expr, names, parentenv, handlers[[1L]])
 9: tryCatchList(expr, classes, parentenv, handlers)
10: tryCatch(error = identity, wrapper(i))
11: FUN(X[i], ...)
12: crlapply(jobs, FUN, checkpoint_file = checkpoint, checkpoint_freq = checkpoint_freq,     ...)
13: mpi_napply_preschedule(n = n, FUN = FUN, checkpoint_path = checkpoint_path,     checkpoint_freq = checkpoint_freq, ...)
14: mpi_napply(n, checkpoint_path = checkpoint_path, function(i) tryCatch(error = identity,     wrapper(i)))
An irrecoverable exception occurred. R is aborting now ...
[NVBLAS] NVBLAS_CONFIG_FILE environment variable is set to '/ccs/home/arodriguez/gemm/nvblas.conf'
[NVBLAS] Cannot Log File '/ccs/home/arodriguez/gemm/nvblas.log'
[NVBLAS] NVBLAS_CONFIG_FILE environment variable is set to '/ccs/home/arodriguez/gemm/nvblas.conf'
[NVBLAS] Cannot Log File '/ccs/home/arodriguez/gemm/nvblas.log'
[NVBLAS] NVBLAS_CONFIG_FILE environment variable is set to '/ccs/home/arodriguez/gemm/nvblas.conf'
[NVBLAS] Cannot Log File '/ccs/home/arodriguez/gemm/nvblas.log'
[NVBLAS] Using devices :0 2 4 
[NVBLAS] Config parsed
[NVBLAS] Using devices :0 2 4 
[NVBLAS] Config parsed
[NVBLAS] Using devices :0 2 4 
[NVBLAS] Config parsed
[NVBLAS] NVBLAS_CONFIG_FILE environment variable is set to '/ccs/home/arodriguez/gemm/nvblas.conf'
[NVBLAS] Cannot Log File '/ccs/home/arodriguez/gemm/nvblas.log'
[NVBLAS] Using devices :0 2 4 
[NVBLAS] Config parsed
[NVBLAS] cublasXtDeviceSelect FAILED
[NVBLAS] cublasXtDeviceSelect FAILED
[NVBLAS] cublasXtDeviceSelect FAILED
[NVBLAS] cublasXtDeviceSelect FAILED
[NVBLAS] NVBLAS_CONFIG_FILE environment variable is set to '/ccs/home/arodriguez/gemm/nvblas.conf'
[NVBLAS] Cannot Log File '/ccs/home/arodriguez/gemm/nvblas.log'
[NVBLAS] Using devices :0 2 4 
[NVBLAS] Config parsed
[NVBLAS] cublasXtDeviceSelect FAILED
[NVBLAS] NVBLAS_CONFIG_FILE environment variable is set to '/ccs/home/arodriguez/gemm/nvblas.conf'
[NVBLAS] Cannot Log File '/ccs/home/arodriguez/gemm/nvblas.log'
[NVBLAS] Using devices :0 2 4 
[NVBLAS] Config parsed
[NVBLAS] cublasXtDeviceSelect FAILED
[NVBLAS] NVBLAS_CONFIG_FILE environment variable is set to '/ccs/home/arodriguez/gemm/nvblas.conf'
[NVBLAS] Cannot Log File '/ccs/home/arodriguez/gemm/nvblas.log'
[NVBLAS] NVBLAS_CONFIG_FILE environment variable is set to '/ccs/home/arodriguez/gemm/nvblas.conf'
[NVBLAS] Cannot Log File '/ccs/home/arodriguez/gemm/nvblas.log'
[NVBLAS] Using devices :0 2 4 
[NVBLAS] Config parsed
[NVBLAS] Using devices :0 2 4 
[NVBLAS] Config parsed
[NVBLAS] cublasXtDeviceSelect FAILED
[NVBLAS] cublasXtDeviceSelect FAILED
ERROR:  One or more process (first noticed rank 1) terminated with signal 11 (core dumped)
