[1] "PhenoFile.ALT_Mean.ASN.txt"
[1] "PhenoFile.Phe_588_2.ASN.txt"
[1] "PhenoFile.Phe_274_1.ASN.txt"
tauInit  is  0 0 
cateVarRatioMinMACVecExclude  is  0.5 1.5 2.5 3.5 4.5 5.5 10.5 20.5 
cateVarRatioMaxMACVecInclude  is  1.5 2.5 3.5 4.5 5.5 10.5 20.5 
[1] "Phenotype for this run: /mnt/bb/arodriguez/Phe_274_1.ASN/PhenoFile.Phe_274_1.ASN.txt"
Markers in the Plink file with MAF >=  1e-04  will be used to construct GRM
42  threads are set to be used  
tauInit  is  0 0 
cateVarRatioMinMACVecExclude  is  0.5 1.5 2.5 3.5 4.5 5.5 10.5 20.5 
cateVarRatioMaxMACVecInclude  is  1.5 2.5 3.5 4.5 5.5 10.5 20.5 
[1] "Phenotype for this run: /mnt/bb/arodriguez/Phe_588_2.ASN/PhenoFile.Phe_588_2.ASN.txt"
Markers in the Plink file with MAF >=  1e-04  will be used to construct GRM
42  threads are set to be used  
tauInit  is  0 0 
cateVarRatioMinMACVecExclude  is  0.5 1.5 2.5 3.5 4.5 5.5 10.5 20.5 
cateVarRatioMaxMACVecInclude  is  1.5 2.5 3.5 4.5 5.5 10.5 20.5 
[1] "Phenotype for this run: /mnt/bb/arodriguez/ALT_Mean.ASN/PhenoFile.ALT_Mean.ASN.txt"
Markers in the Plink file with MAF >=  1e-04  will be used to construct GRM
42  threads are set to be used  
658582  samples have genotypes
658582  samples have genotypes
formula is  Phenotype~Age+Gender+pc1+pc2+pc3+pc4+pc5+pc6+pc7+pc8+pc9+pc10 
formula is  Phenotype~Age+Gender+pc1+pc2+pc3+pc4+pc5+pc6+pc7+pc8+pc9+pc10 
7861  samples have non-missing phenotypes
8036  samples have non-missing phenotypes
650721  samples in geno file do not have phenotypes
7861  samples will be used for analysis
650546  samples in geno file do not have phenotypes
8036  samples will be used for analysis
qr transformation has been performed on covariates
qr transformation has been performed on covariates
colnames(data.new) is  Y minus1 Age GenderF GenderM pc1 pc2 pc3 pc4 pc5 pc6 pc7 pc8 pc9 pc10 
out.transform$Param.transform$qrr:  14 14 
Phenotype  is a binary trait
colnames(data.new) is  Y minus1 Age GenderF GenderM pc1 pc2 pc3 pc4 pc5 pc6 pc7 pc8 pc9 pc10 
out.transform$Param.transform$qrr:  14 14 
Phenotype  is a binary trait
glm:

Call:  glm(formula = formula.new, family = binomial, data = data.new)

Coefficients:
   minus1        Age    GenderF    GenderM        pc1        pc2        pc3  
 2.099701  -0.867366  -0.756581  -0.105190  -0.249193  -0.100269  -0.439481  
      pc4        pc5        pc6        pc7        pc8        pc9       pc10  
-0.056882  -0.131842   0.028308   0.030350  -0.183189   0.003322  -0.068565  

Degrees of Freedom: 7861 Total (i.e. Null);  7847 Residual
Null Deviance:	    10900 
Residual Deviance: 5979 	AIC: 6007
Start fitting the NULL GLMM
   user  system elapsed 
 12.858  34.647 211.753 
glm:

Call:  glm(formula = formula.new, family = binomial, data = data.new)

Coefficients:
  minus1       Age   GenderF   GenderM       pc1       pc2       pc3       pc4  
 5.42345  -1.12606  -0.38660  -1.89783  -0.13962  -0.04767   0.28001   0.07525  
     pc5       pc6       pc7       pc8       pc9      pc10  
-0.05434  -0.05699   0.07280  -0.08463  -0.04720  -0.30364  

Degrees of Freedom: 8036 Total (i.e. Null);  8022 Residual
Null Deviance:	    11140 
Residual Deviance: 801.2 	AIC: 829.2
Start fitting the NULL GLMM
   user  system elapsed 
 12.986  35.035 211.800 
[1] "Start reading genotype plink file here"
[1] "Start reading genotype plink file here"
nbyte: 164646
nbyte: 1966
reserve: 338399552

M: 171951, N: 658582
size of genoVecofPointers: 15
setgeno mark1
setgeno mark2
nbyte: 164646
nbyte: 2009
reserve: 345793472

M: 171951, N: 658582
size of genoVecofPointers: 15
setgeno mark1
setgeno mark2
658582  samples have genotypes
formula is  Phenotype~Age+Gender+pc1+pc2+pc3+pc4+pc5+pc6+pc7+pc8+pc9+pc10 
7161  samples have non-missing phenotypes
651421  samples in geno file do not have phenotypes
7161  samples will be used for analysis
qr transformation has been performed on covariates
colnames(data.new) is  Y minus1 Age GenderF GenderM pc1 pc2 pc3 pc4 pc5 pc6 pc7 pc8 pc9 pc10 
out.transform$Param.transform$qrr:  14 14 
Phenotype  is a quantitative trait
glm:

Call:  glm(formula = formula.new, family = gaussian(link = "identity"), 
    data = data.new)

Coefficients:
   minus1        Age    GenderF    GenderM        pc1        pc2        pc3  
-34.82147    5.12422   -3.97194   -0.02602    0.22038    0.01275    0.85885  
      pc4        pc5        pc6        pc7        pc8        pc9       pc10  
  0.33392    0.07986   -0.06932   -0.22924   -0.71007    0.15650   -0.03343  

Degrees of Freedom: 7161 Total (i.e. Null);  7147 Residual
Null Deviance:	    13730000 
Residual Deviance: 4737000 	AIC: 66860
Start fitting the NULL GLMM
   user  system elapsed 
 12.880  34.314 212.503 
[1] "Start reading genotype plink file here"
nbyte: 164646
nbyte: 1791
reserve: 308308128

M: 171951, N: 658582
size of genoVecofPointers: 15
setgeno mark1
setgeno mark2
171570 markers with MAF >= 0.0001 are used for GRM.
setgeno mark5
setgeno mark6
M by N size: 171951 M, 7861 N
171580 markers with MAF >= 0.0001 are used for GRM.
setgeno mark5
setgeno mark6
M by N size: 171951 M, 8036 N
171412 markers with MAF >= 0.0001 are used for GRM.
setgeno mark5
setgeno mark6
M by N size: 171951 M, 7161 N
Size in bytes of fullGRM is:64
Size in bytes of fullGRM is:112
time: 720179
[1] "Genotype reading is done"
inital tau is  1 0.1 
iGet_Coef:  1 
Size in bytes of fullGRM is:64
Size in bytes of fullGRM is:112
time: 721164
[1] "Genotype reading is done"
inital tau is  1 0.1 
iGet_Coef:  1 
Size in bytes of fullGRM is:64
Size in bytes of fullGRM is:112
time: 721089
[1] "Genotype reading is done"
Fixed-effect coefficients:
      minus1          Age      GenderF      GenderM          pc1          pc2 
-34.82147122   5.12421625  -3.97194217  -0.02602263   0.22038163   0.01274815 
         pc3          pc4          pc5          pc6          pc7          pc8 
  0.85884951   0.33391772   0.07985870  -0.06931950  -0.22924245  -0.71007100 
         pc9         pc10 
  0.15650105  -0.03342949 
initial tau is  1 0 
iGet_Coef:  1 
iter from getPCG1ofSigmaAndVector 5
iter from getPCG1ofSigmaAndVector 5
iter from getPCG1ofSigmaAndVector 5
iter from getPCG1ofSigmaAndVector 5
iter from getPCG1ofSigmaAndVector 5
iter from getPCG1ofSigmaAndVector 5
iter from getPCG1ofSigmaAndVector 5
iter from getPCG1ofSigmaAndVector 5
iter from getPCG1ofSigmaAndVector 5
iter from getPCG1ofSigmaAndVector 5
iter from getPCG1ofSigmaAndVector 5
iter from getPCG1ofSigmaAndVector 5
iter from getPCG1ofSigmaAndVector 5
iter from getPCG1ofSigmaAndVector 5
iter from getPCG1ofSigmaAndVector 5
Tau:
[1] 1.0 0.1
Fixed-effect coefficients:
              [,1]
 [1,]  2.100244999
 [2,] -0.867711961
 [3,] -0.756479144
 [4,] -0.105344601
 [5,] -0.244005769
 [6,] -0.100355521
 [7,] -0.437287390
 [8,] -0.057168994
 [9,] -0.131438762
[10,]  0.027454462
[11,]  0.029666761
[12,] -0.182816312
[13,]  0.003480973
[14,] -0.068686150
iter from getPCG1ofSigmaAndVector 3
iter from getPCG1ofSigmaAndVector 3
iter from getPCG1ofSigmaAndVector 5
iter from getPCG1ofSigmaAndVector 3
iter from getPCG1ofSigmaAndVector 5
iter from getPCG1ofSigmaAndVector 3
iter from getPCG1ofSigmaAndVector 2
iter from getPCG1ofSigmaAndVector 5
iter from getPCG1ofSigmaAndVector 3
iter from getPCG1ofSigmaAndVector 1
iter from getPCG1ofSigmaAndVector 1
iter from getPCG1ofSigmaAndVector 1
iter from getPCG1ofSigmaAndVector 1
iter from getPCG1ofSigmaAndVector 1
iter from getPCG1ofSigmaAndVector 1
iter from getPCG1ofSigmaAndVector 1
iter from getPCG1ofSigmaAndVector 1
iter from getPCG1ofSigmaAndVector 1
iter from getPCG1ofSigmaAndVector 1
iter from getPCG1ofSigmaAndVector 1
iter from getPCG1ofSigmaAndVector 1
iter from getPCG1ofSigmaAndVector 1
iter from getPCG1ofSigmaAndVector 1
iter from getPCG1ofSigmaAndVector 1
iter from getPCG1ofSigmaAndVector 4
Tau:
[1] 1 0
Fixed-effect coefficients:
              [,1]
 [1,] -34.82146072
 [2,]   5.12421751
 [3,]  -3.97194886
 [4,]  -0.02601774
 [5,]   0.22038203
 [6,]   0.01274841
 [7,]   0.85884964
 [8,]   0.33391789
 [9,]   0.07985881
[10,]  -0.06931969
[11,]  -0.22924234
[12,]  -0.71007138
[13,]   0.15650070
[14,]  -0.03342950
iter from getPCG1ofSigmaAndVector 1
iter from getPCG1ofSigmaAndVector 1
iter from getPCG1ofSigmaAndVector 3
iter from getPCG1ofSigmaAndVector 1
iter from getPCG1ofSigmaAndVector 1
iter from getPCG1ofSigmaAndVector 5
iter from getPCG1ofSigmaAndVector 1
iter from getPCG1ofSigmaAndVector 1
iter from getPCG1ofSigmaAndVector 3
iter from getPCG1ofSigmaAndVector 1
iter from getPCG1ofSigmaAndVector 1
iter from getPCG1ofSigmaAndVector 4
iter from getPCG1ofSigmaAndVector 1
iter from getPCG1ofSigmaAndVector 1
iter from getPCG1ofSigmaAndVector 3
iter from getPCG1ofSigmaAndVector 1
iter from getPCG1ofSigmaAndVector 1
iter from getPCG1ofSigmaAndVector 1
iter from getPCG1ofSigmaAndVector 4
iter from getPCG1ofSigmaAndVector 1
iter from getPCG1ofSigmaAndVector 3
iter from getPCG1ofSigmaAndVector 1
iter from getPCG1ofSigmaAndVector 1
iter from getPCG1ofSigmaAndVector 1
iter from getPCG1ofSigmaAndVector 5
iter from getPCG1ofSigmaAndVector 1
iter from getPCG1ofSigmaAndVector 3
iter from getPCG1ofSigmaAndVector 1
iter from getPCG1ofSigmaAndVector 1
iter from getPCG1ofSigmaAndVector 1
iter from getPCG1ofSigmaAndVector 1
iter from getPCG1ofSigmaAndVector 4
iter from getPCG1ofSigmaAndVector 3
iter from getPCG1ofSigmaAndVector 1
iter from getPCG1ofSigmaAndVector 1
iter from getPCG1ofSigmaAndVector 1
iter from getPCG1ofSigmaAndVector 1
iter from getPCG1ofSigmaAndVector 3
iter from getPCG1ofSigmaAndVector 1
iter from getPCG1ofSigmaAndVector 5
iter from getPCG1ofSigmaAndVector 1
iter from getPCG1ofSigmaAndVector 1
iter from getPCG1ofSigmaAndVector 1
iter from getPCG1ofSigmaAndVector 3
iter from getPCG1ofSigmaAndVector 1
iter from getPCG1ofSigmaAndVector 1
Variance component estimates:
[1] 661.4796   0.0000

Iteration  1 :
iGet_Coef:  1 
iter from getPCG1ofSigmaAndVector 1
iter from getPCG1ofSigmaAndVector 1
iter from getPCG1ofSigmaAndVector 1
iter from getPCG1ofSigmaAndVector 1
iter from getPCG1ofSigmaAndVector 1
iter from getPCG1ofSigmaAndVector 1
iter from getPCG1ofSigmaAndVector 1
iter from getPCG1ofSigmaAndVector 1
iter from getPCG1ofSigmaAndVector 1
iter from getPCG1ofSigmaAndVector 1
iter from getPCG1ofSigmaAndVector 1
iter from getPCG1ofSigmaAndVector 1
iter from getPCG1ofSigmaAndVector 1
iter from getPCG1ofSigmaAndVector 1
iter from getPCG1ofSigmaAndVector 1
Tau:
[1] 661.4796   0.0000
Fixed-effect coefficients:
              [,1]
 [1,] -34.82115555
 [2,]   5.12421179
 [3,]  -3.97194552
 [4,]  -0.02602459
 [5,]   0.22038162
 [6,]   0.01274813
 [7,]   0.85884941
 [8,]   0.33391750
 [9,]   0.07985899
[10,]  -0.06931944
[11,]  -0.22924185
[12,]  -0.71007079
[13,]   0.15649983
[14,]  -0.03342958
iter from getPCG1ofSigmaAndVector 4
iter from getPCG1ofSigmaAndVector 1
iter from getPCG1ofSigmaAndVector 1
iter from getPCG1ofSigmaAndVector 1
iter from getPCG1ofSigmaAndVector 3
iter from getPCG1ofSigmaAndVector 1
Tau:
[1] 1.0 0.1
Fixed-effect coefficients:
             [,1]
 [1,]  4.88235950
 [2,] -0.61824667
 [3,] -0.69336402
 [4,]  1.73647177
 [5,] -0.14066404
 [6,] -0.04655520
 [7,]  0.28101206
 [8,]  0.07479192
 [9,] -0.05399548
[10,] -0.05685290
[11,]  0.07241190
[12,] -0.08379015
[13,] -0.04715693
[14,] -0.30372101
iGet_Coef:  2 
iter from getPCG1ofSigmaAndVector 1
iter from getPCG1ofSigmaAndVector 5
iter from getPCG1ofSigmaAndVector 1
iter from getPCG1ofSigmaAndVector 1
iter from getPCG1ofSigmaAndVector 1
iter from getPCG1ofSigmaAndVector 3
iter from getPCG1ofSigmaAndVector 1
iter from getPCG1ofSigmaAndVector 4
iter from getPCG1ofSigmaAndVector 1
iter from getPCG1ofSigmaAndVector 1
iter from getPCG1ofSigmaAndVector 1
iter from getPCG1ofSigmaAndVector 3
iter from getPCG1ofSigmaAndVector 1
iter from getPCG1ofSigmaAndVector 1
iter from getPCG1ofSigmaAndVector 4
iter from getPCG1ofSigmaAndVector 1
iter from getPCG1ofSigmaAndVector 1
iter from getPCG1ofSigmaAndVector 3
iter from getPCG1ofSigmaAndVector 1
iter from getPCG1ofSigmaAndVector 1
iter from getPCG1ofSigmaAndVector 1
iter from getPCG1ofSigmaAndVector 5
iter from getPCG1ofSigmaAndVector 1
iter from getPCG1ofSigmaAndVector 3
iter from getPCG1ofSigmaAndVector 1
iter from getPCG1ofSigmaAndVector 1
iter from getPCG1ofSigmaAndVector 1
iter from getPCG1ofSigmaAndVector 2
iter from getPCG1ofSigmaAndVector 1
iter from getPCG1ofSigmaAndVector 5
iter from getPCG1ofSigmaAndVector 1
iter from getPCG1ofSigmaAndVector 1
iter from getPCG1ofSigmaAndVector 1
iter from getPCG1ofSigmaAndVector 3
iter from getPCG1ofSigmaAndVector 1
iter from getPCG1ofSigmaAndVector 1
iter from getPCG1ofSigmaAndVector 5
iter from getPCG1ofSigmaAndVector 1
iter from getPCG1ofSigmaAndVector 1
iter from getPCG1ofSigmaAndVector 1
iter from getPCG1ofSigmaAndVector 3
cov:  0.09237172 4.958685e-09 -4.609043e-10 -7.62875e-10 -9.53593e-11 9.535934e-11 -1.239671e-09 7.310884e-10 -2.542916e-10 3.814374e-10 -1.112526e-09 -2.06612e-10 -4.966638e-11 1.907187e-10 4.958685e-09 0.09237253 -2.733662e-09 3.814407e-10 -9.536016e-11 -6.357342e-11 -1.207895e-09 -5.165343e-10 4.450142e-10 1.176109e-09 -7.489749e-10 -7.469882e-10 -1.023135e-09 -8.900286e-10 -4.609043e-10 -2.733662e-09 0.09237266 6.802371e-09 1.398618e-09 -3.019743e-10 -3.178676e-10 -2.542941e-10 1.438352e-09 -4.37068e-10 -5.085884e-10 8.900298e-10 1.652912e-09 2.542942e-10 -7.62875e-10 3.814407e-10 6.802371e-09 0.09237257 -1.271468e-10 -1.023136e-10 -1.271469e-10 8.900288e-10 -1.509869e-10 3.496541e-10 4.450144e-10 -4.628944e-10 1.986672e-10 -3.178675e-10 -9.53593e-11 -9.536016e-11 1.398618e-09 -1.271468e-10 0.09237251 1.271469e-09 -1.589336e-10 -8.264548e-10 6.675213e-10 2.479364e-09 -1.271469e-09 7.152012e-10 -9.853883e-10 5.72161e-10 9.535934e-11 -6.357342e-11 -3.019743e-10 -1.023136e-10 1.271469e-09 0.09237255 1.98667e-10 -1.780057e-09 -6.039481e-10 3.01974e-10 -3.178674e-10 -2.264805e-10 -1.907204e-10 -1.176109e-09 -1.239671e-09 -1.207895e-09 -3.178676e-10 -1.271469e-10 -1.589336e-10 1.98667e-10 0.09237249 -4.052807e-10 -1.511399e-17 -5.721608e-10 -9.536014e-11 -3.496539e-10 -1.907203e-10 2.10587e-10 7.310884e-10 -5.165343e-10 -2.542941e-10 8.900288e-10 -8.264548e-10 -1.780057e-09 -4.052807e-10 0.09237255 2.542939e-10 1.36683e-09 5.085878e-10 -7.946686e-11 -2.542938e-10 1.621124e-09 -2.542916e-10 4.450142e-10 1.438352e-09 -1.509869e-10 6.675213e-10 -6.039481e-10 -1.511399e-17 2.542939e-10 0.09237255 7.390415e-10 -1.36683e-09 7.946685e-10 -1.589335e-11 7.628817e-10 3.814374e-10 1.176109e-09 -4.37068e-10 3.496541e-10 2.479364e-09 3.01974e-10 -5.721608e-10 1.36683e-09 7.390415e-10 0.09237253 -6.357346e-10 -1.303256e-09 2.542938e-10 3.178673e-10 -1.112526e-09 -7.489749e-10 -5.085884e-10 4.450144e-10 -1.271469e-09 -3.178674e-10 -9.536014e-11 5.085878e-10 -1.36683e-09 -6.357346e-10 0.09237255 1.017176e-09 -3.814408e-10 -1.589337e-11 -2.06612e-10 -7.469882e-10 8.900298e-10 -4.628944e-10 7.152012e-10 -2.264805e-10 -3.496539e-10 -7.946686e-11 7.946685e-10 -1.303256e-09 1.017176e-09 0.09237255 6.357347e-11 4.370677e-10 -4.966638e-11 -1.023135e-09 1.652912e-09 1.986672e-10 -9.853883e-10 -1.907204e-10 -1.907203e-10 -2.542938e-10 -1.589335e-11 2.542938e-10 -3.814408e-10 6.357347e-11 0.09237253 -1.907204e-10 1.907187e-10 -8.900286e-10 2.542942e-10 -3.178675e-10 5.72161e-10 -1.176109e-09 2.10587e-10 1.621124e-09 7.628817e-10 3.178673e-10 -1.589337e-11 4.370677e-10 -1.907204e-10 0.09237255 
Variance component estimates:
[1] 677.6417   0.0000
Fixed-effect coefficients:
              [,1]
 [1,] -34.82115555
 [2,]   5.12421179
 [3,]  -3.97194552
 [4,]  -0.02602459
 [5,]   0.22038162
 [6,]   0.01274813
 [7,]   0.85884941
 [8,]   0.33391750
 [9,]   0.07985899
[10,]  -0.06931944
[11,]  -0.22924185
[12,]  -0.71007079
[13,]   0.15649983
[14,]  -0.03342958

Final  677.6417 0 :
iGet_Coef:  1 
iter from getPCG1ofSigmaAndVector 1
iter from getPCG1ofSigmaAndVector 1
iter from getPCG1ofSigmaAndVector 1
iter from getPCG1ofSigmaAndVector 1
iter from getPCG1ofSigmaAndVector 1
iter from getPCG1ofSigmaAndVector 1
iter from getPCG1ofSigmaAndVector 1
iter from getPCG1ofSigmaAndVector 1
iter from getPCG1ofSigmaAndVector 1
iter from getPCG1ofSigmaAndVector 1
iter from getPCG1ofSigmaAndVector 1
iter from getPCG1ofSigmaAndVector 1
iter from getPCG1ofSigmaAndVector 1
iter from getPCG1ofSigmaAndVector 1
iter from getPCG1ofSigmaAndVector 1
Tau:
[1] 677.6417   0.0000
Fixed-effect coefficients:
              [,1]
 [1,] -34.82174683
 [2,]   5.12421894
 [3,]  -3.97193956
 [4,]  -0.02602260
 [5,]   0.22038274
 [6,]   0.01274843
 [7,]   0.85884994
 [8,]   0.33391759
 [9,]   0.07985887
[10,]  -0.06932003
[11,]  -0.22924230
[12,]  -0.71007103
[13,]   0.15650031
[14,]  -0.03342905
iter from getPCG1ofSigmaAndVector 5
iter from getPCG1ofSigmaAndVector 3
iter from getPCG1ofSigmaAndVector 3
iter from getPCG1ofSigmaAndVector 5
iter from getPCG1ofSigmaAndVector 3
iter from getPCG1ofSigmaAndVector 5
iter from getPCG1ofSigmaAndVector 3
iter from getPCG1ofSigmaAndVector 5
iter from getPCG1ofSigmaAndVector 3
iter from getPCG1ofSigmaAndVector 4
iter from getPCG1ofSigmaAndVector 3
   user  system elapsed 
737.978  37.794 934.611 
t_end - t_begin, fitting the NULL model took
   user  system elapsed 
725.098   3.480 722.108 
[1] "step2"
Start estimating variance ratios
iter from getPCG1ofSigmaAndVector 5
iter from getPCG1ofSigmaAndVector 3
iter from getPCG1ofSigmaAndVector 3
Tau:
[1] 1.0 0.1
Fixed-effect coefficients:
              [,1]
 [1,]  14.26322556
 [2,]  -9.31358910
 [3,]   4.95221329
 [4,] -69.39895630
 [5,]   0.67690885
 [6,]   0.17582995
 [7,]  -0.54780817
 [8,]  -0.67341423
 [9,]  -0.13190529
[10,]  -0.03063359
[11,]  -0.38707459
[12,]   0.11805817
[13,]  -0.01154599
[14,]   0.48650271
iGet_Coef:  3 
iter from getPCG1ofSigmaAndVector 5

Family: gaussian 
Link function: identity 

Only one variance ratio will be estimated using randomly selected markers with MAC >= 20
iter from getPCG1ofSigmaAndVector 5
iter from getPCG1ofSigmaAndVector 1
iter from getPCG1ofSigmaAndVector 1
iter from getPCG1ofSigmaAndVector 1
iter from getPCG1ofSigmaAndVector 1
iter from getPCG1ofSigmaAndVector 1
iter from getPCG1ofSigmaAndVector 1
iter from getPCG1ofSigmaAndVector 1
iter from getPCG1ofSigmaAndVector 1
iter from getPCG1ofSigmaAndVector 1
iter from getPCG1ofSigmaAndVector 1
iter from getPCG1ofSigmaAndVector 1
iter from getPCG1ofSigmaAndVector 1
iter from getPCG1ofSigmaAndVector 1
iter from getPCG1ofSigmaAndVector 1
123321 th marker
G0 1 0 0 0 2 0 0 0 0 1 
iter from getPCG1ofSigmaAndVector 1
133824 th marker
G0 0 0 0 0 0 0 0 0 0 0 
iter from getPCG1ofSigmaAndVector 1
iter from getPCG1ofSigmaAndVector 5
99991 th marker
G0 0 0 0 0 0 0 0 0 0 0 
iter from getPCG1ofSigmaAndVector 1
89155 th marker
G0 0 0 0 1 1 1 2 0 0 0 
iter from getPCG1ofSigmaAndVector 1
46944 th marker
G0 0 0 0 0 0 0 0 0 0 1 
iter from getPCG1ofSigmaAndVector 1
36131 th marker
G0 0 0 0 0 0 0 0 1 0 0 
iter from getPCG1ofSigmaAndVector 1
iter from getPCG1ofSigmaAndVector 5
56689 th marker
G0 0 1 1 1 0 1 0 1 2 1 
iter from getPCG1ofSigmaAndVector 1
72016 th marker
G0 0 0 0 0 0 0 0 0 0 0 
iter from getPCG1ofSigmaAndVector 1
89268 th marker
G0 2 1 2 1 1 0 0 1 1 1 
iter from getPCG1ofSigmaAndVector 1
87271 th marker
G0 1 1 0 0 0 2 0 0 0 0 
iter from getPCG1ofSigmaAndVector 1
iter from getPCG1ofSigmaAndVector 4
[1] "OK"
[1] "OK1"
108023 th marker
G0 2 0 1 1 1 1 0 0 0 2 
iter from getPCG1ofSigmaAndVector 1
27195 th marker
G0 1 0 2 1 2 0 2 0 2 1 
iter from getPCG1ofSigmaAndVector 1
165653 th marker
G0 1 2 0 2 2 1 0 1 0 1 
iter from getPCG1ofSigmaAndVector 1
98209 th marker
G0 1 0 0 1 1 0 0 0 0 0 
iter from getPCG1ofSigmaAndVector 1
89639 th marker
G0 0 0 0 0 0 0 0 0 0 0 
iter from getPCG1ofSigmaAndVector 1
148305 th marker
G0 0 0 0 0 0 0 0 0 0 0 
iter from getPCG1ofSigmaAndVector 1
25278 th marker
G0 2 2 1 2 1 2 1 1 2 1 
iter from getPCG1ofSigmaAndVector 1
33787 th marker
G0 0 1 0 0 0 1 1 1 0 0 
iter from getPCG1ofSigmaAndVector 1
147557 th marker
G0 0 0 0 0 0 0 0 0 0 0 
iter from getPCG1ofSigmaAndVector 1
70660 th marker
G0 0 0 0 0 0 1 1 0 1 0 
iter from getPCG1ofSigmaAndVector 1
[1] "OK"
[1] "OK1"
149474 th marker
G0 1 2 0 2 1 0 0 0 0 0 
iter from getPCG1ofSigmaAndVector 1
68265 th marker
G0 1 1 1 0 1 0 0 1 2 1 
iter from getPCG1ofSigmaAndVector 5
iter from getPCG1ofSigmaAndVector 1
108028 th marker
G0 1 0 0 0 0 0 0 0 0 0 
iter from getPCG1ofSigmaAndVector 1
iter from getPCG1ofSigmaAndVector 4
168641 th marker
G0 1 1 2 2 0 0 1 1 0 0 
iter from getPCG1ofSigmaAndVector 1
161570 th marker
G0 0 0 0 0 0 0 0 0 0 0 
iter from getPCG1ofSigmaAndVector 1
102219 th marker
G0 0 0 0 0 0 0 0 0 0 0 
iter from getPCG1ofSigmaAndVector 1
53434 th marker
G0 0 0 0 0 0 0 0 0 0 0 
iter from getPCG1ofSigmaAndVector 1
11722 th marker
G0 1 1 1 1 1 2 1 1 2 1 
iter from getPCG1ofSigmaAndVector 1
2073 th marker
G0 0 0 0 0 0 1 0 0 0 1 
iter from getPCG1ofSigmaAndVector 1
8729 th marker
G0 0 1 1 0 2 0 1 0 0 1 
iter from getPCG1ofSigmaAndVector 1
[1] "OK"
[1] "OK1"
[1] "OK2"
CV for variance ratio estimate using  30  markers is  1.68211e-09  <  0.001 
varRatio 0.001475706 
[1] 0.001475706
            [,1]
[1,] 0.001475706
            [,1]
[1,] 0.001475706
[1] "/mnt/bb/arodriguez/ALT_Mean.ASN/phewas.ld.maf.ALT_Mean.ASN.out.varianceRatio.txt"
iter from getPCG1ofSigmaAndVector 5
           V1
1 0.001475706
closed the plinkFile!
[1] "PATHS:"
[1] "/mnt/bb/arodriguez/ALT_Mean.ASN/phewas.ld.maf.ALT_Mean.ASN.out.rda"
[1] "/gpfs/alpine/med112/proj-shared/task0101113/output/FullRun/ALT_Mean/ASN/step1/phewas.ld.maf.ALT_Mean.ASN.out.rda"
iter from getPCG1ofSigmaAndVector 4
iter from getPCG1ofSigmaAndVector 5
iter from getPCG1ofSigmaAndVector 4
iter from getPCG1ofSigmaAndVector 5
iter from getPCG1ofSigmaAndVector 4
iter from getPCG1ofSigmaAndVector 5
Variance component estimates:
[1] 1.000000 0.100002

Iteration  1 1 0.100002 :
tau0_v1:  1 0.100002 
iGet_Coef:  1 
iter from getPCG1ofSigmaAndVector 4
iter from getPCG1ofSigmaAndVector 5
[1] "PhenoFile.ALT_Mean_INT.ASN.txt"
iter from getPCG1ofSigmaAndVector 4
iter from getPCG1ofSigmaAndVector 5
iter from getPCG1ofSigmaAndVector 5
iter from getPCG1ofSigmaAndVector 4
iter from getPCG1ofSigmaAndVector 5
iter from getPCG1ofSigmaAndVector 4
iter from getPCG1ofSigmaAndVector 5
iter from getPCG1ofSigmaAndVector 4
iter from getPCG1ofSigmaAndVector 5
iter from getPCG1ofSigmaAndVector 4
iter from getPCG1ofSigmaAndVector 5
iter from getPCG1ofSigmaAndVector 5
iter from getPCG1ofSigmaAndVector 4
iter from getPCG1ofSigmaAndVector 5
iter from getPCG1ofSigmaAndVector 4
iter from getPCG1ofSigmaAndVector 5
iter from getPCG1ofSigmaAndVector 4
inv_sympd failed, inverted with pinv
Tau:
[1] 1.0 0.1
Fixed-effect coefficients:
             [,1]
 [1,]  3.66476417
 [2,] -0.07302735
 [3,]  0.09138227
 [4,]  0.56984675
 [5,]  0.08581568
 [6,]  0.05691907
 [7,] -0.07829563
 [8,]  0.05234416
 [9,] -0.02938824
[10,] -0.03236908
[11,]  0.02491395
[12,]  0.02071378
[13,]  0.01634242
[14,] -0.12985635
iter from getPCG1ofSigmaAndVector 5
iGet_Coef:  4 
iter from getPCG1ofSigmaAndVector 5
iter from getPCG1ofSigmaAndVector 4
iter from getPCG1ofSigmaAndVector 5
iter from getPCG1ofSigmaAndVector 4
iter from getPCG1ofSigmaAndVector 5
iter from getPCG1ofSigmaAndVector 4
iter from getPCG1ofSigmaAndVector 5
Tau:
[1] 1.000000 0.100002
Fixed-effect coefficients:
              [,1]
 [1,]  2.100246429
 [2,] -0.867712498
 [3,] -0.756480336
 [4,] -0.105344728
 [5,] -0.244005904
 [6,] -0.100355625
 [7,] -0.437287569
 [8,] -0.057168879
 [9,] -0.131438941
[10,]  0.027454542
[11,]  0.029666806
[12,] -0.182816371
[13,]  0.003480986
[14,] -0.068686172
iter from getPCG1ofSigmaAndVector 4
iter from getPCG1ofSigmaAndVector 5
iter from getPCG1ofSigmaAndVector 4
iter from getPCG1ofSigmaAndVector 4
iter from getPCG1ofSigmaAndVector 4
iter from getPCG1ofSigmaAndVector 4
iter from getPCG1ofSigmaAndVector 5
iter from getPCG1ofSigmaAndVector 4
iter from getPCG1ofSigmaAndVector 4
iter from getPCG1ofSigmaAndVector 4
iter from getPCG1ofSigmaAndVector 4
iter from getPCG1ofSigmaAndVector 4
iter from getPCG1ofSigmaAndVector 5
iter from getPCG1ofSigmaAndVector 4
iter from getPCG1ofSigmaAndVector 5
iter from getPCG1ofSigmaAndVector 4
iter from getPCG1ofSigmaAndVector 4
iter from getPCG1ofSigmaAndVector 4
iter from getPCG1ofSigmaAndVector 5
iter from getPCG1ofSigmaAndVector 4
iter from getPCG1ofSigmaAndVector 5
iter from getPCG1ofSigmaAndVector 4
iter from getPCG1ofSigmaAndVector 5
iter from getPCG1ofSigmaAndVector 5
iter from getPCG1ofSigmaAndVector 4
Tau:
[1] 1.0 0.1
Fixed-effect coefficients:
               [,1]
 [1,]  4.2966899872
 [2,] -0.2813337445
 [3,]  0.0004154083
 [4,]  0.3807655275
 [5,]  0.0167891271
 [6,]  0.0221812073
 [7,]  0.0500012375
 [8,]  0.0393760875
 [9,] -0.0345982052
[10,] -0.0375739299
[11,]  0.0273557417
[12,] -0.0180304293
[13,] -0.0074932952
[14,] -0.1587200612
iGet_Coef:  5 
iter from getPCG1ofSigmaAndVector 5
iter from getPCG1ofSigmaAndVector 3
iter from getPCG1ofSigmaAndVector 3
iter from getPCG1ofSigmaAndVector 4
iter from getPCG1ofSigmaAndVector 3
iter from getPCG1ofSigmaAndVector 5
iter from getPCG1ofSigmaAndVector 3
iter from getPCG1ofSigmaAndVector 5
iter from getPCG1ofSigmaAndVector 3
iter from getPCG1ofSigmaAndVector 5
iter from getPCG1ofSigmaAndVector 3
iter from getPCG1ofSigmaAndVector 5
iter from getPCG1ofSigmaAndVector 4
iter from getPCG1ofSigmaAndVector 5
iter from getPCG1ofSigmaAndVector 4
iter from getPCG1ofSigmaAndVector 3
iter from getPCG1ofSigmaAndVector 5
iter from getPCG1ofSigmaAndVector 4
iter from getPCG1ofSigmaAndVector 4
iter from getPCG1ofSigmaAndVector 5
iter from getPCG1ofSigmaAndVector 4
iter from getPCG1ofSigmaAndVector 5
iter from getPCG1ofSigmaAndVector 4
iter from getPCG1ofSigmaAndVector 4
iter from getPCG1ofSigmaAndVector 4
iter from getPCG1ofSigmaAndVector 5
iter from getPCG1ofSigmaAndVector 3
iter from getPCG1ofSigmaAndVector 3
iter from getPCG1ofSigmaAndVector 5
Tau:
[1] 1.0 0.1
Fixed-effect coefficients:
             [,1]
 [1,]  4.70277452
 [2,] -0.55680126
 [3,] -0.15622345
 [4,]  0.28345668
 [5,] -0.05922728
 [6,] -0.00979973
 [7,]  0.18272534
 [8,]  0.04331531
 [9,] -0.04963315
[10,] -0.05293056
[11,]  0.04518455
[12,] -0.05624734
[13,] -0.02944629
[14,] -0.23962314
iGet_Coef:  6 
iter from getPCG1ofSigmaAndVector 5
iter from getPCG1ofSigmaAndVector 4
iter from getPCG1ofSigmaAndVector 3
iter from getPCG1ofSigmaAndVector 5
iter from getPCG1ofSigmaAndVector 3
iter from getPCG1ofSigmaAndVector 5
iter from getPCG1ofSigmaAndVector 3
iter from getPCG1ofSigmaAndVector 5
[1] 0.00000000 0.01818463
tau:  1 0.09607278 
tau0:  1 0.100002 

Final  1 0.09607278 :
iGet_Coef:  1 
iter from getPCG1ofSigmaAndVector 3
iter from getPCG1ofSigmaAndVector 3
iter from getPCG1ofSigmaAndVector 5
iter from getPCG1ofSigmaAndVector 3
iter from getPCG1ofSigmaAndVector 5
iter from getPCG1ofSigmaAndVector 3
iter from getPCG1ofSigmaAndVector 5
iter from getPCG1ofSigmaAndVector 3
iter from getPCG1ofSigmaAndVector 5
iter from getPCG1ofSigmaAndVector 3
iter from getPCG1ofSigmaAndVector 5
iter from getPCG1ofSigmaAndVector 3
iter from getPCG1ofSigmaAndVector 5
iter from getPCG1ofSigmaAndVector 3
iter from getPCG1ofSigmaAndVector 5
iter from getPCG1ofSigmaAndVector 3
iter from getPCG1ofSigmaAndVector 5
iter from getPCG1ofSigmaAndVector 3
iter from getPCG1ofSigmaAndVector 5
iter from getPCG1ofSigmaAndVector 3
Tau:
[1] 1.0 0.1
Fixed-effect coefficients:
             [,1]
 [1,]  4.97173309
 [2,] -0.75315499
 [3,] -0.33687240
 [4,]  0.16154212
 [5,] -0.11794503
 [6,] -0.03437396
 [7,]  0.25993976
 [8,]  0.05979686
 [9,] -0.05593131
[10,] -0.05828118
[11,]  0.06254893
[12,] -0.07806421
[13,] -0.04208477
[14,] -0.29042631
iGet_Coef:  7 
iter from getPCG1ofSigmaAndVector 5
iter from getPCG1ofSigmaAndVector 4
iter from getPCG1ofSigmaAndVector 5
iter from getPCG1ofSigmaAndVector 3
iter from getPCG1ofSigmaAndVector 5
iter from getPCG1ofSigmaAndVector 3
iter from getPCG1ofSigmaAndVector 5
iter from getPCG1ofSigmaAndVector 3
iter from getPCG1ofSigmaAndVector 5
iter from getPCG1ofSigmaAndVector 3
iter from getPCG1ofSigmaAndVector 5
Tau:
[1] 1.00000000 0.09607278
Fixed-effect coefficients:
              [,1]
 [1,]  2.100650787
 [2,] -0.867699802
 [3,] -0.756438494
 [4,] -0.105320431
 [5,] -0.244429424
 [6,] -0.101033546
 [7,] -0.437433809
 [8,] -0.057375528
 [9,] -0.131360188
[10,]  0.027316285
[11,]  0.029512359
[12,] -0.182832837
[13,]  0.003494289
[14,] -0.068697266
iter from getPCG1ofSigmaAndVector 3
iter from getPCG1ofSigmaAndVector 3
iter from getPCG1ofSigmaAndVector 3
iter from getPCG1ofSigmaAndVector 3
iter from getPCG1ofSigmaAndVector 3
iter from getPCG1ofSigmaAndVector 3
iter from getPCG1ofSigmaAndVector 3
iter from getPCG1ofSigmaAndVector 5
t1_Rinv_1 is  8090.557 
Nglmm  4358.548 
   user  system elapsed 
763.475  38.174 939.858 
t_end - t_begin, fitting the NULL model took
   user  system elapsed 
750.617   3.527 728.105 
Start estimating variance ratios
iter from getPCG1ofSigmaAndVector 3
iter from getPCG1ofSigmaAndVector 3
iter from getPCG1ofSigmaAndVector 3
Tau:
[1] 1.0 0.1
Fixed-effect coefficients:
             [,1]
 [1,]  5.10322571
 [2,] -0.84286267
 [3,] -0.47692347
 [4,]  0.02160867
 [5,] -0.13850617
 [6,] -0.04506607
 [7,]  0.27906436
 [8,]  0.07241836
 [9,] -0.05447636
[10,] -0.05709858
[11,]  0.07110898
[12,] -0.08334351
[13,] -0.04640787
[14,] -0.30248937
iGet_Coef:  8 

Family: binomial 
Link function: logit 

iter from getPCG1ofSigmaAndVector 3
iter from getPCG1ofSigmaAndVector 5
iter from getPCG1ofSigmaAndVector 3
iter from getPCG1ofSigmaAndVector 5
iter from getPCG1ofSigmaAndVector 3
iter from getPCG1ofSigmaAndVector 5
iter from getPCG1ofSigmaAndVector 3
iter from getPCG1ofSigmaAndVector 5
iter from getPCG1ofSigmaAndVector 3
iter from getPCG1ofSigmaAndVector 5
iter from getPCG1ofSigmaAndVector 3
iter from getPCG1ofSigmaAndVector 5
iter from getPCG1ofSigmaAndVector 3
iter from getPCG1ofSigmaAndVector 5
iter from getPCG1ofSigmaAndVector 3
iter from getPCG1ofSigmaAndVector 5
iter from getPCG1ofSigmaAndVector 3
iter from getPCG1ofSigmaAndVector 5
iter from getPCG1ofSigmaAndVector 3
iter from getPCG1ofSigmaAndVector 5
iter from getPCG1ofSigmaAndVector 3
iter from getPCG1ofSigmaAndVector 5
iter from getPCG1ofSigmaAndVector 3
iter from getPCG1ofSigmaAndVector 5
iter from getPCG1ofSigmaAndVector 3
iter from getPCG1ofSigmaAndVector 5
iter from getPCG1ofSigmaAndVector 3
iter from getPCG1ofSigmaAndVector 5
Only one variance ratio will be estimated using randomly selected markers with MAC >= 20
iter from getPCG1ofSigmaAndVector 3
Tau:
[1] 1.0 0.1
Fixed-effect coefficients:
             [,1]
 [1,]  5.15330791
 [2,] -0.87972635
 [3,] -0.52709675
 [4,] -0.12303387
 [5,] -0.14071599
 [6,] -0.04655173
 [7,]  0.28092062
 [8,]  0.07466099
 [9,] -0.05396565
[10,] -0.05682283
[11,]  0.07237653
[12,] -0.08375639
[13,] -0.04710417
[14,] -0.30359203
iGet_Coef:  9 
iter from getPCG1ofSigmaAndVector 3
iter from getPCG1ofSigmaAndVector 5
iter from getPCG1ofSigmaAndVector 3
iter from getPCG1ofSigmaAndVector 5
iter from getPCG1ofSigmaAndVector 3
iter from getPCG1ofSigmaAndVector 5
iter from getPCG1ofSigmaAndVector 3
iter from getPCG1ofSigmaAndVector 5
iter from getPCG1ofSigmaAndVector 3
iter from getPCG1ofSigmaAndVector 5
iter from getPCG1ofSigmaAndVector 3
iter from getPCG1ofSigmaAndVector 5
iter from getPCG1ofSigmaAndVector 3
iter from getPCG1ofSigmaAndVector 5
iter from getPCG1ofSigmaAndVector 3
iter from getPCG1ofSigmaAndVector 5
iter from getPCG1ofSigmaAndVector 3
iter from getPCG1ofSigmaAndVector 5
iter from getPCG1ofSigmaAndVector 3
iter from getPCG1ofSigmaAndVector 5
iter from getPCG1ofSigmaAndVector 3
iter from getPCG1ofSigmaAndVector 5
iter from getPCG1ofSigmaAndVector 3
iter from getPCG1ofSigmaAndVector 5
iter from getPCG1ofSigmaAndVector 3
iter from getPCG1ofSigmaAndVector 5
iter from getPCG1ofSigmaAndVector 3
iter from getPCG1ofSigmaAndVector 5
145348 th marker
G0 0 0 0 0 0 0 0 0 0 0 
iter from getPCG1ofSigmaAndVector 3
Tau:
[1] 1.0 0.1
Fixed-effect coefficients:
             [,1]
 [1,]  5.17798519
 [2,] -0.90127534
 [3,] -0.52243596
 [4,] -0.26734036
 [5,] -0.14073914
 [6,] -0.04658900
 [7,]  0.28099754
 [8,]  0.07473281
 [9,] -0.05396559
[10,] -0.05684308
[11,]  0.07239562
[12,] -0.08377460
[13,] -0.04715234
[14,] -0.30365491
iGet_Coef:  10 
iter from getPCG1ofSigmaAndVector 3
iter from getPCG1ofSigmaAndVector 3
82621 th marker
G0 0 0 0 0 0 0 0 0 0 0 
iter from getPCG1ofSigmaAndVector 3
iter from getPCG1ofSigmaAndVector 3
113736 th marker
G0 0 0 0 0 0 0 0 0 0 0 
iter from getPCG1ofSigmaAndVector 3
iter from getPCG1ofSigmaAndVector 3
99138 th marker
G0 0 0 0 0 0 0 0 0 0 0 
iter from getPCG1ofSigmaAndVector 3
iter from getPCG1ofSigmaAndVector 2
iter from getPCG1ofSigmaAndVector 4
48575 th marker
G0 1 1 2 1 1 0 1 1 2 1 
iter from getPCG1ofSigmaAndVector 3
iter from getPCG1ofSigmaAndVector 4
106634 th marker
G0 0 0 1 0 0 0 2 0 0 0 
iter from getPCG1ofSigmaAndVector 3
iter from getPCG1ofSigmaAndVector 3
33590 th marker
G0 0 0 0 0 2 0 1 0 0 0 
iter from getPCG1ofSigmaAndVector 4
iter from getPCG1ofSigmaAndVector 3
85451 th marker
G0 0 0 1 0 1 0 0 0 0 1 
iter from getPCG1ofSigmaAndVector 4
iter from getPCG1ofSigmaAndVector 3
75069 th marker
G0 1 1 1 0 0 0 0 0 2 0 
iter from getPCG1ofSigmaAndVector 4
iter from getPCG1ofSigmaAndVector 3
25523 th marker
G0 0 0 0 0 0 0 0 0 0 0 
iter from getPCG1ofSigmaAndVector 3
[1] "OK"
[1] "OK1"
64496 th marker
G0 0 1 0 0 0 0 1 0 1 0 
iter from getPCG1ofSigmaAndVector 3
iter from getPCG1ofSigmaAndVector 4
28936 th marker
G0 2 1 1 1 1 2 0 0 1 2 
iter from getPCG1ofSigmaAndVector 3
iter from getPCG1ofSigmaAndVector 4
75972 th marker
G0 0 0 1 0 0 0 0 0 0 0 
iter from getPCG1ofSigmaAndVector 3
iter from getPCG1ofSigmaAndVector 3
92799 th marker
G0 1 2 0 0 0 0 1 0 1 0 
iter from getPCG1ofSigmaAndVector 3
iter from getPCG1ofSigmaAndVector 4
iter from getPCG1ofSigmaAndVector 3
Tau:
[1] 1.0 0.1
Fixed-effect coefficients:
             [,1]
 [1,]  5.19970989
 [2,] -0.92107564
 [3,] -0.51050586
 [4,] -0.41125816
 [5,] -0.14073685
 [6,] -0.04658972
 [7,]  0.28100225
 [8,]  0.07473519
 [9,] -0.05396753
[10,] -0.05684659
[11,]  0.07239366
[12,] -0.08377605
[13,] -0.04715528
[14,] -0.30366123
iGet_Coef:  11 
156578 th marker
G0 0 0 0 0 0 1 0 1 1 1 
iter from getPCG1ofSigmaAndVector 4
iter from getPCG1ofSigmaAndVector 3
71473 th marker
G0 1 1 0 1 0 1 0 0 1 0 
iter from getPCG1ofSigmaAndVector 3
iter from getPCG1ofSigmaAndVector 5
30285 th marker
G0 2 1 2 0 1 1 1 2 1 1 
iter from getPCG1ofSigmaAndVector 3
iter from getPCG1ofSigmaAndVector 4
138870 th marker
G0 0 1 0 1 0 0 1 0 1 1 
iter from getPCG1ofSigmaAndVector 3
iter from getPCG1ofSigmaAndVector 4
67111 th marker
G0 0 0 1 1 1 0 0 1 1 0 
iter from getPCG1ofSigmaAndVector 2
iter from getPCG1ofSigmaAndVector 4
13637 th marker
G0 0 0 0 0 0 0 0 0 0 0 
iter from getPCG1ofSigmaAndVector 3
iter from getPCG1ofSigmaAndVector 3
[1] "OK"
[1] "OK1"
101021 th marker
G0 1 1 0 0 0 0 1 1 0 0 
iter from getPCG1ofSigmaAndVector 3
iter from getPCG1ofSigmaAndVector 4
89262 th marker
G0 0 0 0 0 0 0 1 0 0 0 
iter from getPCG1ofSigmaAndVector 3
iter from getPCG1ofSigmaAndVector 3
80132 th marker
G0 0 1 1 2 2 1 0 0 1 1 
iter from getPCG1ofSigmaAndVector 3
iter from getPCG1ofSigmaAndVector 4
29911 th marker
G0 0 1 0 1 0 0 0 0 2 1 
iter from getPCG1ofSigmaAndVector 3
iter from getPCG1ofSigmaAndVector 4
10973 th marker
G0 0 0 0 0 0 0 0 0 0 0 
iter from getPCG1ofSigmaAndVector 3
iter from getPCG1ofSigmaAndVector 3
117306 th marker
G0 0 1 0 0 0 1 0 0 0 1 
iter from getPCG1ofSigmaAndVector 4
iter from getPCG1ofSigmaAndVector 3
69256 th marker
G0 1 2 0 0 1 1 0 2 0 0 
iter from getPCG1ofSigmaAndVector 3
iter from getPCG1ofSigmaAndVector 4
55165 th marker
G0 0 1 0 0 0 0 1 0 0 0 
iter from getPCG1ofSigmaAndVector 3
iter from getPCG1ofSigmaAndVector 4
62896 th marker
G0 1 0 0 0 0 0 2 1 1 0 
iter from getPCG1ofSigmaAndVector 3
Tau:
[1] 1.0 0.1
Fixed-effect coefficients:
             [,1]
 [1,]  5.22136545
 [2,] -0.94081903
 [3,] -0.49853319
 [4,] -0.55494016
 [5,] -0.14073709
 [6,] -0.04659007
 [7,]  0.28100291
 [8,]  0.07473554
 [9,] -0.05396763
[10,] -0.05684700
[11,]  0.07239353
[12,] -0.08377625
[13,] -0.04715612
[14,] -0.30366153
iGet_Coef:  12 
iter from getPCG1ofSigmaAndVector 4
136500 th marker
G0 1 0 1 0 0 0 0 0 0 1 
iter from getPCG1ofSigmaAndVector 3
iter from getPCG1ofSigmaAndVector 4
[1] "OK"
[1] "OK1"
[1] "OK2"
CV for variance ratio estimate using  30  markers is  6.061802e-05  <  0.001 
varRatio 0.9849898 
[1] 0.9849898
          [,1]
[1,] 0.9849898
          [,1]
[1,] 0.9849898
[1] "/mnt/bb/arodriguez/Phe_274_1.ASN/phewas.ld.maf.Phe_274_1.ASN.out.varianceRatio.txt"
         V1
1 0.9849898
closed the plinkFile!
[1] "PATHS:"
[1] "/mnt/bb/arodriguez/Phe_274_1.ASN/phewas.ld.maf.Phe_274_1.ASN.out.rda"
[1] "/gpfs/alpine/med112/proj-shared/task0101113/output/FullRun/Phe_274_1/ASN/step1/phewas.ld.maf.Phe_274_1.ASN.out.rda"
iter from getPCG1ofSigmaAndVector 3
iter from getPCG1ofSigmaAndVector 3
iter from getPCG1ofSigmaAndVector 3
iter from getPCG1ofSigmaAndVector 2
iter from getPCG1ofSigmaAndVector 3
iter from getPCG1ofSigmaAndVector 3
[1] "PhenoFile.Phe_274_11.ASN.txt"
iter from getPCG1ofSigmaAndVector 3
iter from getPCG1ofSigmaAndVector 3
iter from getPCG1ofSigmaAndVector 3
iter from getPCG1ofSigmaAndVector 3
iter from getPCG1ofSigmaAndVector 3
iter from getPCG1ofSigmaAndVector 3
iter from getPCG1ofSigmaAndVector 3
iter from getPCG1ofSigmaAndVector 3
Tau:
[1] 1.0 0.1
Fixed-effect coefficients:
             [,1]
 [1,]  5.24295807
 [2,] -0.96051109
 [3,] -0.48656967
 [4,] -0.69832349
 [5,] -0.14073575
 [6,] -0.04658966
 [7,]  0.28100204
 [8,]  0.07473527
 [9,] -0.05396757
[10,] -0.05684662
[11,]  0.07239363
[12,] -0.08377559
[13,] -0.04715643
[14,] -0.30366018
iGet_Coef:  13 
iter from getPCG1ofSigmaAndVector 3
iter from getPCG1ofSigmaAndVector 3
iter from getPCG1ofSigmaAndVector 3
iter from getPCG1ofSigmaAndVector 3
iter from getPCG1ofSigmaAndVector 2
iter from getPCG1ofSigmaAndVector 3
iter from getPCG1ofSigmaAndVector 3
iter from getPCG1ofSigmaAndVector 3
iter from getPCG1ofSigmaAndVector 3
iter from getPCG1ofSigmaAndVector 3
iter from getPCG1ofSigmaAndVector 3
iter from getPCG1ofSigmaAndVector 3
iter from getPCG1ofSigmaAndVector 3
iter from getPCG1ofSigmaAndVector 3
iter from getPCG1ofSigmaAndVector 3
Tau:
[1] 1.0 0.1
Fixed-effect coefficients:
             [,1]
 [1,]  5.26446152
 [2,] -0.98011839
 [3,] -0.47466809
 [4,] -0.84103537
 [5,] -0.14073518
 [6,] -0.04658943
 [7,]  0.28100052
 [8,]  0.07473493
 [9,] -0.05396738
[10,] -0.05684655
[11,]  0.07239334
[12,] -0.08377564
[13,] -0.04715582
[14,] -0.30366039
iter from getPCG1ofSigmaAndVector 2
iter from getPCG1ofSigmaAndVector 3
iter from getPCG1ofSigmaAndVector 2
iter from getPCG1ofSigmaAndVector 3
iter from getPCG1ofSigmaAndVector 2
iter from getPCG1ofSigmaAndVector 3
iter from getPCG1ofSigmaAndVector 2
iter from getPCG1ofSigmaAndVector 3
iter from getPCG1ofSigmaAndVector 2
iter from getPCG1ofSigmaAndVector 3
iter from getPCG1ofSigmaAndVector 3
iter from getPCG1ofSigmaAndVector 2
iter from getPCG1ofSigmaAndVector 3
iter from getPCG1ofSigmaAndVector 3
iter from getPCG1ofSigmaAndVector 3
iter from getPCG1ofSigmaAndVector 3
iter from getPCG1ofSigmaAndVector 3
iter from getPCG1ofSigmaAndVector 3
iter from getPCG1ofSigmaAndVector 2
iter from getPCG1ofSigmaAndVector 3
iter from getPCG1ofSigmaAndVector 3
iter from getPCG1ofSigmaAndVector 2
iter from getPCG1ofSigmaAndVector 3
iter from getPCG1ofSigmaAndVector 3
iter from getPCG1ofSigmaAndVector 3
iter from getPCG1ofSigmaAndVector 3
iter from getPCG1ofSigmaAndVector 3
iter from getPCG1ofSigmaAndVector 2
iter from getPCG1ofSigmaAndVector 3
iter from getPCG1ofSigmaAndVector 2
iter from getPCG1ofSigmaAndVector 2
Variance component estimates:
[1] 1.00000000 0.09999873

Iteration  1 1 0.09999873 :
tau0_v1:  1 0.09999873 
iGet_Coef:  1 
iter from getPCG1ofSigmaAndVector 3
iter from getPCG1ofSigmaAndVector 3
iter from getPCG1ofSigmaAndVector 3
iter from getPCG1ofSigmaAndVector 3
iter from getPCG1ofSigmaAndVector 2
iter from getPCG1ofSigmaAndVector 3
iter from getPCG1ofSigmaAndVector 3
iter from getPCG1ofSigmaAndVector 3
iter from getPCG1ofSigmaAndVector 3
iter from getPCG1ofSigmaAndVector 3
iter from getPCG1ofSigmaAndVector 3
iter from getPCG1ofSigmaAndVector 3
iter from getPCG1ofSigmaAndVector 3
iter from getPCG1ofSigmaAndVector 3
iter from getPCG1ofSigmaAndVector 3
Tau:
[1] 1.00000000 0.09999873
Fixed-effect coefficients:
             [,1]
 [1,]  4.87985897
 [2,] -0.62051082
 [3,] -0.69363379
 [4,]  1.73070741
 [5,] -0.14066401
 [6,] -0.04655533
 [7,]  0.28101185
 [8,]  0.07479212
 [9,] -0.05399539
[10,] -0.05685287
[11,]  0.07241198
[12,] -0.08379027
[13,] -0.04715694
[14,] -0.30372092
iGet_Coef:  2 
iter from getPCG1ofSigmaAndVector 3
iter from getPCG1ofSigmaAndVector 3
iter from getPCG1ofSigmaAndVector 3
iter from getPCG1ofSigmaAndVector 3
iter from getPCG1ofSigmaAndVector 2
iter from getPCG1ofSigmaAndVector 3
iter from getPCG1ofSigmaAndVector 3
iter from getPCG1ofSigmaAndVector 3
iter from getPCG1ofSigmaAndVector 3
iter from getPCG1ofSigmaAndVector 3
iter from getPCG1ofSigmaAndVector 3
iter from getPCG1ofSigmaAndVector 3
iter from getPCG1ofSigmaAndVector 3
iter from getPCG1ofSigmaAndVector 3
iter from getPCG1ofSigmaAndVector 3
Tau:
[1] 1.00000000 0.09999873
Fixed-effect coefficients:
              [,1]
 [1,]  13.87206936
 [2,]  -8.95612717
 [3,]   4.73423815
 [4,] -66.77388000
 [5,]   0.67162627
 [6,]   0.17405979
 [7,]  -0.54398435
 [8,]  -0.66912729
 [9,]  -0.13131320
[10,]  -0.03072796
[11,]  -0.38480964
[12,]   0.11754577
[13,]  -0.01158978
[14,]   0.48257595
iGet_Coef:  3 
iter from getPCG1ofSigmaAndVector 5
iter from getPCG1ofSigmaAndVector 4
iter from getPCG1ofSigmaAndVector 4
iter from getPCG1ofSigmaAndVector 4
iter from getPCG1ofSigmaAndVector 4
iter from getPCG1ofSigmaAndVector 4
iter from getPCG1ofSigmaAndVector 4
iter from getPCG1ofSigmaAndVector 4
iter from getPCG1ofSigmaAndVector 4
iter from getPCG1ofSigmaAndVector 4
iter from getPCG1ofSigmaAndVector 4
iter from getPCG1ofSigmaAndVector 4
iter from getPCG1ofSigmaAndVector 4
iter from getPCG1ofSigmaAndVector 4
iter from getPCG1ofSigmaAndVector 4
inv_sympd failed, inverted with pinv
Tau:
[1] 1.00000000 0.09999873
Fixed-effect coefficients:
             [,1]
 [1,]  3.68094921
 [2,] -0.07528153
 [3,]  0.06295195
 [4,]  0.57022345
 [5,]  0.09684886
 [6,]  0.06204201
 [7,] -0.08096090
 [8,]  0.03697209
 [9,] -0.03375247
[10,] -0.03521140
[11,]  0.01637211
[12,]  0.01832337
[13,]  0.01333876
[14,] -0.12409494
iGet_Coef:  4 
iter from getPCG1ofSigmaAndVector 4
iter from getPCG1ofSigmaAndVector 4
iter from getPCG1ofSigmaAndVector 4
iter from getPCG1ofSigmaAndVector 4
iter from getPCG1ofSigmaAndVector 4
iter from getPCG1ofSigmaAndVector 4
iter from getPCG1ofSigmaAndVector 4
iter from getPCG1ofSigmaAndVector 4
iter from getPCG1ofSigmaAndVector 4
iter from getPCG1ofSigmaAndVector 4
iter from getPCG1ofSigmaAndVector 4
iter from getPCG1ofSigmaAndVector 4
iter from getPCG1ofSigmaAndVector 4
iter from getPCG1ofSigmaAndVector 4
iter from getPCG1ofSigmaAndVector 3
Tau:
[1] 1.00000000 0.09999873
Fixed-effect coefficients:
              [,1]
 [1,]  4.308100700
 [2,] -0.286888838
 [3,] -0.026358575
 [4,]  0.381167412
 [5,]  0.023625148
 [6,]  0.025959978
 [7,]  0.050188340
 [8,]  0.027794231
 [9,] -0.038364615
[10,] -0.040248107
[11,]  0.020893900
[12,] -0.020235077
[13,] -0.009927253
[14,] -0.156585127
iGet_Coef:  5 
iter from getPCG1ofSigmaAndVector 3
iter from getPCG1ofSigmaAndVector 3
iter from getPCG1ofSigmaAndVector 3
iter from getPCG1ofSigmaAndVector 3
iter from getPCG1ofSigmaAndVector 3
iter from getPCG1ofSigmaAndVector 3
iter from getPCG1ofSigmaAndVector 4
iter from getPCG1ofSigmaAndVector 4
iter from getPCG1ofSigmaAndVector 3
iter from getPCG1ofSigmaAndVector 3
iter from getPCG1ofSigmaAndVector 4
iter from getPCG1ofSigmaAndVector 4
iter from getPCG1ofSigmaAndVector 4
iter from getPCG1ofSigmaAndVector 3
iter from getPCG1ofSigmaAndVector 3
Tau:
[1] 1.00000000 0.09999873
Fixed-effect coefficients:
              [,1]
 [1,]  4.711939812
 [2,] -0.563036799
 [3,] -0.180433780
 [4,]  0.283762187
 [5,] -0.055101983
 [6,] -0.007024219
 [7,]  0.183391228
 [8,]  0.035299558
 [9,] -0.052599173
[10,] -0.055169515
[11,]  0.040669970
[12,] -0.057912085
[13,] -0.030590655
[14,] -0.239420101
iGet_Coef:  6 
iter from getPCG1ofSigmaAndVector 4
iter from getPCG1ofSigmaAndVector 3
iter from getPCG1ofSigmaAndVector 3
iter from getPCG1ofSigmaAndVector 3
iter from getPCG1ofSigmaAndVector 3
iter from getPCG1ofSigmaAndVector 3
iter from getPCG1ofSigmaAndVector 3
iter from getPCG1ofSigmaAndVector 3
iter from getPCG1ofSigmaAndVector 3
iter from getPCG1ofSigmaAndVector 3
iter from getPCG1ofSigmaAndVector 3
iter from getPCG1ofSigmaAndVector 3
iter from getPCG1ofSigmaAndVector 3
iter from getPCG1ofSigmaAndVector 3
iter from getPCG1ofSigmaAndVector 3
Tau:
[1] 1.00000000 0.09999873
Fixed-effect coefficients:
             [,1]
 [1,]  4.97876358
 [2,] -0.75740403
 [3,] -0.35559803
 [4,]  0.16172394
 [5,] -0.11609827
 [6,] -0.03295404
 [7,]  0.25992694
 [8,]  0.05632772
 [9,] -0.05733786
[10,] -0.05935714
[11,]  0.06040753
[12,] -0.07877575
[13,] -0.04230978
[14,] -0.29054794
iGet_Coef:  7 
iter from getPCG1ofSigmaAndVector 4
iter from getPCG1ofSigmaAndVector 3
iter from getPCG1ofSigmaAndVector 3
iter from getPCG1ofSigmaAndVector 3
iter from getPCG1ofSigmaAndVector 3
iter from getPCG1ofSigmaAndVector 3
iter from getPCG1ofSigmaAndVector 3
iter from getPCG1ofSigmaAndVector 3
iter from getPCG1ofSigmaAndVector 3
iter from getPCG1ofSigmaAndVector 3
iter from getPCG1ofSigmaAndVector 3
iter from getPCG1ofSigmaAndVector 3
iter from getPCG1ofSigmaAndVector 3
iter from getPCG1ofSigmaAndVector 3
iter from getPCG1ofSigmaAndVector 3
Tau:
[1] 1.00000000 0.09999873
Fixed-effect coefficients:
             [,1]
 [1,]  5.10672712
 [2,] -0.84486264
 [3,] -0.48661739
 [4,]  0.02174838
 [5,] -0.13815032
 [6,] -0.04479627
 [7,]  0.27901170
 [8,]  0.07184476
 [9,] -0.05472442
[10,] -0.05729245
[11,]  0.07071819
[12,] -0.08346007
[13,] -0.04642240
[14,] -0.30251190
iGet_Coef:  8 
iter from getPCG1ofSigmaAndVector 3
iter from getPCG1ofSigmaAndVector 3
iter from getPCG1ofSigmaAndVector 3
iter from getPCG1ofSigmaAndVector 3
iter from getPCG1ofSigmaAndVector 3
iter from getPCG1ofSigmaAndVector 3
iter from getPCG1ofSigmaAndVector 3
iter from getPCG1ofSigmaAndVector 3
iter from getPCG1ofSigmaAndVector 3
iter from getPCG1ofSigmaAndVector 3
iter from getPCG1ofSigmaAndVector 3
iter from getPCG1ofSigmaAndVector 3
iter from getPCG1ofSigmaAndVector 3
iter from getPCG1ofSigmaAndVector 3
iter from getPCG1ofSigmaAndVector 3
Tau:
[1] 1.00000000 0.09999873
Fixed-effect coefficients:
             [,1]
 [1,]  5.15396690
 [2,] -0.88008821
 [3,] -0.52895612
 [4,] -0.12289054
 [5,] -0.14070550
 [6,] -0.04654504
 [7,]  0.28091985
 [8,]  0.07464550
 [9,] -0.05397262
[10,] -0.05682853
[11,]  0.07236554
[12,] -0.08375974
[13,] -0.04710450
[14,] -0.30359364
iGet_Coef:  9 
iter from getPCG1ofSigmaAndVector 3
iter from getPCG1ofSigmaAndVector 3
iter from getPCG1ofSigmaAndVector 3
iter from getPCG1ofSigmaAndVector 3
iter from getPCG1ofSigmaAndVector 3
iter from getPCG1ofSigmaAndVector 3
iter from getPCG1ofSigmaAndVector 3
iter from getPCG1ofSigmaAndVector 3
iter from getPCG1ofSigmaAndVector 3
iter from getPCG1ofSigmaAndVector 3
iter from getPCG1ofSigmaAndVector 3
iter from getPCG1ofSigmaAndVector 3
iter from getPCG1ofSigmaAndVector 3
iter from getPCG1ofSigmaAndVector 3
iter from getPCG1ofSigmaAndVector 3
Tau:
[1] 1.00000000 0.09999873
Fixed-effect coefficients:
             [,1]
 [1,]  5.17797899
 [2,] -0.90126413
 [3,] -0.52248269
 [4,] -0.26719728
 [5,] -0.14073989
 [6,] -0.04658925
 [7,]  0.28099692
 [8,]  0.07473306
 [9,] -0.05396554
[10,] -0.05684315
[11,]  0.07239553
[12,] -0.08377505
[13,] -0.04715232
[14,] -0.30365512
iGet_Coef:  10 
iter from getPCG1ofSigmaAndVector 3
iter from getPCG1ofSigmaAndVector 3
iter from getPCG1ofSigmaAndVector 3
iter from getPCG1ofSigmaAndVector 3
iter from getPCG1ofSigmaAndVector 2
iter from getPCG1ofSigmaAndVector 3
iter from getPCG1ofSigmaAndVector 3
iter from getPCG1ofSigmaAndVector 3
iter from getPCG1ofSigmaAndVector 3
iter from getPCG1ofSigmaAndVector 3
iter from getPCG1ofSigmaAndVector 3
iter from getPCG1ofSigmaAndVector 3
iter from getPCG1ofSigmaAndVector 3
iter from getPCG1ofSigmaAndVector 3
iter from getPCG1ofSigmaAndVector 3
Tau:
[1] 1.00000000 0.09999873
Fixed-effect coefficients:
             [,1]
 [1,]  5.19970417
 [2,] -0.92106462
 [3,] -0.51053327
 [4,] -0.41112310
 [5,] -0.14073795
 [6,] -0.04659022
 [7,]  0.28100377
 [8,]  0.07473567
 [9,] -0.05396759
[10,] -0.05684643
[11,]  0.07239460
[12,] -0.08377656
[13,] -0.04715579
[14,] -0.30366299
iGet_Coef:  11 
iter from getPCG1ofSigmaAndVector 3
iter from getPCG1ofSigmaAndVector 3
iter from getPCG1ofSigmaAndVector 3
iter from getPCG1ofSigmaAndVector 3
iter from getPCG1ofSigmaAndVector 2
iter from getPCG1ofSigmaAndVector 3
iter from getPCG1ofSigmaAndVector 3
iter from getPCG1ofSigmaAndVector 3
iter from getPCG1ofSigmaAndVector 3
iter from getPCG1ofSigmaAndVector 3
iter from getPCG1ofSigmaAndVector 3
iter from getPCG1ofSigmaAndVector 3
iter from getPCG1ofSigmaAndVector 3
iter from getPCG1ofSigmaAndVector 3
iter from getPCG1ofSigmaAndVector 3
Tau:
[1] 1.00000000 0.09999873
Fixed-effect coefficients:
             [,1]
 [1,]  5.22134066
 [2,] -0.94079727
 [3,] -0.49854079
 [4,] -0.55480504
 [5,] -0.14073655
 [6,] -0.04658983
 [7,]  0.28100267
 [8,]  0.07473558
 [9,] -0.05396779
[10,] -0.05684694
[11,]  0.07239343
[12,] -0.08377609
[13,] -0.04715590
[14,] -0.30366164
iGet_Coef:  12 
iter from getPCG1ofSigmaAndVector 3
iter from getPCG1ofSigmaAndVector 3
iter from getPCG1ofSigmaAndVector 3
iter from getPCG1ofSigmaAndVector 3
iter from getPCG1ofSigmaAndVector 2
iter from getPCG1ofSigmaAndVector 3
iter from getPCG1ofSigmaAndVector 3
iter from getPCG1ofSigmaAndVector 3
iter from getPCG1ofSigmaAndVector 3
iter from getPCG1ofSigmaAndVector 3
iter from getPCG1ofSigmaAndVector 3
iter from getPCG1ofSigmaAndVector 3
iter from getPCG1ofSigmaAndVector 3
iter from getPCG1ofSigmaAndVector 3
iter from getPCG1ofSigmaAndVector 3
Tau:
[1] 1.00000000 0.09999873
Fixed-effect coefficients:
             [,1]
 [1,]  5.24294376
 [2,] -0.96049476
 [3,] -0.48658812
 [4,] -0.69818264
 [5,] -0.14073551
 [6,] -0.04658946
 [7,]  0.28100219
 [8,]  0.07473510
 [9,] -0.05396794
[10,] -0.05684680
[11,]  0.07239333
[12,] -0.08377592
[13,] -0.04715596
[14,] -0.30366114
iGet_Coef:  13 
iter from getPCG1ofSigmaAndVector 3
iter from getPCG1ofSigmaAndVector 3
iter from getPCG1ofSigmaAndVector 3
iter from getPCG1ofSigmaAndVector 3
iter from getPCG1ofSigmaAndVector 2
iter from getPCG1ofSigmaAndVector 3
iter from getPCG1ofSigmaAndVector 3
iter from getPCG1ofSigmaAndVector 3
iter from getPCG1ofSigmaAndVector 3
iter from getPCG1ofSigmaAndVector 3
iter from getPCG1ofSigmaAndVector 3
iter from getPCG1ofSigmaAndVector 3
iter from getPCG1ofSigmaAndVector 3
iter from getPCG1ofSigmaAndVector 3
iter from getPCG1ofSigmaAndVector 3
Tau:
[1] 1.00000000 0.09999873
Fixed-effect coefficients:
             [,1]
 [1,]  5.26442766
 [2,] -0.98008931
 [3,] -0.47467878
 [4,] -0.84083450
 [5,] -0.14073491
 [6,] -0.04658918
 [7,]  0.28100127
 [8,]  0.07473471
 [9,] -0.05396745
[10,] -0.05684653
[11,]  0.07239288
[12,] -0.08377546
[13,] -0.04715579
[14,] -0.30365968
iter from getPCG1ofSigmaAndVector 3
iter from getPCG1ofSigmaAndVector 2
iter from getPCG1ofSigmaAndVector 3
iter from getPCG1ofSigmaAndVector 3
iter from getPCG1ofSigmaAndVector 3
iter from getPCG1ofSigmaAndVector 3
iter from getPCG1ofSigmaAndVector 3
iter from getPCG1ofSigmaAndVector 3
iter from getPCG1ofSigmaAndVector 2
iter from getPCG1ofSigmaAndVector 2
iter from getPCG1ofSigmaAndVector 3
iter from getPCG1ofSigmaAndVector 2
iter from getPCG1ofSigmaAndVector 3
iter from getPCG1ofSigmaAndVector 2
iter from getPCG1ofSigmaAndVector 3
iter from getPCG1ofSigmaAndVector 3
iter from getPCG1ofSigmaAndVector 2
iter from getPCG1ofSigmaAndVector 3
iter from getPCG1ofSigmaAndVector 3
iter from getPCG1ofSigmaAndVector 2
iter from getPCG1ofSigmaAndVector 3
iter from getPCG1ofSigmaAndVector 3
iter from getPCG1ofSigmaAndVector 3
iter from getPCG1ofSigmaAndVector 3
iter from getPCG1ofSigmaAndVector 3
iter from getPCG1ofSigmaAndVector 3
iter from getPCG1ofSigmaAndVector 3
iter from getPCG1ofSigmaAndVector 3
iter from getPCG1ofSigmaAndVector 3
iter from getPCG1ofSigmaAndVector 3
iter from getPCG1ofSigmaAndVector 2
[1] 0.0000000 0.8333316
tau:  1 0 
tau0:  1 0.09999873 

Final  1 0 :
iGet_Coef:  1 
iter from getPCG1ofSigmaAndVector 1
iter from getPCG1ofSigmaAndVector 1
iter from getPCG1ofSigmaAndVector 1
iter from getPCG1ofSigmaAndVector 1
iter from getPCG1ofSigmaAndVector 1
iter from getPCG1ofSigmaAndVector 1
iter from getPCG1ofSigmaAndVector 1
iter from getPCG1ofSigmaAndVector 1
iter from getPCG1ofSigmaAndVector 1
iter from getPCG1ofSigmaAndVector 1
iter from getPCG1ofSigmaAndVector 1
iter from getPCG1ofSigmaAndVector 1
iter from getPCG1ofSigmaAndVector 1
iter from getPCG1ofSigmaAndVector 1
iter from getPCG1ofSigmaAndVector 1
Tau:
[1] 1 0
Fixed-effect coefficients:
             [,1]
 [1,]  5.28597307
 [2,] -1.00077403
 [3,] -0.46269736
 [4,] -0.98548514
 [5,] -0.13954654
 [6,] -0.04763018
 [7,]  0.28001657
 [8,]  0.07530706
 [9,] -0.05436842
[10,] -0.05699972
[11,]  0.07282148
[12,] -0.08464319
[13,] -0.04719560
[14,] -0.30370259
iter from getPCG1ofSigmaAndVector 1
t1_Rinv_1 is  8036 
Nglmm  305.0488 
   user  system elapsed 
849.670  38.696 962.714 
t_end - t_begin, fitting the NULL model took
   user  system elapsed 
836.684   3.661 750.914 
Start estimating variance ratios

Family: binomial 
Link function: logit 

iter from getPCG1ofSigmaAndVector 1
iter from getPCG1ofSigmaAndVector 1
iter from getPCG1ofSigmaAndVector 1
iter from getPCG1ofSigmaAndVector 1
iter from getPCG1ofSigmaAndVector 1
iter from getPCG1ofSigmaAndVector 1
iter from getPCG1ofSigmaAndVector 1
iter from getPCG1ofSigmaAndVector 1
iter from getPCG1ofSigmaAndVector 1
iter from getPCG1ofSigmaAndVector 1
iter from getPCG1ofSigmaAndVector 1
iter from getPCG1ofSigmaAndVector 1
iter from getPCG1ofSigmaAndVector 1
iter from getPCG1ofSigmaAndVector 1
Only one variance ratio will be estimated using randomly selected markers with MAC >= 20
iter from getPCG1ofSigmaAndVector 1
iter from getPCG1ofSigmaAndVector 1
iter from getPCG1ofSigmaAndVector 1
iter from getPCG1ofSigmaAndVector 1
iter from getPCG1ofSigmaAndVector 1
iter from getPCG1ofSigmaAndVector 1
iter from getPCG1ofSigmaAndVector 1
iter from getPCG1ofSigmaAndVector 1
iter from getPCG1ofSigmaAndVector 1
iter from getPCG1ofSigmaAndVector 1
iter from getPCG1ofSigmaAndVector 1
iter from getPCG1ofSigmaAndVector 1
iter from getPCG1ofSigmaAndVector 1
iter from getPCG1ofSigmaAndVector 1
67372 th marker
G0 1 0 0 0 1 2 1 0 0 1 
iter from getPCG1ofSigmaAndVector 1
108764 th marker
G0 0 1 0 0 0 0 0 1 1 0 
iter from getPCG1ofSigmaAndVector 1
142537 th marker
G0 0 0 0 0 0 0 0 0 0 0 
iter from getPCG1ofSigmaAndVector 1
109180 th marker
G0 0 0 0 0 0 0 0 0 0 0 
iter from getPCG1ofSigmaAndVector 1
109068 th marker
G0 0 0 0 0 0 0 0 0 0 0 
iter from getPCG1ofSigmaAndVector 1
171043 th marker
G0 0 0 0 0 0 0 0 0 0 0 
iter from getPCG1ofSigmaAndVector 1
121365 th marker
G0 2 1 1 1 2 1 2 0 2 1 
iter from getPCG1ofSigmaAndVector 1
1696 th marker
G0 1 1 1 0 1 2 2 1 0 1 
iter from getPCG1ofSigmaAndVector 1
111100 th marker
G0 0 0 0 0 0 0 0 0 0 0 
iter from getPCG1ofSigmaAndVector 1
134130 th marker
G0 2 2 2 2 2 2 2 2 2 1 
iter from getPCG1ofSigmaAndVector 1
[1] "OK"
[1] "OK1"
128836 th marker
G0 0 0 0 0 0 0 0 0 0 0 
iter from getPCG1ofSigmaAndVector 1
56758 th marker
G0 0 0 1 0 0 0 0 1 0 0 
iter from getPCG1ofSigmaAndVector 1
166411 th marker
G0 1 1 1 0 2 0 1 0 1 2 
iter from getPCG1ofSigmaAndVector 1
114505 th marker
G0 0 0 2 0 2 1 0 0 1 2 
iter from getPCG1ofSigmaAndVector 1
123411 th marker
G0 2 2 2 2 2 2 2 2 2 2 
iter from getPCG1ofSigmaAndVector 1
69258 th marker
G0 1 2 1 0 1 1 1 2 0 1 
iter from getPCG1ofSigmaAndVector 1
67365 th marker
G0 0 0 0 0 0 0 0 0 0 0 
iter from getPCG1ofSigmaAndVector 1
94990 th marker
G0 0 0 0 1 0 0 0 0 0 0 
iter from getPCG1ofSigmaAndVector 1
134717 th marker
G0 0 0 0 0 0 0 0 0 0 0 
iter from getPCG1ofSigmaAndVector 1
99158 th marker
G0 2 2 1 2 1 2 2 1 1 0 
iter from getPCG1ofSigmaAndVector 1
[1] "OK"
[1] "OK1"
4091 th marker
G0 1 0 1 0 0 0 1 2 0 0 
iter from getPCG1ofSigmaAndVector 1
56326 th marker
G0 0 1 0 0 0 0 1 2 0 1 
iter from getPCG1ofSigmaAndVector 1
60057 th marker
G0 0 0 0 0 0 0 0 0 0 0 
iter from getPCG1ofSigmaAndVector 1
59036 th marker
G0 0 0 0 0 0 0 0 0 0 0 
iter from getPCG1ofSigmaAndVector 1
21083 th marker
G0 0 1 2 1 2 1 1 0 0 2 
iter from getPCG1ofSigmaAndVector 1
98975 th marker
G0 2 1 0 0 2 2 1 2 1 1 
iter from getPCG1ofSigmaAndVector 1
125895 th marker
G0 2 2 2 2 1 0 1 2 2 1 
iter from getPCG1ofSigmaAndVector 1
167326 th marker
G0 0 0 0 0 0 0 0 0 0 0 
iter from getPCG1ofSigmaAndVector 1
84809 th marker
G0 2 2 1 2 0 1 2 0 1 1 
iter from getPCG1ofSigmaAndVector 1
123780 th marker
G0 2 2 2 2 2 2 2 1 2 2 
iter from getPCG1ofSigmaAndVector 1
[1] "OK"
[1] "OK1"
[1] "OK2"
CV for variance ratio estimate using  30  markers is  1.04353e-09  <  0.001 
varRatio 1 
[1] 1
     [,1]
[1,]    1
     [,1]
[1,]    1
[1] "/mnt/bb/arodriguez/Phe_588_2.ASN/phewas.ld.maf.Phe_588_2.ASN.out.varianceRatio.txt"
  V1
1  1
closed the plinkFile!
[1] "PATHS:"
[1] "/mnt/bb/arodriguez/Phe_588_2.ASN/phewas.ld.maf.Phe_588_2.ASN.out.rda"
[1] "/gpfs/alpine/med112/proj-shared/task0101113/output/FullRun/Phe_588_2/ASN/step1/phewas.ld.maf.Phe_588_2.ASN.out.rda"
[1] "PhenoFile.Phe_589.ASN.txt"
tauInit  is  0 0 
cateVarRatioMinMACVecExclude  is  0.5 1.5 2.5 3.5 4.5 5.5 10.5 20.5 
cateVarRatioMaxMACVecInclude  is  1.5 2.5 3.5 4.5 5.5 10.5 20.5 
[1] "Phenotype for this run: /mnt/bb/arodriguez/ALT_Mean_INT.ASN/PhenoFile.ALT_Mean_INT.ASN.txt"
Markers in the Plink file with MAF >=  1e-04  will be used to construct GRM
42  threads are set to be used  
658582  samples have genotypes
formula is  Phenotype~Age+Gender+pc1+pc2+pc3+pc4+pc5+pc6+pc7+pc8+pc9+pc10 
7161  samples have non-missing phenotypes
651421  samples in geno file do not have phenotypes
7161  samples will be used for analysis
qr transformation has been performed on covariates
colnames(data.new) is  Y minus1 Age GenderF GenderM pc1 pc2 pc3 pc4 pc5 pc6 pc7 pc8 pc9 pc10 
out.transform$Param.transform$qrr:  14 14 
Phenotype  is a quantitative trait
glm:

Call:  glm(formula = formula.new, family = gaussian(link = "identity"), 
    data = data.new)

Coefficients:
   minus1        Age    GenderF    GenderM        pc1        pc2        pc3  
-0.195689   0.217708  -0.237583  -0.012865   0.014864   0.015288   0.075962  
      pc4        pc5        pc6        pc7        pc8        pc9       pc10  
 0.006701   0.001590   0.003938  -0.015330  -0.044454   0.012032  -0.012745  

Degrees of Freedom: 7161 Total (i.e. Null);  7147 Residual
Null Deviance:	    7912 
Residual Deviance: 6830 	AIC: 20010
Start fitting the NULL GLMM
   user  system elapsed 
746.041  69.287 973.810 
[1] "Start reading genotype plink file here"
nbyte: 164646
nbyte: 1791
reserve: 308308128

M: 171951, N: 658582
size of genoVecofPointers: 15
setgeno mark1
setgeno mark2
tauInit  is  0 0 
cateVarRatioMinMACVecExclude  is  0.5 1.5 2.5 3.5 4.5 5.5 10.5 20.5 
cateVarRatioMaxMACVecInclude  is  1.5 2.5 3.5 4.5 5.5 10.5 20.5 
[1] "Phenotype for this run: /mnt/bb/arodriguez/Phe_274_11.ASN/PhenoFile.Phe_274_11.ASN.txt"
Markers in the Plink file with MAF >=  1e-04  will be used to construct GRM
42  threads are set to be used  
658582  samples have genotypes
formula is  Phenotype~Age+Gender+pc1+pc2+pc3+pc4+pc5+pc6+pc7+pc8+pc9+pc10 
7868  samples have non-missing phenotypes
650714  samples in geno file do not have phenotypes
7868  samples will be used for analysis
qr transformation has been performed on covariates
colnames(data.new) is  Y minus1 Age GenderF GenderM pc1 pc2 pc3 pc4 pc5 pc6 pc7 pc8 pc9 pc10 
out.transform$Param.transform$qrr:  14 14 
Phenotype  is a binary trait
glm:

Call:  glm(formula = formula.new, family = binomial, data = data.new)

Coefficients:
   minus1        Age    GenderF    GenderM        pc1        pc2        pc3  
 4.189229  -0.861908  -0.475070  -1.971308  -0.192572   0.005663   0.403682  
      pc4        pc5        pc6        pc7        pc8        pc9       pc10  
-0.087357   0.093187   0.002153   0.108502  -0.261949   0.079169   0.059198  

Degrees of Freedom: 7868 Total (i.e. Null);  7854 Residual
Null Deviance:	    10910 
Residual Deviance: 1907 	AIC: 1935
Start fitting the NULL GLMM
   user  system elapsed 
784.742  69.974 983.189 
[1] "Start reading genotype plink file here"
nbyte: 164646
nbyte: 1967
reserve: 338571520

M: 171951, N: 658582
size of genoVecofPointers: 15
setgeno mark1
setgeno mark2
tauInit  is  0 0 
cateVarRatioMinMACVecExclude  is  0.5 1.5 2.5 3.5 4.5 5.5 10.5 20.5 
cateVarRatioMaxMACVecInclude  is  1.5 2.5 3.5 4.5 5.5 10.5 20.5 
[1] "Phenotype for this run: /mnt/bb/arodriguez/Phe_589.ASN/PhenoFile.Phe_589.ASN.txt"
Markers in the Plink file with MAF >=  1e-04  will be used to construct GRM
42  threads are set to be used  
658582  samples have genotypes
formula is  Phenotype~Age+Gender+pc1+pc2+pc3+pc4+pc5+pc6+pc7+pc8+pc9+pc10 
7972  samples have non-missing phenotypes
650610  samples in geno file do not have phenotypes
7972  samples will be used for analysis
qr transformation has been performed on covariates
colnames(data.new) is  Y minus1 Age GenderF GenderM pc1 pc2 pc3 pc4 pc5 pc6 pc7 pc8 pc9 pc10 
out.transform$Param.transform$qrr:  14 14 
Phenotype  is a binary trait
glm:

Call:  glm(formula = formula.new, family = binomial, data = data.new)

Coefficients:
   minus1        Age    GenderF    GenderM        pc1        pc2        pc3  
 6.112470  -0.435237   0.191546  -1.965463   0.038539  -0.148742   0.098653  
      pc4        pc5        pc6        pc7        pc8        pc9       pc10  
 0.003364   0.048562   0.304584   0.237073  -0.089993   0.031765   0.022090  

Degrees of Freedom: 7972 Total (i.e. Null);  7958 Residual
Null Deviance:	    11050 
Residual Deviance: 342.3 	AIC: 370.3
Start fitting the NULL GLMM
    user   system  elapsed 
 862.548   70.163 1003.593 
[1] "Start reading genotype plink file here"
nbyte: 164646
nbyte: 1993
reserve: 343042240

M: 171951, N: 658582
size of genoVecofPointers: 15
setgeno mark1
setgeno mark2
342824 markers with MAF >= 0.0001 are used for GRM.
setgeno mark5
setgeno mark6
M by N size: 171951 M, 7161 N
343129 markers with MAF >= 0.0001 are used for GRM.
setgeno mark5
setgeno mark6
M by N size: 171951 M, 7868 N
Size in bytes of fullGRM is:64
Size in bytes of fullGRM is:112
time: 716671
[1] "Genotype reading is done"
Fixed-effect coefficients:
      minus1          Age      GenderF      GenderM          pc1          pc2 
-0.195688964  0.217708425 -0.237582875 -0.012864926  0.014863933  0.015287508 
         pc3          pc4          pc5          pc6          pc7          pc8 
 0.075962279  0.006701437  0.001589892  0.003938201 -0.015330219 -0.044454152 
         pc9         pc10 
 0.012031538 -0.012744842 
initial tau is  1 0 
iGet_Coef:  1 
iter from getPCG1ofSigmaAndVector 1
iter from getPCG1ofSigmaAndVector 1
iter from getPCG1ofSigmaAndVector 1
iter from getPCG1ofSigmaAndVector 1
iter from getPCG1ofSigmaAndVector 1
iter from getPCG1ofSigmaAndVector 1
iter from getPCG1ofSigmaAndVector 1
iter from getPCG1ofSigmaAndVector 1
iter from getPCG1ofSigmaAndVector 1
iter from getPCG1ofSigmaAndVector 1
iter from getPCG1ofSigmaAndVector 1
iter from getPCG1ofSigmaAndVector 1
iter from getPCG1ofSigmaAndVector 1
iter from getPCG1ofSigmaAndVector 1
iter from getPCG1ofSigmaAndVector 1
Tau:
[1] 1 0
Fixed-effect coefficients:
              [,1]
 [1,] -0.195689067
 [2,]  0.217708468
 [3,] -0.237583041
 [4,] -0.012864885
 [5,]  0.014863944
 [6,]  0.015287538
 [7,]  0.075962253
 [8,]  0.006701441
 [9,]  0.001589885
[10,]  0.003938204
[11,] -0.015330233
[12,] -0.044454172
[13,]  0.012031540
[14,] -0.012744834
iter from getPCG1ofSigmaAndVector 1
iter from getPCG1ofSigmaAndVector 1
iter from getPCG1ofSigmaAndVector 1
iter from getPCG1ofSigmaAndVector 1
iter from getPCG1ofSigmaAndVector 1
iter from getPCG1ofSigmaAndVector 1
iter from getPCG1ofSigmaAndVector 1
iter from getPCG1ofSigmaAndVector 1
iter from getPCG1ofSigmaAndVector 1
iter from getPCG1ofSigmaAndVector 1
iter from getPCG1ofSigmaAndVector 1
iter from getPCG1ofSigmaAndVector 1
iter from getPCG1ofSigmaAndVector 1
iter from getPCG1ofSigmaAndVector 1
iter from getPCG1ofSigmaAndVector 1
iter from getPCG1ofSigmaAndVector 1
iter from getPCG1ofSigmaAndVector 1
iter from getPCG1ofSigmaAndVector 1
iter from getPCG1ofSigmaAndVector 1
iter from getPCG1ofSigmaAndVector 1
iter from getPCG1ofSigmaAndVector 1
iter from getPCG1ofSigmaAndVector 1
iter from getPCG1ofSigmaAndVector 1
iter from getPCG1ofSigmaAndVector 1
iter from getPCG1ofSigmaAndVector 1
iter from getPCG1ofSigmaAndVector 1
iter from getPCG1ofSigmaAndVector 1
iter from getPCG1ofSigmaAndVector 1
iter from getPCG1ofSigmaAndVector 1
iter from getPCG1ofSigmaAndVector 1
iter from getPCG1ofSigmaAndVector 1
iter from getPCG1ofSigmaAndVector 1
Variance component estimates:
[1] 0.9556161 0.0000000

Iteration  1 :
iGet_Coef:  1 
iter from getPCG1ofSigmaAndVector 1
iter from getPCG1ofSigmaAndVector 1
iter from getPCG1ofSigmaAndVector 1
iter from getPCG1ofSigmaAndVector 1
iter from getPCG1ofSigmaAndVector 1
iter from getPCG1ofSigmaAndVector 1
iter from getPCG1ofSigmaAndVector 1
iter from getPCG1ofSigmaAndVector 1
iter from getPCG1ofSigmaAndVector 1
iter from getPCG1ofSigmaAndVector 1
iter from getPCG1ofSigmaAndVector 1
iter from getPCG1ofSigmaAndVector 1
iter from getPCG1ofSigmaAndVector 1
iter from getPCG1ofSigmaAndVector 1
iter from getPCG1ofSigmaAndVector 1
Tau:
[1] 0.9556161 0.0000000
Fixed-effect coefficients:
              [,1]
 [1,] -0.195688948
 [2,]  0.217708230
 [3,] -0.237583011
 [4,] -0.012864977
 [5,]  0.014863930
 [6,]  0.015287522
 [7,]  0.075962320
 [8,]  0.006701444
 [9,]  0.001589887
[10,]  0.003938204
[11,] -0.015330208
[12,] -0.044454131
[13,]  0.012031538
[14,] -0.012744836
iter from getPCG1ofSigmaAndVector 1
iter from getPCG1ofSigmaAndVector 1
iter from getPCG1ofSigmaAndVector 1
iter from getPCG1ofSigmaAndVector 1
iter from getPCG1ofSigmaAndVector 1
iter from getPCG1ofSigmaAndVector 1
iter from getPCG1ofSigmaAndVector 1
iter from getPCG1ofSigmaAndVector 1
iter from getPCG1ofSigmaAndVector 1
iter from getPCG1ofSigmaAndVector 1
iter from getPCG1ofSigmaAndVector 1
iter from getPCG1ofSigmaAndVector 1
iter from getPCG1ofSigmaAndVector 1
iter from getPCG1ofSigmaAndVector 1
iter from getPCG1ofSigmaAndVector 1
iter from getPCG1ofSigmaAndVector 1
iter from getPCG1ofSigmaAndVector 1
iter from getPCG1ofSigmaAndVector 1
iter from getPCG1ofSigmaAndVector 1
iter from getPCG1ofSigmaAndVector 1
iter from getPCG1ofSigmaAndVector 1
iter from getPCG1ofSigmaAndVector 1
iter from getPCG1ofSigmaAndVector 1
iter from getPCG1ofSigmaAndVector 1
iter from getPCG1ofSigmaAndVector 1
iter from getPCG1ofSigmaAndVector 1
iter from getPCG1ofSigmaAndVector 1
iter from getPCG1ofSigmaAndVector 1
iter from getPCG1ofSigmaAndVector 1
iter from getPCG1ofSigmaAndVector 1
iter from getPCG1ofSigmaAndVector 1
iter from getPCG1ofSigmaAndVector 1
cov:  0.0001334474 -2.377648e-12 -1.069943e-12 6.793295e-13 -1.307707e-12 2.037984e-13 3.396642e-13 -9.510598e-13 1.290724e-12 5.094966e-13 7.812278e-13 -1.120892e-12 -1.095417e-12 2.037985e-13 -2.377648e-12 0.0001334472 -1.596422e-12 -7.744346e-12 -2.547478e-13 1.018991e-13 1.22279e-12 3.141891e-13 -4.415629e-13 9.850258e-13 -1.783236e-13 -2.377646e-13 -8.512826e-13 1.086924e-12 -1.069943e-12 -1.596422e-12 0.0001334474 8.423687e-12 -2.037985e-13 1.018993e-13 -1.086926e-12 -8.831272e-13 -5.604459e-13 1.3162e-12 -3.396644e-14 -4.075971e-13 2.989047e-12 4.7553e-13 6.793295e-13 -7.744346e-12 8.423687e-12 0.0001334475 6.793288e-14 1.103909e-13 -1.283078e-19 2.717315e-13 1.868154e-13 -2.037988e-13 1.807773e-20 4.670386e-13 -1.868153e-13 -1.188826e-13 -1.307707e-12 -2.547478e-13 -2.037985e-13 6.793288e-14 0.0001334472 1.630386e-12 1.868152e-13 -2.207815e-13 1.766252e-12 8.151939e-13 1.222791e-12 -2.717311e-13 3.736304e-13 2.377647e-12 2.037984e-13 1.018991e-13 1.018993e-13 1.103909e-13 1.630386e-12 0.0001334472 -4.925128e-13 -3.396637e-14 -1.698319e-13 -3.736305e-13 1.222791e-12 1.995525e-13 1.018992e-12 3.396641e-14 3.396642e-13 1.22279e-12 -1.086926e-12 -1.283078e-19 1.868152e-13 -4.925128e-13 0.0001334473 -5.010045e-13 -6.793279e-13 -1.154858e-12 9.850261e-13 3.090943e-12 6.793281e-13 -2.1229e-13 -9.510598e-13 3.141891e-13 -8.831272e-13 2.717315e-13 -2.207815e-13 -3.396637e-14 -5.010045e-13 0.0001334473 -1.630387e-12 -3.396642e-13 1.902119e-12 -1.27374e-12 1.426589e-12 3.056976e-13 1.290724e-12 -4.415629e-13 -5.604459e-13 1.868154e-13 1.766252e-12 -1.698319e-13 -6.793279e-13 -1.630387e-12 0.0001334472 -1.868153e-13 1.154858e-12 -1.358656e-13 7.642439e-13 -7.472606e-13 5.094966e-13 9.850258e-13 1.3162e-12 -2.037988e-13 8.151939e-13 -3.736305e-13 -1.154858e-12 -3.396642e-13 -1.868153e-13 0.0001334474 -2.037986e-13 -3.056978e-13 -1.154859e-12 8.15194e-13 7.812278e-13 -1.783236e-13 -3.396644e-14 1.807773e-20 1.222791e-12 1.222791e-12 9.850261e-13 1.902119e-12 1.154858e-12 -2.037986e-13 0.0001334473 6.793281e-14 1.528489e-12 -4.075969e-13 -1.120892e-12 -2.377646e-13 -4.075971e-13 4.670386e-13 -2.717311e-13 1.995525e-13 3.090943e-12 -1.27374e-12 -1.358656e-13 -3.056978e-13 6.793281e-14 0.0001334473 8.831265e-13 2.972059e-13 -1.095417e-12 -8.512826e-13 2.989047e-12 -1.868153e-13 3.736304e-13 1.018992e-12 6.793281e-13 1.426589e-12 7.642439e-13 -1.154859e-12 1.528489e-12 8.831265e-13 0.0001334473 -1.018992e-13 2.037985e-13 1.086924e-12 4.7553e-13 -1.188826e-13 2.377647e-12 3.396641e-14 -2.1229e-13 3.056976e-13 -7.472606e-13 8.15194e-13 -4.075969e-13 2.972059e-13 -1.018992e-13 0.0001334473 
Variance component estimates:
[1] 0.91209018 0.04328203
Fixed-effect coefficients:
              [,1]
 [1,] -0.195688948
 [2,]  0.217708230
 [3,] -0.237583011
 [4,] -0.012864977
 [5,]  0.014863930
 [6,]  0.015287522
 [7,]  0.075962320
 [8,]  0.006701444
 [9,]  0.001589887
[10,]  0.003938204
[11,] -0.015330208
[12,] -0.044454131
[13,]  0.012031538
[14,] -0.012744836

Iteration  2 :
iGet_Coef:  1 
iter from getPCG1ofSigmaAndVector 7
iter from getPCG1ofSigmaAndVector 6
iter from getPCG1ofSigmaAndVector 8
iter from getPCG1ofSigmaAndVector 7
iter from getPCG1ofSigmaAndVector 7
iter from getPCG1ofSigmaAndVector 8
iter from getPCG1ofSigmaAndVector 7
iter from getPCG1ofSigmaAndVector 7
iter from getPCG1ofSigmaAndVector 7
iter from getPCG1ofSigmaAndVector 7
iter from getPCG1ofSigmaAndVector 6
iter from getPCG1ofSigmaAndVector 7
iter from getPCG1ofSigmaAndVector 7
iter from getPCG1ofSigmaAndVector 7
iter from getPCG1ofSigmaAndVector 7
Tau:
[1] 0.91209018 0.04328203
Fixed-effect coefficients:
              [,1]
 [1,] -0.195689276
 [2,]  0.223771483
 [3,] -0.236498252
 [4,] -0.013822829
 [5,]  0.021431003
 [6,]  0.025283042
 [7,]  0.078496836
 [8,]  0.007551041
 [9,]  0.001386071
[10,]  0.003978532
[11,] -0.015628289
[12,] -0.042040117
[13,]  0.013349238
[14,] -0.013545184
iter from getPCG1ofSigmaAndVector 7
iter from getPCG1ofSigmaAndVector 7
iter from getPCG1ofSigmaAndVector 7
iter from getPCG1ofSigmaAndVector 7
iter from getPCG1ofSigmaAndVector 7
iter from getPCG1ofSigmaAndVector 6
iter from getPCG1ofSigmaAndVector 7
iter from getPCG1ofSigmaAndVector 7
iter from getPCG1ofSigmaAndVector 7
iter from getPCG1ofSigmaAndVector 7
iter from getPCG1ofSigmaAndVector 6
iter from getPCG1ofSigmaAndVector 7
iter from getPCG1ofSigmaAndVector 7
iter from getPCG1ofSigmaAndVector 7
iter from getPCG1ofSigmaAndVector 7
iter from getPCG1ofSigmaAndVector 6
iter from getPCG1ofSigmaAndVector 7
iter from getPCG1ofSigmaAndVector 7
iter from getPCG1ofSigmaAndVector 7
iter from getPCG1ofSigmaAndVector 7
iter from getPCG1ofSigmaAndVector 7
iter from getPCG1ofSigmaAndVector 6
iter from getPCG1ofSigmaAndVector 7
iter from getPCG1ofSigmaAndVector 7
iter from getPCG1ofSigmaAndVector 6
iter from getPCG1ofSigmaAndVector 7
iter from getPCG1ofSigmaAndVector 7
iter from getPCG1ofSigmaAndVector 7
iter from getPCG1ofSigmaAndVector 7
iter from getPCG1ofSigmaAndVector 7
iter from getPCG1ofSigmaAndVector 7
iter from getPCG1ofSigmaAndVector 8
cov:  0.0001273692 -1.857577e-11 -9.701857e-12 -1.18821e-11 -8.701499e-11 -1.432826e-10 3.662415e-11 -1.413503e-11 -2.090942e-11 -9.160855e-12 -6.686051e-12 1.954905e-11 -1.219751e-11 1.197476e-11 -1.857577e-11 0.0001497803 3.643026e-06 -3.926611e-06 8.358592e-05 4.445096e-05 -8.945552e-06 -6.904478e-06 -3.409133e-06 -2.769099e-06 -5.478424e-06 2.634135e-06 8.906094e-07 -1.446765e-06 -9.701857e-12 3.643026e-06 0.0001362842 -1.060197e-06 3.453392e-05 1.895332e-05 -2.241128e-06 5.765883e-06 2.759744e-06 2.282134e-06 3.794494e-06 -2.935224e-07 -2.140688e-07 3.469752e-08 -1.18821e-11 -3.926611e-06 -1.060197e-06 0.0001340169 -2.637633e-05 -1.296547e-05 1.301113e-06 2.119478e-06 6.623055e-07 5.677193e-07 1.682629e-06 4.723734e-07 -7.65034e-08 1.441084e-07 -8.701499e-11 8.358592e-05 3.453392e-05 -2.637633e-05 0.0008519552 0.000342688 -7.196927e-05 -6.798507e-06 4.072237e-07 1.713207e-06 -4.583513e-06 -6.669748e-06 -2.368964e-06 3.732909e-07 -1.432826e-10 4.445096e-05 1.895332e-05 -1.296547e-05 0.000342688 0.0003588574 -2.345269e-05 -1.185681e-05 1.090694e-06 8.743411e-07 -1.005901e-05 -1.401002e-05 3.195753e-07 -1.169167e-06 3.662415e-11 -8.945552e-06 -2.241128e-06 1.301113e-06 -7.196927e-05 -2.345269e-05 0.0003653588 -3.219092e-06 4.058231e-05 2.855004e-05 -1.747865e-05 -9.557496e-05 -7.301156e-07 -1.059358e-06 -1.413503e-11 -6.904478e-06 5.765883e-06 2.119478e-06 -6.798507e-06 -1.185681e-05 -3.219092e-06 0.0002047558 2.527965e-05 2.100459e-05 4.692611e-05 1.461729e-05 -3.151507e-07 -9.74139e-09 -2.090942e-11 -3.409133e-06 2.759744e-06 6.623055e-07 4.072237e-07 1.090694e-06 4.058231e-05 2.527965e-05 0.0001536547 1.407584e-05 1.558337e-05 -1.359741e-05 -1.113846e-06 2.087414e-07 -9.160855e-12 -2.769099e-06 2.282134e-06 5.677193e-07 1.713207e-06 8.743411e-07 2.855004e-05 2.100459e-05 1.407584e-05 0.0001459926 1.403741e-05 -9.01712e-06 -7.164838e-07 2.736069e-07 -6.686051e-12 -5.478424e-06 3.794494e-06 1.682629e-06 -4.583513e-06 -1.005901e-05 -1.747865e-05 4.692611e-05 1.558337e-05 1.403741e-05 0.0001694841 1.61537e-05 -1.201226e-06 6.98634e-07 1.954905e-11 2.634135e-06 -2.935224e-07 4.723734e-07 -6.669748e-06 -1.401002e-05 -9.557496e-05 1.461729e-05 -1.359741e-05 -9.01712e-06 1.61537e-05 0.0001841975 1.536643e-06 -5.613534e-07 -1.219751e-11 8.906094e-07 -2.140688e-07 -7.65034e-08 -2.368964e-06 3.195753e-07 -7.301156e-07 -3.151507e-07 -1.113846e-06 -7.164838e-07 -1.201226e-06 1.536643e-06 0.0001347856 -4.927742e-07 1.197476e-11 -1.446765e-06 3.469752e-08 1.441084e-07 3.732909e-07 -1.169167e-06 -1.059358e-06 -9.74139e-09 2.087414e-07 2.736069e-07 6.98634e-07 -5.613534e-07 -4.927742e-07 0.0001345825 
Variance component estimates:
[1] 0.90139598 0.05549374
Fixed-effect coefficients:
              [,1]
 [1,] -0.195689276
 [2,]  0.223771483
 [3,] -0.236498252
 [4,] -0.013822829
 [5,]  0.021431003
 [6,]  0.025283042
 [7,]  0.078496836
 [8,]  0.007551041
 [9,]  0.001386071
[10,]  0.003978532
[11,] -0.015628289
[12,] -0.042040117
[13,]  0.013349238
[14,] -0.013545184

Iteration  3 :
iGet_Coef:  1 
iter from getPCG1ofSigmaAndVector 7
iter from getPCG1ofSigmaAndVector 6
iter from getPCG1ofSigmaAndVector 9
iter from getPCG1ofSigmaAndVector 8
iter from getPCG1ofSigmaAndVector 8
iter from getPCG1ofSigmaAndVector 8
iter from getPCG1ofSigmaAndVector 8
iter from getPCG1ofSigmaAndVector 8
iter from getPCG1ofSigmaAndVector 9
iter from getPCG1ofSigmaAndVector 8
iter from getPCG1ofSigmaAndVector 7
343135 markers with MAF >= 0.0001 are used for GRM.
setgeno mark5
setgeno mark6
M by N size: 171951 M, 7972 N
iter from getPCG1ofSigmaAndVector 8
iter from getPCG1ofSigmaAndVector 8
iter from getPCG1ofSigmaAndVector 7
iter from getPCG1ofSigmaAndVector 7
Tau:
[1] 0.90139598 0.05549374
Fixed-effect coefficients:
              [,1]
 [1,] -0.195690438
 [2,]  0.225019753
 [3,] -0.236226380
 [4,] -0.014061639
 [5,]  0.023414362
 [6,]  0.027346984
 [7,]  0.079098776
 [8,]  0.007733182
 [9,]  0.001366989
[10,]  0.004018333
[11,] -0.015679345
[12,] -0.041660011
[13,]  0.013589263
[14,] -0.013665039
iter from getPCG1ofSigmaAndVector 7
iter from getPCG1ofSigmaAndVector 7
iter from getPCG1ofSigmaAndVector 7
iter from getPCG1ofSigmaAndVector 7
iter from getPCG1ofSigmaAndVector 7
iter from getPCG1ofSigmaAndVector 7
iter from getPCG1ofSigmaAndVector 7
iter from getPCG1ofSigmaAndVector 7
iter from getPCG1ofSigmaAndVector 7
iter from getPCG1ofSigmaAndVector 7
iter from getPCG1ofSigmaAndVector 7
iter from getPCG1ofSigmaAndVector 7
iter from getPCG1ofSigmaAndVector 7
iter from getPCG1ofSigmaAndVector 7
iter from getPCG1ofSigmaAndVector 7
iter from getPCG1ofSigmaAndVector 8
iter from getPCG1ofSigmaAndVector 7
iter from getPCG1ofSigmaAndVector 7
iter from getPCG1ofSigmaAndVector 8
iter from getPCG1ofSigmaAndVector 7
iter from getPCG1ofSigmaAndVector 8
iter from getPCG1ofSigmaAndVector 7
iter from getPCG1ofSigmaAndVector 7
iter from getPCG1ofSigmaAndVector 7
iter from getPCG1ofSigmaAndVector 7
iter from getPCG1ofSigmaAndVector 7
iter from getPCG1ofSigmaAndVector 7
iter from getPCG1ofSigmaAndVector 7
iter from getPCG1ofSigmaAndVector 7
iter from getPCG1ofSigmaAndVector 7
iter from getPCG1ofSigmaAndVector 7
iter from getPCG1ofSigmaAndVector 9
cov:  0.0001258764 -4.457825e-11 -3.117382e-11 6.608582e-12 -3.881074e-10 -3.927848e-10 8.313124e-11 -3.905623e-11 -1.710355e-11 -1.213393e-11 -2.378852e-11 -1.266241e-11 -5.99623e-12 1.406833e-11 -4.457825e-11 0.0001538621 4.63489e-06 -4.923088e-06 0.000106031 5.637985e-05 -1.155945e-05 -8.846156e-06 -4.28726e-06 -3.497296e-06 -6.936889e-06 2.988374e-06 1.039341e-06 -1.723739e-06 -3.117382e-11 4.63489e-06 0.0001371955 -1.35059e-06 4.392116e-05 2.379524e-05 -2.820984e-06 7.254506e-06 3.468449e-06 2.876192e-06 4.775485e-06 -3.549893e-07 -2.716106e-07 4.482247e-08 6.608582e-12 -4.923088e-06 -1.35059e-06 0.0001343312 -3.342232e-05 -1.656345e-05 1.676917e-06 2.71231e-06 8.338063e-07 7.1526e-07 2.141664e-06 6.615767e-07 -8.407754e-08 1.720223e-07 -3.881074e-10 0.000106031 4.392116e-05 -3.342232e-05 0.001044639 0.0004374629 -9.169781e-05 -9.16464e-06 3.966184e-07 2.062081e-06 -6.156329e-06 -8.745325e-06 -2.939367e-06 4.335119e-07 -3.927848e-10 5.637985e-05 2.379524e-05 -1.656345e-05 0.0004374629 0.0004155245 -2.966427e-05 -1.621776e-05 8.414768e-07 7.004622e-07 -1.345957e-05 -1.780659e-05 3.148516e-07 -1.371853e-06 8.313124e-11 -1.155945e-05 -2.820984e-06 1.676917e-06 -9.169781e-05 -2.966427e-05 0.0004297685 -4.019766e-06 5.191683e-05 3.652501e-05 -2.223859e-05 -0.0001222182 -9.599554e-07 -1.321117e-06 -3.905623e-11 -8.846156e-06 7.254506e-06 2.71231e-06 -9.16464e-06 -1.621776e-05 -4.019766e-06 0.0002242846 3.211754e-05 2.66967e-05 5.97141e-05 1.868582e-05 -4.33659e-07 4.755234e-09 -1.710355e-11 -4.28726e-06 3.468449e-06 8.338063e-07 3.966184e-07 8.414768e-07 5.191683e-05 3.211754e-05 0.0001593373 1.791226e-05 1.978345e-05 -1.729403e-05 -1.407596e-06 2.523582e-07 -1.213393e-11 -3.497296e-06 2.876192e-06 7.1526e-07 2.062081e-06 7.004622e-07 3.652501e-05 2.66967e-05 1.791226e-05 0.0001495925 1.784105e-05 -1.14789e-05 -9.096439e-07 3.412088e-07 -2.378852e-11 -6.936889e-06 4.775485e-06 2.141664e-06 -6.156329e-06 -1.345957e-05 -2.223859e-05 5.97141e-05 1.978345e-05 1.784105e-05 0.0001794996 2.071775e-05 -1.51676e-06 8.746291e-07 -1.266241e-11 2.988374e-06 -3.549893e-07 6.615767e-07 -8.745325e-06 -1.780659e-05 -0.0001222182 1.868582e-05 -1.729403e-05 -1.14789e-05 2.071775e-05 0.0001981554 1.866938e-06 -6.22401e-07 -5.99623e-12 1.039341e-06 -2.716106e-07 -8.407754e-08 -2.939367e-06 3.148516e-07 -9.599554e-07 -4.33659e-07 -1.407596e-06 -9.096439e-07 -1.51676e-06 1.866938e-06 0.0001352843 -5.930273e-07 1.406833e-11 -1.723739e-06 4.482247e-08 1.720223e-07 4.335119e-07 -1.371853e-06 -1.321117e-06 4.755234e-09 2.523582e-07 3.412088e-07 8.746291e-07 -6.22401e-07 -5.930273e-07 0.0001350391 
Variance component estimates:
[1] 0.90275526 0.05393948
Fixed-effect coefficients:
              [,1]
 [1,] -0.195690438
 [2,]  0.225019753
 [3,] -0.236226380
 [4,] -0.014061639
 [5,]  0.023414362
 [6,]  0.027346984
 [7,]  0.079098776
 [8,]  0.007733182
 [9,]  0.001366989
[10,]  0.004018333
[11,] -0.015679345
[12,] -0.041660011
[13,]  0.013589263
[14,] -0.013665039

Final  0.9027553 0.05393948 :
iGet_Coef:  1 
iter from getPCG1ofSigmaAndVector 8
iter from getPCG1ofSigmaAndVector 6
iter from getPCG1ofSigmaAndVector 9
iter from getPCG1ofSigmaAndVector 8
iter from getPCG1ofSigmaAndVector 7
iter from getPCG1ofSigmaAndVector 8
iter from getPCG1ofSigmaAndVector 8
iter from getPCG1ofSigmaAndVector 8
iter from getPCG1ofSigmaAndVector 9
Size in bytes of fullGRM is:64
Size in bytes of fullGRM is:112
time: 720617
[1] "Genotype reading is done"
iter from getPCG1ofSigmaAndVector 8
inital tau is  1 0.1 
iGet_Coef:  1 
iter from getPCG1ofSigmaAndVector 7
iter from getPCG1ofSigmaAndVector 8
iter from getPCG1ofSigmaAndVector 8
iter from getPCG1ofSigmaAndVector 7
iter from getPCG1ofSigmaAndVector 7
Tau:
[1] 0.90275526 0.05393948
Fixed-effect coefficients:
              [,1]
 [1,] -0.195688993
 [2,]  0.224868312
 [3,] -0.236260176
 [4,] -0.014031808
 [5,]  0.023159919
 [6,]  0.027094521
 [7,]  0.079024293
 [8,]  0.007710631
 [9,]  0.001368696
[10,]  0.004012634
[11,] -0.015673559
[12,] -0.041703500
[13,]  0.013560846
[14,] -0.013651413
    user   system  elapsed 
1503.980   73.076 1700.509 
t_end - t_begin, fitting the NULL model took
   user  system elapsed 
757.939   3.789 726.699 
[1] "step2"
Start estimating variance ratios

Family: gaussian 
Link function: identity 

Only one variance ratio will be estimated using randomly selected markers with MAC >= 20
iter from getPCG1ofSigmaAndVector 6
iter from getPCG1ofSigmaAndVector 9
iter from getPCG1ofSigmaAndVector 8
iter from getPCG1ofSigmaAndVector 7
iter from getPCG1ofSigmaAndVector 8
iter from getPCG1ofSigmaAndVector 8
iter from getPCG1ofSigmaAndVector 8
iter from getPCG1ofSigmaAndVector 9
iter from getPCG1ofSigmaAndVector 8
iter from getPCG1ofSigmaAndVector 7
iter from getPCG1ofSigmaAndVector 8
iter from getPCG1ofSigmaAndVector 8
iter from getPCG1ofSigmaAndVector 7
iter from getPCG1ofSigmaAndVector 7
145631 th marker
G0 0 0 0 0 0 0 0 0 0 0 
iter from getPCG1ofSigmaAndVector 6
47481 th marker
G0 2 1 1 1 2 1 2 2 1 0 
iter from getPCG1ofSigmaAndVector 7
2680 th marker
G0 0 0 0 0 0 0 0 0 0 0 
iter from getPCG1ofSigmaAndVector 7
20814 th marker
G0 0 1 0 0 0 1 0 1 0 1 
iter from getPCG1ofSigmaAndVector 7
163655 th marker
G0 0 0 0 0 0 0 0 0 0 0 
iter from getPCG1ofSigmaAndVector 6
111718 th marker
G0 0 0 0 0 0 0 0 0 0 1 
iter from getPCG1ofSigmaAndVector 7
171150 th marker
G0 2 0 2 0 0 1 1 2 1 0 
iter from getPCG1ofSigmaAndVector 7
35139 th marker
G0 1 1 0 0 0 0 0 2 2 1 
iter from getPCG1ofSigmaAndVector 7
62650 th marker
G0 0 0 0 0 0 0 0 0 0 0 
iter from getPCG1ofSigmaAndVector 6
71544 th marker
G0 0 0 0 1 1 1 1 0 0 0 
iter from getPCG1ofSigmaAndVector 7
[1] "OK"
[1] "OK1"
35505 th marker
G0 1 0 1 1 0 0 0 0 1 1 
iter from getPCG1ofSigmaAndVector 7
85539 th marker
G0 0 0 0 0 0 0 0 0 0 0 
iter from getPCG1ofSigmaAndVector 7
141078 th marker
G0 2 2 1 2 2 2 1 1 1 2 
iter from getPCG1ofSigmaAndVector 7
111073 th marker
G0 0 0 0 0 0 0 0 0 0 0 
iter from getPCG1ofSigmaAndVector 5
118990 th marker
G0 0 0 0 0 0 0 0 0 0 0 
iter from getPCG1ofSigmaAndVector 6
73161 th marker
G0 1 2 1 1 0 1 1 2 0 2 
iter from getPCG1ofSigmaAndVector 7
164380 th marker
G0 1 1 1 1 1 1 1 1 1 1 
iter from getPCG1ofSigmaAndVector 7
147619 th marker
G0 0 0 0 0 0 1 1 1 1 0 
iter from getPCG1ofSigmaAndVector 7
155840 th marker
G0 0 0 0 0 0 0 0 0 0 0 
iter from getPCG1ofSigmaAndVector 5
62019 th marker
G0 0 0 0 0 0 0 0 0 0 0 
iter from getPCG1ofSigmaAndVector 5
iter from getPCG1ofSigmaAndVector 3
[1] "OK"
[1] "OK1"
39326 th marker
G0 0 0 0 0 0 0 0 0 0 0 
iter from getPCG1ofSigmaAndVector 5
47170 th marker
G0 0 0 0 0 0 0 0 0 0 0 
iter from getPCG1ofSigmaAndVector 4
165808 th marker
G0 1 0 0 1 0 1 1 0 0 1 
iter from getPCG1ofSigmaAndVector 7
4072 th marker
G0 0 0 0 0 0 0 0 0 0 0 
iter from getPCG1ofSigmaAndVector 6
39607 th marker
G0 0 0 0 0 0 0 0 0 0 0 
iter from getPCG1ofSigmaAndVector 6
129534 th marker
G0 2 2 2 2 1 2 2 1 1 2 
iter from getPCG1ofSigmaAndVector 7
145794 th marker
G0 0 0 0 0 0 0 0 0 0 0 
iter from getPCG1ofSigmaAndVector 7
169365 th marker
G0 1 0 0 1 0 0 0 1 0 1 
iter from getPCG1ofSigmaAndVector 7
123913 th marker
G0 1 0 0 0 0 0 0 0 1 0 
iter from getPCG1ofSigmaAndVector 7
71583 th marker
G0 2 1 1 1 2 1 2 0 1 2 
iter from getPCG1ofSigmaAndVector 7
[1] "OK"
[1] "OK1"
[1] "OK2"
CV for variance ratio estimate using  30  markers is  0.0006735431  <  0.001 
varRatio 1.026616 
[1] 1.026616
         [,1]
[1,] 1.026616
         [,1]
[1,] 1.026616
[1] "/mnt/bb/arodriguez/ALT_Mean_INT.ASN/phewas.ld.maf.ALT_Mean_INT.ASN.out.varianceRatio.txt"
        V1
1 1.026616
closed the plinkFile!
[1] "PATHS:"
[1] "/mnt/bb/arodriguez/ALT_Mean_INT.ASN/phewas.ld.maf.ALT_Mean_INT.ASN.out.rda"
[1] "/gpfs/alpine/med112/proj-shared/task0101113/output/FullRun/ALT_Mean_INT/ASN/step1/phewas.ld.maf.ALT_Mean_INT.ASN.out.rda"
[1] "PhenoFile.ALT_Min.ASN.txt"
pcg did not converge. You may increase maxiter number.
iter from getPCG1ofSigmaAndVector 500
pcg did not converge. You may increase maxiter number.
iter from getPCG1ofSigmaAndVector 500
Size in bytes of fullGRM is:64
Size in bytes of fullGRM is:112
time: 721042
[1] "Genotype reading is done"
inital tau is  1 0.1 
iGet_Coef:  1 
pcg did not converge. You may increase maxiter number.
iter from getPCG1ofSigmaAndVector 500
[1] "PhenoFile.Phe_590.ASN.txt"

------------------------------------------------------------
Sender: LSF System <lsfadmin@batch3>
Subject: Job 1688041: <all.s1.ASN> in cluster <summit> Exited

Job <all.s1.ASN> was submitted from host <login2> by user <arodriguez> in cluster <summit> at Sun Dec 12 13:18:18 2021
Job was executed on host(s) <1*batch3>, in queue <batch>, as user <arodriguez> in cluster <summit> at Wed Dec 15 18:18:30 2021
                            <42*h26n11>
                            <42*h50n10>
                            <42*h50n13>
</ccs/home/arodriguez> was used as the home directory.
</ccs/home/arodriguez/med112/task0101113/output/FullRun/SUBMIT> was used as the working directory.
Started at Wed Dec 15 18:18:30 2021
Terminated at Wed Dec 15 18:47:49 2021
Results reported at Wed Dec 15 18:47:49 2021

The output (if any) is above this job summary.



PS:

Read file <all.s1.run3.ASN.stderr> for stderr output of this job.

