
Lmod is automatically replacing "xl/16.1.1-10" with "gcc/10.2.0".


Due to MODULEPATH changes, the following have been reloaded:
  1) spectrum-mpi/10.4.0.3-20210112

-------------------------------------------------------------------------------
There are messages associated with the following module(s):
-------------------------------------------------------------------------------

cuda/11.1.1:
  This modulefile is provided for testing purposes only. If you encounter
  issues, please report them to help@olcf.ornl.gov.

-------------------------------------------------------------------------------

--------------------------------------------------------------------------
A received msg header indicates a size that is too large:

  Requested size:  17253895
  Size limit:      16777216

If you believe this msg is legitimate, please increase the
max msg size via the ptl_base_max_msg_size parameter.
--------------------------------------------------------------------------

--------------------------------------------------------------------------
A received msg header indicates a size that is too large:

  Requested size:  17253895
  Size limit:      16777216

If you believe this msg is legitimate, please increase the
max msg size via the ptl_base_max_msg_size parameter.
--------------------------------------------------------------------------

[b04n02:1699894] PMIX ERROR: UNPACK-PAST-END in file client/pmix_client.c at line 277
[b04n02:1699894] OPAL ERROR: Error in file ext3x_client.c at line 112
--------------------------------------------------------------------------
A received msg header indicates a size that is too large:

  Requested size:  17253895
  Size limit:      16777216

If you believe this msg is legitimate, please increase the
max msg size via the ptl_base_max_msg_size parameter.
--------------------------------------------------------------------------

[b04n02:1699896] PMIX ERROR: UNPACK-PAST-END in file client/pmix_client.c at line 277
[b04n02:1699896] OPAL ERROR: Error in file ext3x_client.c at line 112
--------------------------------------------------------------------------
A received msg header indicates a size that is too large:

  Requested size:  17253895
  Size limit:      16777216

If you believe this msg is legitimate, please increase the
max msg size via the ptl_base_max_msg_size parameter.
--------------------------------------------------------------------------

[b04n02:1699900] PMIX ERROR: UNPACK-PAST-END in file client/pmix_client.c at line 277
[b04n02:1699900] OPAL ERROR: Error in file ext3x_client.c at line 112
--------------------------------------------------------------------------
A received msg header indicates a size that is too large:

  Requested size:  17253895
  Size limit:      16777216

If you believe this msg is legitimate, please increase the
max msg size via the ptl_base_max_msg_size parameter.
--------------------------------------------------------------------------

[b04n02:1699897] PMIX ERROR: UNPACK-PAST-END in file client/pmix_client.c at line 277
[b04n02:1699897] OPAL ERROR: Error in file ext3x_client.c at line 112
--------------------------------------------------------------------------
A received msg header indicates a size that is too large:

  Requested size:  17253895
  Size limit:      16777216

If you believe this msg is legitimate, please increase the
max msg size via the ptl_base_max_msg_size parameter.
--------------------------------------------------------------------------

[b04n02:1699899] PMIX ERROR: UNPACK-PAST-END in file client/pmix_client.c at line 277
[b04n02:1699899] OPAL ERROR: Error in file ext3x_client.c at line 112
--------------------------------------------------------------------------
A received msg header indicates a size that is too large:

  Requested size:  17253895
  Size limit:      16777216

If you believe this msg is legitimate, please increase the
max msg size via the ptl_base_max_msg_size parameter.
--------------------------------------------------------------------------

[b04n02:1699898] PMIX ERROR: UNPACK-PAST-END in file client/pmix_client.c at line 277
[b04n02:1699898] OPAL ERROR: Error in file ext3x_client.c at line 112
--------------------------------------------------------------------------
A received msg header indicates a size that is too large:

  Requested size:  17253895
  Size limit:      16777216

If you believe this msg is legitimate, please increase the
max msg size via the ptl_base_max_msg_size parameter.
--------------------------------------------------------------------------

[b04n02:1699903] PMIX ERROR: UNPACK-PAST-END in file client/pmix_client.c at line 277
[b04n02:1699903] OPAL ERROR: Error in file ext3x_client.c at line 112
--------------------------------------------------------------------------
A received msg header indicates a size that is too large:

  Requested size:  17253895
  Size limit:      16777216

If you believe this msg is legitimate, please increase the
max msg size via the ptl_base_max_msg_size parameter.
--------------------------------------------------------------------------

[b04n02:1699912] PMIX ERROR: UNPACK-PAST-END in file client/pmix_client.c at line 277
[b04n02:1699912] OPAL ERROR: Error in file ext3x_client.c at line 112
--------------------------------------------------------------------------
A received msg header indicates a size that is too large:

  Requested size:  17253895
  Size limit:      16777216

If you believe this msg is legitimate, please increase the
max msg size via the ptl_base_max_msg_size parameter.
--------------------------------------------------------------------------

[b04n02:1699905] PMIX ERROR: UNPACK-PAST-END in file client/pmix_client.c at line 277
[b04n02:1699905] OPAL ERROR: Error in file ext3x_client.c at line 112
--------------------------------------------------------------------------
A received msg header indicates a size that is too large:

  Requested size:  17253895
  Size limit:      16777216

If you believe this msg is legitimate, please increase the
max msg size via the ptl_base_max_msg_size parameter.
--------------------------------------------------------------------------

[b04n02:1699902] PMIX ERROR: UNPACK-PAST-END in file client/pmix_client.c at line 277
[b04n02:1699902] OPAL ERROR: Error in file ext3x_client.c at line 112
--------------------------------------------------------------------------
A received msg header indicates a size that is too large:

  Requested size:  17253895
  Size limit:      16777216

If you believe this msg is legitimate, please increase the
max msg size via the ptl_base_max_msg_size parameter.
--------------------------------------------------------------------------

[b04n02:1699917] PMIX ERROR: UNPACK-PAST-END in file client/pmix_client.c at line 277
[b04n02:1699917] OPAL ERROR: Error in file ext3x_client.c at line 112
--------------------------------------------------------------------------
A received msg header indicates a size that is too large:

  Requested size:  17253895
  Size limit:      16777216

If you believe this msg is legitimate, please increase the
max msg size via the ptl_base_max_msg_size parameter.
--------------------------------------------------------------------------

[b04n02:1699914] PMIX ERROR: UNPACK-PAST-END in file client/pmix_client.c at line 277
[b04n02:1699914] OPAL ERROR: Error in file ext3x_client.c at line 112
--------------------------------------------------------------------------
A received msg header indicates a size that is too large:

  Requested size:  17253895
  Size limit:      16777216

If you believe this msg is legitimate, please increase the
max msg size via the ptl_base_max_msg_size parameter.
--------------------------------------------------------------------------

[b04n02:1699916] PMIX ERROR: UNPACK-PAST-END in file client/pmix_client.c at line 277
[b04n02:1699916] OPAL ERROR: Error in file ext3x_client.c at line 112
--------------------------------------------------------------------------
A received msg header indicates a size that is too large:

  Requested size:  17253895
  Size limit:      16777216

If you believe this msg is legitimate, please increase the
max msg size via the ptl_base_max_msg_size parameter.
--------------------------------------------------------------------------

[b04n02:1699904] PMIX ERROR: UNPACK-PAST-END in file client/pmix_client.c at line 277
[b04n02:1699904] OPAL ERROR: Error in file ext3x_client.c at line 112
--------------------------------------------------------------------------
A received msg header indicates a size that is too large:

  Requested size:  17253895
  Size limit:      16777216

If you believe this msg is legitimate, please increase the
max msg size via the ptl_base_max_msg_size parameter.
--------------------------------------------------------------------------

[b04n02:1699915] PMIX ERROR: UNPACK-PAST-END in file client/pmix_client.c at line 277
[b04n02:1699915] OPAL ERROR: Error in file ext3x_client.c at line 112
--------------------------------------------------------------------------
A received msg header indicates a size that is too large:

  Requested size:  17253895
  Size limit:      16777216

If you believe this msg is legitimate, please increase the
max msg size via the ptl_base_max_msg_size parameter.
--------------------------------------------------------------------------

[b04n02:1699908] PMIX ERROR: UNPACK-PAST-END in file client/pmix_client.c at line 277
[b04n02:1699908] OPAL ERROR: Error in file ext3x_client.c at line 112
--------------------------------------------------------------------------
A received msg header indicates a size that is too large:

  Requested size:  17253895
  Size limit:      16777216

If you believe this msg is legitimate, please increase the
max msg size via the ptl_base_max_msg_size parameter.
--------------------------------------------------------------------------

[b04n02:1699906] PMIX ERROR: UNPACK-PAST-END in file client/pmix_client.c at line 277
[b04n02:1699906] OPAL ERROR: Error in file ext3x_client.c at line 112
--------------------------------------------------------------------------
A received msg header indicates a size that is too large:

  Requested size:  17253895
  Size limit:      16777216

If you believe this msg is legitimate, please increase the
max msg size via the ptl_base_max_msg_size parameter.
--------------------------------------------------------------------------

[b04n02:1699910] PMIX ERROR: UNPACK-PAST-END in file client/pmix_client.c at line 277
[b04n02:1699910] OPAL ERROR: Error in file ext3x_client.c at line 112
--------------------------------------------------------------------------
A received msg header indicates a size that is too large:

  Requested size:  17253895
  Size limit:      16777216

If you believe this msg is legitimate, please increase the
max msg size via the ptl_base_max_msg_size parameter.
--------------------------------------------------------------------------

[b04n02:1699913] PMIX ERROR: UNPACK-PAST-END in file client/pmix_client.c at line 277
[b04n02:1699913] OPAL ERROR: Error in file ext3x_client.c at line 112
--------------------------------------------------------------------------
A received msg header indicates a size that is too large:

  Requested size:  17253895
  Size limit:      16777216

If you believe this msg is legitimate, please increase the
max msg size via the ptl_base_max_msg_size parameter.
--------------------------------------------------------------------------

[b04n02:1699918] PMIX ERROR: UNPACK-PAST-END in file client/pmix_client.c at line 277
[b04n02:1699918] OPAL ERROR: Error in file ext3x_client.c at line 112
--------------------------------------------------------------------------
A received msg header indicates a size that is too large:

  Requested size:  17253895
  Size limit:      16777216

If you believe this msg is legitimate, please increase the
max msg size via the ptl_base_max_msg_size parameter.
--------------------------------------------------------------------------

[b04n02:1699881] PMIX ERROR: UNPACK-PAST-END in file client/pmix_client.c at line 277
[b04n02:1699881] OPAL ERROR: Error in file ext3x_client.c at line 112
--------------------------------------------------------------------------
A received msg header indicates a size that is too large:

  Requested size:  17253895
  Size limit:      16777216

If you believe this msg is legitimate, please increase the
max msg size via the ptl_base_max_msg_size parameter.
--------------------------------------------------------------------------

[b04n02:1699879] PMIX ERROR: UNPACK-PAST-END in file client/pmix_client.c at line 277
[b04n02:1699879] OPAL ERROR: Error in file ext3x_client.c at line 112
--------------------------------------------------------------------------
A received msg header indicates a size that is too large:

  Requested size:  17253895
  Size limit:      16777216

If you believe this msg is legitimate, please increase the
max msg size via the ptl_base_max_msg_size parameter.
--------------------------------------------------------------------------

[b04n02:1699876] PMIX ERROR: UNPACK-PAST-END in file client/pmix_client.c at line 277
[b04n02:1699876] OPAL ERROR: Error in file ext3x_client.c at line 112
--------------------------------------------------------------------------
A received msg header indicates a size that is too large:

  Requested size:  17253895
  Size limit:      16777216

If you believe this msg is legitimate, please increase the
max msg size via the ptl_base_max_msg_size parameter.
--------------------------------------------------------------------------

[b04n02:1699875] PMIX ERROR: UNPACK-PAST-END in file client/pmix_client.c at line 277
[b04n02:1699875] OPAL ERROR: Error in file ext3x_client.c at line 112
--------------------------------------------------------------------------
A received msg header indicates a size that is too large:

  Requested size:  17253895
  Size limit:      16777216

If you believe this msg is legitimate, please increase the
max msg size via the ptl_base_max_msg_size parameter.
--------------------------------------------------------------------------

[b04n02:1699882] PMIX ERROR: UNPACK-PAST-END in file client/pmix_client.c at line 277
[b04n02:1699882] OPAL ERROR: Error in file ext3x_client.c at line 112
--------------------------------------------------------------------------
A received msg header indicates a size that is too large:

  Requested size:  17253895
  Size limit:      16777216

If you believe this msg is legitimate, please increase the
max msg size via the ptl_base_max_msg_size parameter.
--------------------------------------------------------------------------

[b04n02:1699877] PMIX ERROR: UNPACK-PAST-END in file client/pmix_client.c at line 277
[b04n02:1699877] OPAL ERROR: Error in file ext3x_client.c at line 112
--------------------------------------------------------------------------
A received msg header indicates a size that is too large:

  Requested size:  17253895
  Size limit:      16777216

If you believe this msg is legitimate, please increase the
max msg size via the ptl_base_max_msg_size parameter.
--------------------------------------------------------------------------

[b04n02:1699878] PMIX ERROR: UNPACK-PAST-END in file client/pmix_client.c at line 277
[b04n02:1699878] OPAL ERROR: Error in file ext3x_client.c at line 112
--------------------------------------------------------------------------
A received msg header indicates a size that is too large:

  Requested size:  17253895
  Size limit:      16777216

If you believe this msg is legitimate, please increase the
max msg size via the ptl_base_max_msg_size parameter.
--------------------------------------------------------------------------

[b04n02:1699884] PMIX ERROR: UNPACK-PAST-END in file client/pmix_client.c at line 277
[b04n02:1699884] OPAL ERROR: Error in file ext3x_client.c at line 112
--------------------------------------------------------------------------
A received msg header indicates a size that is too large:

  Requested size:  17253895
  Size limit:      16777216

If you believe this msg is legitimate, please increase the
max msg size via the ptl_base_max_msg_size parameter.
--------------------------------------------------------------------------

[b04n02:1699880] PMIX ERROR: UNPACK-PAST-END in file client/pmix_client.c at line 277
[b04n02:1699880] OPAL ERROR: Error in file ext3x_client.c at line 112
--------------------------------------------------------------------------
A received msg header indicates a size that is too large:

  Requested size:  17253895
  Size limit:      16777216

If you believe this msg is legitimate, please increase the
max msg size via the ptl_base_max_msg_size parameter.
--------------------------------------------------------------------------

[b04n02:1699885] PMIX ERROR: UNPACK-PAST-END in file client/pmix_client.c at line 277
[b04n02:1699885] OPAL ERROR: Error in file ext3x_client.c at line 112
--------------------------------------------------------------------------
A received msg header indicates a size that is too large:

  Requested size:  17253895
  Size limit:      16777216

If you believe this msg is legitimate, please increase the
max msg size via the ptl_base_max_msg_size parameter.
--------------------------------------------------------------------------

[b04n02:1699889] PMIX ERROR: UNPACK-PAST-END in file client/pmix_client.c at line 277
[b04n02:1699889] OPAL ERROR: Error in file ext3x_client.c at line 112
--------------------------------------------------------------------------
A received msg header indicates a size that is too large:

  Requested size:  17253895
  Size limit:      16777216

If you believe this msg is legitimate, please increase the
max msg size via the ptl_base_max_msg_size parameter.
--------------------------------------------------------------------------

[b04n02:1699886] PMIX ERROR: UNPACK-PAST-END in file client/pmix_client.c at line 277
[b04n02:1699886] OPAL ERROR: Error in file ext3x_client.c at line 112
--------------------------------------------------------------------------
A received msg header indicates a size that is too large:

  Requested size:  17253895
  Size limit:      16777216

If you believe this msg is legitimate, please increase the
max msg size via the ptl_base_max_msg_size parameter.
--------------------------------------------------------------------------

[b04n02:1699883] PMIX ERROR: UNPACK-PAST-END in file client/pmix_client.c at line 277
[b04n02:1699883] OPAL ERROR: Error in file ext3x_client.c at line 112
--------------------------------------------------------------------------
A received msg header indicates a size that is too large:

  Requested size:  17253895
  Size limit:      16777216

If you believe this msg is legitimate, please increase the
max msg size via the ptl_base_max_msg_size parameter.
--------------------------------------------------------------------------

[b04n02:1699911] PMIX ERROR: UNPACK-PAST-END in file client/pmix_client.c at line 277
[b04n02:1699911] OPAL ERROR: Error in file ext3x_client.c at line 112
--------------------------------------------------------------------------
A received msg header indicates a size that is too large:

  Requested size:  17253895
  Size limit:      16777216

If you believe this msg is legitimate, please increase the
max msg size via the ptl_base_max_msg_size parameter.
--------------------------------------------------------------------------

[b04n02:1699893] PMIX ERROR: UNPACK-PAST-END in file client/pmix_client.c at line 277
[b04n02:1699893] OPAL ERROR: Error in file ext3x_client.c at line 112
[b04n02:1699891] PMIX ERROR: UNPACK-PAST-END in file client/pmix_client.c at line 277
[b04n02:1699891] OPAL ERROR: Error in file ext3x_client.c at line 112
--------------------------------------------------------------------------
A received msg header indicates a size that is too large:

  Requested size:  17253895
  Size limit:      16777216

If you believe this msg is legitimate, please increase the
max msg size via the ptl_base_max_msg_size parameter.
--------------------------------------------------------------------------

[b04n02:1699892] PMIX ERROR: UNPACK-PAST-END in file client/pmix_client.c at line 277
[b04n02:1699892] OPAL ERROR: Error in file ext3x_client.c at line 112
--------------------------------------------------------------------------
A received msg header indicates a size that is too large:

  Requested size:  17253895
  Size limit:      16777216

If you believe this msg is legitimate, please increase the
max msg size via the ptl_base_max_msg_size parameter.
--------------------------------------------------------------------------

[b04n02:1699895] PMIX ERROR: UNPACK-PAST-END in file client/pmix_client.c at line 277
[b04n02:1699895] OPAL ERROR: Error in file ext3x_client.c at line 112
--------------------------------------------------------------------------
A received msg header indicates a size that is too large:

  Requested size:  17253895
  Size limit:      16777216

If you believe this msg is legitimate, please increase the
max msg size via the ptl_base_max_msg_size parameter.
--------------------------------------------------------------------------

[b04n02:1699890] PMIX ERROR: UNPACK-PAST-END in file client/pmix_client.c at line 277
[b04n02:1699890] OPAL ERROR: Error in file ext3x_client.c at line 112
--------------------------------------------------------------------------
A received msg header indicates a size that is too large:

  Requested size:  17253895
  Size limit:      16777216

If you believe this msg is legitimate, please increase the
max msg size via the ptl_base_max_msg_size parameter.
--------------------------------------------------------------------------

[b04n02:1699907] PMIX ERROR: UNPACK-PAST-END in file client/pmix_client.c at line 277
[b04n02:1699907] OPAL ERROR: Error in file ext3x_client.c at line 112
--------------------------------------------------------------------------
A received msg header indicates a size that is too large:

  Requested size:  17253895
  Size limit:      16777216

If you believe this msg is legitimate, please increase the
max msg size via the ptl_base_max_msg_size parameter.
--------------------------------------------------------------------------

[b04n02:1699901] PMIX ERROR: UNPACK-PAST-END in file client/pmix_client.c at line 277
[b04n02:1699901] OPAL ERROR: Error in file ext3x_client.c at line 112
--------------------------------------------------------------------------
A received msg header indicates a size that is too large:

  Requested size:  17253895
  Size limit:      16777216

If you believe this msg is legitimate, please increase the
max msg size via the ptl_base_max_msg_size parameter.
--------------------------------------------------------------------------

[b04n02:1699909] PMIX ERROR: UNPACK-PAST-END in file client/pmix_client.c at line 277
[b04n02:1699909] OPAL ERROR: Error in file ext3x_client.c at line 112
--------------------------------------------------------------------------
A received msg header indicates a size that is too large:

  Requested size:  17253893
  Size limit:      16777216

If you believe this msg is legitimate, please increase the
max msg size via the ptl_base_max_msg_size parameter.
--------------------------------------------------------------------------

--------------------------------------------------------------------------
A received msg header indicates a size that is too large:

  Requested size:  17253893
  Size limit:      16777216

If you believe this msg is legitimate, please increase the
max msg size via the ptl_base_max_msg_size parameter.
--------------------------------------------------------------------------

--------------------------------------------------------------------------
A received msg header indicates a size that is too large:

  Requested size:  17253893
  Size limit:      16777216

If you believe this msg is legitimate, please increase the
max msg size via the ptl_base_max_msg_size parameter.
--------------------------------------------------------------------------

--------------------------------------------------------------------------
A received msg header indicates a size that is too large:

  Requested size:  17253893
  Size limit:      16777216

If you believe this msg is legitimate, please increase the
max msg size via the ptl_base_max_msg_size parameter.
--------------------------------------------------------------------------

[b14n14:1919545] PMIX ERROR: UNPACK-PAST-END in file client/pmix_client.c at line 277
[b14n14:1919545] OPAL ERROR: Error in file ext3x_client.c at line 112
--------------------------------------------------------------------------
A received msg header indicates a size that is too large:

  Requested size:  17253893
  Size limit:      16777216

If you believe this msg is legitimate, please increase the
max msg size via the ptl_base_max_msg_size parameter.
--------------------------------------------------------------------------

--------------------------------------------------------------------------
A received msg header indicates a size that is too large:

  Requested size:  17253893
  Size limit:      16777216

If you believe this msg is legitimate, please increase the
max msg size via the ptl_base_max_msg_size parameter.
--------------------------------------------------------------------------

--------------------------------------------------------------------------
A received msg header indicates a size that is too large:

  Requested size:  17253893
  Size limit:      16777216

If you believe this msg is legitimate, please increase the
max msg size via the ptl_base_max_msg_size parameter.
--------------------------------------------------------------------------

[b14n14:1919558] PMIX ERROR: UNPACK-PAST-END in file client/pmix_client.c at line 277
[b14n14:1919558] OPAL ERROR: Error in file ext3x_client.c at line 112
--------------------------------------------------------------------------
A received msg header indicates a size that is too large:

  Requested size:  17253893
  Size limit:      16777216

If you believe this msg is legitimate, please increase the
max msg size via the ptl_base_max_msg_size parameter.
--------------------------------------------------------------------------

--------------------------------------------------------------------------
A received msg header indicates a size that is too large:

  Requested size:  17253893
  Size limit:      16777216

If you believe this msg is legitimate, please increase the
max msg size via the ptl_base_max_msg_size parameter.
--------------------------------------------------------------------------

--------------------------------------------------------------------------
A received msg header indicates a size that is too large:

  Requested size:  17253893
  Size limit:      16777216

If you believe this msg is legitimate, please increase the
max msg size via the ptl_base_max_msg_size parameter.
--------------------------------------------------------------------------

[b14n14:1919557] PMIX ERROR: UNPACK-PAST-END in file client/pmix_client.c at line 277
[b14n14:1919557] OPAL ERROR: Error in file ext3x_client.c at line 112
--------------------------------------------------------------------------
A received msg header indicates a size that is too large:

  Requested size:  17253893
  Size limit:      16777216

If you believe this msg is legitimate, please increase the
max msg size via the ptl_base_max_msg_size parameter.
--------------------------------------------------------------------------

[b14n14:1919561] PMIX ERROR: UNPACK-PAST-END in file client/pmix_client.c at line 277
[b14n14:1919561] OPAL ERROR: Error in file ext3x_client.c at line 112
--------------------------------------------------------------------------
A received msg header indicates a size that is too large:

  Requested size:  17253893
  Size limit:      16777216

If you believe this msg is legitimate, please increase the
max msg size via the ptl_base_max_msg_size parameter.
--------------------------------------------------------------------------

[b14n14:1919563] PMIX ERROR: UNPACK-PAST-END in file client/pmix_client.c at line 277
[b14n14:1919563] OPAL ERROR: Error in file ext3x_client.c at line 112
--------------------------------------------------------------------------
A received msg header indicates a size that is too large:

  Requested size:  17253893
  Size limit:      16777216

If you believe this msg is legitimate, please increase the
max msg size via the ptl_base_max_msg_size parameter.
--------------------------------------------------------------------------

[b14n14:1919551] PMIX ERROR: UNPACK-PAST-END in file client/pmix_client.c at line 277
[b14n14:1919551] OPAL ERROR: Error in file ext3x_client.c at line 112
--------------------------------------------------------------------------
A received msg header indicates a size that is too large:

  Requested size:  17253893
  Size limit:      16777216

If you believe this msg is legitimate, please increase the
max msg size via the ptl_base_max_msg_size parameter.
--------------------------------------------------------------------------

[b14n14:1919564] PMIX ERROR: UNPACK-PAST-END in file client/pmix_client.c at line 277
[b14n14:1919564] OPAL ERROR: Error in file ext3x_client.c at line 112
--------------------------------------------------------------------------
A received msg header indicates a size that is too large:

  Requested size:  17253893
  Size limit:      16777216

If you believe this msg is legitimate, please increase the
max msg size via the ptl_base_max_msg_size parameter.
--------------------------------------------------------------------------

[b14n14:1919562] PMIX ERROR: UNPACK-PAST-END in file client/pmix_client.c at line 277
[b14n14:1919562] OPAL ERROR: Error in file ext3x_client.c at line 112
--------------------------------------------------------------------------
A received msg header indicates a size that is too large:

  Requested size:  17253893
  Size limit:      16777216

If you believe this msg is legitimate, please increase the
max msg size via the ptl_base_max_msg_size parameter.
--------------------------------------------------------------------------

[b14n14:1919565] PMIX ERROR: UNPACK-PAST-END in file client/pmix_client.c at line 277
[b14n14:1919565] OPAL ERROR: Error in file ext3x_client.c at line 112
--------------------------------------------------------------------------
A received msg header indicates a size that is too large:

  Requested size:  17253893
  Size limit:      16777216

If you believe this msg is legitimate, please increase the
max msg size via the ptl_base_max_msg_size parameter.
--------------------------------------------------------------------------

[b14n14:1919560] PMIX ERROR: UNPACK-PAST-END in file client/pmix_client.c at line 277
[b14n14:1919560] OPAL ERROR: Error in file ext3x_client.c at line 112
--------------------------------------------------------------------------
A received msg header indicates a size that is too large:

  Requested size:  17253893
  Size limit:      16777216

If you believe this msg is legitimate, please increase the
max msg size via the ptl_base_max_msg_size parameter.
--------------------------------------------------------------------------

[b14n14:1919566] PMIX ERROR: UNPACK-PAST-END in file client/pmix_client.c at line 277
[b14n14:1919566] OPAL ERROR: Error in file ext3x_client.c at line 112
--------------------------------------------------------------------------
A received msg header indicates a size that is too large:

  Requested size:  17253893
  Size limit:      16777216

If you believe this msg is legitimate, please increase the
max msg size via the ptl_base_max_msg_size parameter.
--------------------------------------------------------------------------

[b14n14:1919532] PMIX ERROR: UNPACK-PAST-END in file client/pmix_client.c at line 277
[b14n14:1919532] OPAL ERROR: Error in file ext3x_client.c at line 112
--------------------------------------------------------------------------
A received msg header indicates a size that is too large:

  Requested size:  17253893
  Size limit:      16777216

If you believe this msg is legitimate, please increase the
max msg size via the ptl_base_max_msg_size parameter.
--------------------------------------------------------------------------

[b14n14:1919568] PMIX ERROR: UNPACK-PAST-END in file client/pmix_client.c at line 277
[b14n14:1919568] OPAL ERROR: Error in file ext3x_client.c at line 112
--------------------------------------------------------------------------
A received msg header indicates a size that is too large:

  Requested size:  17253893
  Size limit:      16777216

If you believe this msg is legitimate, please increase the
max msg size via the ptl_base_max_msg_size parameter.
--------------------------------------------------------------------------

[b14n14:1919531] PMIX ERROR: UNPACK-PAST-END in file client/pmix_client.c at line 277
[b14n14:1919531] OPAL ERROR: Error in file ext3x_client.c at line 112
--------------------------------------------------------------------------
A received msg header indicates a size that is too large:

  Requested size:  17253893
  Size limit:      16777216

If you believe this msg is legitimate, please increase the
max msg size via the ptl_base_max_msg_size parameter.
--------------------------------------------------------------------------

[b14n14:1919534] PMIX ERROR: UNPACK-PAST-END in file client/pmix_client.c at line 277
[b14n14:1919534] OPAL ERROR: Error in file ext3x_client.c at line 112
--------------------------------------------------------------------------
A received msg header indicates a size that is too large:

  Requested size:  17253893
  Size limit:      16777216

If you believe this msg is legitimate, please increase the
max msg size via the ptl_base_max_msg_size parameter.
--------------------------------------------------------------------------

[b14n14:1919533] PMIX ERROR: UNPACK-PAST-END in file client/pmix_client.c at line 277
[b14n14:1919533] OPAL ERROR: Error in file ext3x_client.c at line 112
[b14n14:1919540] PMIX ERROR: UNPACK-PAST-END in file client/pmix_client.c at line 277
[b14n14:1919540] OPAL ERROR: Error in file ext3x_client.c at line 112
--------------------------------------------------------------------------
A received msg header indicates a size that is too large:

  Requested size:  17253893
  Size limit:      16777216

If you believe this msg is legitimate, please increase the
max msg size via the ptl_base_max_msg_size parameter.
--------------------------------------------------------------------------

[b14n14:1919567] PMIX ERROR: UNPACK-PAST-END in file client/pmix_client.c at line 277
[b14n14:1919567] OPAL ERROR: Error in file ext3x_client.c at line 112
--------------------------------------------------------------------------
A received msg header indicates a size that is too large:

  Requested size:  17253893
  Size limit:      16777216

If you believe this msg is legitimate, please increase the
max msg size via the ptl_base_max_msg_size parameter.
--------------------------------------------------------------------------

[b14n14:1919530] PMIX ERROR: UNPACK-PAST-END in file client/pmix_client.c at line 277
[b14n14:1919530] OPAL ERROR: Error in file ext3x_client.c at line 112
--------------------------------------------------------------------------
A received msg header indicates a size that is too large:

  Requested size:  17253893
  Size limit:      16777216

If you believe this msg is legitimate, please increase the
max msg size via the ptl_base_max_msg_size parameter.
--------------------------------------------------------------------------

[b14n14:1919528] PMIX ERROR: UNPACK-PAST-END in file client/pmix_client.c at line 277
[b14n14:1919528] OPAL ERROR: Error in file ext3x_client.c at line 112
--------------------------------------------------------------------------
A received msg header indicates a size that is too large:

  Requested size:  17253893
  Size limit:      16777216

If you believe this msg is legitimate, please increase the
max msg size via the ptl_base_max_msg_size parameter.
--------------------------------------------------------------------------

[b14n14:1919527] PMIX ERROR: UNPACK-PAST-END in file client/pmix_client.c at line 277
[b14n14:1919527] OPAL ERROR: Error in file ext3x_client.c at line 112
--------------------------------------------------------------------------
A received msg header indicates a size that is too large:

  Requested size:  17253893
  Size limit:      16777216

If you believe this msg is legitimate, please increase the
max msg size via the ptl_base_max_msg_size parameter.
--------------------------------------------------------------------------

[b14n14:1919535] PMIX ERROR: UNPACK-PAST-END in file client/pmix_client.c at line 277
[b14n14:1919535] OPAL ERROR: Error in file ext3x_client.c at line 112
--------------------------------------------------------------------------
A received msg header indicates a size that is too large:

  Requested size:  17253893
  Size limit:      16777216

If you believe this msg is legitimate, please increase the
max msg size via the ptl_base_max_msg_size parameter.
--------------------------------------------------------------------------

[b14n14:1919525] PMIX ERROR: UNPACK-PAST-END in file client/pmix_client.c at line 277
[b14n14:1919525] OPAL ERROR: Error in file ext3x_client.c at line 112
--------------------------------------------------------------------------
A received msg header indicates a size that is too large:

  Requested size:  17253893
  Size limit:      16777216

If you believe this msg is legitimate, please increase the
max msg size via the ptl_base_max_msg_size parameter.
--------------------------------------------------------------------------

[b14n14:1919526] PMIX ERROR: UNPACK-PAST-END in file client/pmix_client.c at line 277
[b14n14:1919526] OPAL ERROR: Error in file ext3x_client.c at line 112
--------------------------------------------------------------------------
A received msg header indicates a size that is too large:

  Requested size:  17253893
  Size limit:      16777216

If you believe this msg is legitimate, please increase the
max msg size via the ptl_base_max_msg_size parameter.
--------------------------------------------------------------------------

[b14n14:1919539] PMIX ERROR: UNPACK-PAST-END in file client/pmix_client.c at line 277
[b14n14:1919539] OPAL ERROR: Error in file ext3x_client.c at line 112
--------------------------------------------------------------------------
A received msg header indicates a size that is too large:

  Requested size:  17253893
  Size limit:      16777216

If you believe this msg is legitimate, please increase the
max msg size via the ptl_base_max_msg_size parameter.
--------------------------------------------------------------------------

[b14n14:1919529] PMIX ERROR: UNPACK-PAST-END in file client/pmix_client.c at line 277
[b14n14:1919529] OPAL ERROR: Error in file ext3x_client.c at line 112
--------------------------------------------------------------------------
A received msg header indicates a size that is too large:

  Requested size:  17253893
  Size limit:      16777216

If you believe this msg is legitimate, please increase the
max msg size via the ptl_base_max_msg_size parameter.
--------------------------------------------------------------------------

[b14n14:1919536] PMIX ERROR: UNPACK-PAST-END in file client/pmix_client.c at line 277
[b14n14:1919536] OPAL ERROR: Error in file ext3x_client.c at line 112
--------------------------------------------------------------------------
A received msg header indicates a size that is too large:

  Requested size:  17253893
  Size limit:      16777216

If you believe this msg is legitimate, please increase the
max msg size via the ptl_base_max_msg_size parameter.
--------------------------------------------------------------------------

[b14n14:1919548] PMIX ERROR: UNPACK-PAST-END in file client/pmix_client.c at line 277
[b14n14:1919548] OPAL ERROR: Error in file ext3x_client.c at line 112
[b14n14:1919541] PMIX ERROR: UNPACK-PAST-END in file client/pmix_client.c at line 277
[b14n14:1919541] OPAL ERROR: Error in file ext3x_client.c at line 112
--------------------------------------------------------------------------
A received msg header indicates a size that is too large:

  Requested size:  17253893
  Size limit:      16777216

If you believe this msg is legitimate, please increase the
max msg size via the ptl_base_max_msg_size parameter.
--------------------------------------------------------------------------

[b14n14:1919543] PMIX ERROR: UNPACK-PAST-END in file client/pmix_client.c at line 277
[b14n14:1919543] OPAL ERROR: Error in file ext3x_client.c at line 112
--------------------------------------------------------------------------
A received msg header indicates a size that is too large:

  Requested size:  17253893
  Size limit:      16777216

If you believe this msg is legitimate, please increase the
max msg size via the ptl_base_max_msg_size parameter.
--------------------------------------------------------------------------

[b14n14:1919544] PMIX ERROR: UNPACK-PAST-END in file client/pmix_client.c at line 277
[b14n14:1919544] OPAL ERROR: Error in file ext3x_client.c at line 112
--------------------------------------------------------------------------
A received msg header indicates a size that is too large:

  Requested size:  17253893
  Size limit:      16777216

If you believe this msg is legitimate, please increase the
max msg size via the ptl_base_max_msg_size parameter.
--------------------------------------------------------------------------

[b14n14:1919547] PMIX ERROR: UNPACK-PAST-END in file client/pmix_client.c at line 277
[b14n14:1919547] OPAL ERROR: Error in file ext3x_client.c at line 112
[b14n14:1919546] PMIX ERROR: UNPACK-PAST-END in file client/pmix_client.c at line 277
[b14n14:1919546] OPAL ERROR: Error in file ext3x_client.c at line 112
[b14n14:1919542] PMIX ERROR: UNPACK-PAST-END in file client/pmix_client.c at line 277
[b14n14:1919542] OPAL ERROR: Error in file ext3x_client.c at line 112
--------------------------------------------------------------------------
A received msg header indicates a size that is too large:

  Requested size:  17253893
  Size limit:      16777216

If you believe this msg is legitimate, please increase the
max msg size via the ptl_base_max_msg_size parameter.
--------------------------------------------------------------------------

[b14n14:1919549] PMIX ERROR: UNPACK-PAST-END in file client/pmix_client.c at line 277
[b14n14:1919549] OPAL ERROR: Error in file ext3x_client.c at line 112
--------------------------------------------------------------------------
A received msg header indicates a size that is too large:

  Requested size:  17253893
  Size limit:      16777216

If you believe this msg is legitimate, please increase the
max msg size via the ptl_base_max_msg_size parameter.
--------------------------------------------------------------------------

[b14n14:1919552] PMIX ERROR: UNPACK-PAST-END in file client/pmix_client.c at line 277
[b14n14:1919552] OPAL ERROR: Error in file ext3x_client.c at line 112
[b14n14:1919550] PMIX ERROR: UNPACK-PAST-END in file client/pmix_client.c at line 277
[b14n14:1919550] OPAL ERROR: Error in file ext3x_client.c at line 112
[b14n14:1919553] PMIX ERROR: UNPACK-PAST-END in file client/pmix_client.c at line 277
[b14n14:1919553] OPAL ERROR: Error in file ext3x_client.c at line 112
--------------------------------------------------------------------------
A received msg header indicates a size that is too large:

  Requested size:  17253893
  Size limit:      16777216

If you believe this msg is legitimate, please increase the
max msg size via the ptl_base_max_msg_size parameter.
--------------------------------------------------------------------------

[b14n14:1919556] PMIX ERROR: UNPACK-PAST-END in file client/pmix_client.c at line 277
[b14n14:1919556] OPAL ERROR: Error in file ext3x_client.c at line 112
--------------------------------------------------------------------------
A received msg header indicates a size that is too large:

  Requested size:  17253893
  Size limit:      16777216

If you believe this msg is legitimate, please increase the
max msg size via the ptl_base_max_msg_size parameter.
--------------------------------------------------------------------------

[b14n14:1919555] PMIX ERROR: UNPACK-PAST-END in file client/pmix_client.c at line 277
[b14n14:1919555] OPAL ERROR: Error in file ext3x_client.c at line 112
--------------------------------------------------------------------------
A received msg header indicates a size that is too large:

  Requested size:  17253893
  Size limit:      16777216

If you believe this msg is legitimate, please increase the
max msg size via the ptl_base_max_msg_size parameter.
--------------------------------------------------------------------------

[b14n14:1919554] PMIX ERROR: UNPACK-PAST-END in file client/pmix_client.c at line 277
[b14n14:1919554] OPAL ERROR: Error in file ext3x_client.c at line 112
[b14n14:1919559] PMIX ERROR: UNPACK-PAST-END in file client/pmix_client.c at line 277
[b14n14:1919559] OPAL ERROR: Error in file ext3x_client.c at line 112
*** An error occurred in MPI_Init
*** on a NULL communicator
*** MPI_ERRORS_ARE_FATAL (processes in this communicator will now abort,
***    and potentially your MPI job)
[b04n02:1699877] Local abort before MPI_INIT completed completed successfully, but am not able to aggregate error messages, and not able to guarantee that all other processes were killed!
*** An error occurred in MPI_Init
*** on a NULL communicator
*** MPI_ERRORS_ARE_FATAL (processes in this communicator will now abort,
***    and potentially your MPI job)
[b04n02:1699894] Local abort before MPI_INIT completed completed successfully, but am not able to aggregate error messages, and not able to guarantee that all other processes were killed!
*** An error occurred in MPI_Init
*** on a NULL communicator
*** MPI_ERRORS_ARE_FATAL (processes in this communicator will now abort,
***    and potentially your MPI job)
[b04n02:1699878] Local abort before MPI_INIT completed completed successfully, but am not able to aggregate error messages, and not able to guarantee that all other processes were killed!
*** An error occurred in MPI_Init
*** on a NULL communicator
*** MPI_ERRORS_ARE_FATAL (processes in this communicator will now abort,
***    and potentially your MPI job)
[b04n02:1699875] Local abort before MPI_INIT completed completed successfully, but am not able to aggregate error messages, and not able to guarantee that all other processes were killed!
*** An error occurred in MPI_Init
*** on a NULL communicator
*** MPI_ERRORS_ARE_FATAL (processes in this communicator will now abort,
***    and potentially your MPI job)
[b04n02:1699896] Local abort before MPI_INIT completed completed successfully, but am not able to aggregate error messages, and not able to guarantee that all other processes were killed!
*** An error occurred in MPI_Init
*** on a NULL communicator
*** MPI_ERRORS_ARE_FATAL (processes in this communicator will now abort,
***    and potentially your MPI job)
[b04n02:1699885] Local abort before MPI_INIT completed completed successfully, but am not able to aggregate error messages, and not able to guarantee that all other processes were killed!
*** An error occurred in MPI_Init
*** on a NULL communicator
*** MPI_ERRORS_ARE_FATAL (processes in this communicator will now abort,
***    and potentially your MPI job)
[b04n02:1699880] Local abort before MPI_INIT completed completed successfully, but am not able to aggregate error messages, and not able to guarantee that all other processes were killed!
*** An error occurred in MPI_Init
*** on a NULL communicator
*** MPI_ERRORS_ARE_FATAL (processes in this communicator will now abort,
***    and potentially your MPI job)
[b04n02:1699876] Local abort before MPI_INIT completed completed successfully, but am not able to aggregate error messages, and not able to guarantee that all other processes were killed!
*** An error occurred in MPI_Init
*** on a NULL communicator
*** MPI_ERRORS_ARE_FATAL (processes in this communicator will now abort,
***    and potentially your MPI job)
[b04n02:1699884] Local abort before MPI_INIT completed completed successfully, but am not able to aggregate error messages, and not able to guarantee that all other processes were killed!
*** An error occurred in MPI_Init
*** on a NULL communicator
*** MPI_ERRORS_ARE_FATAL (processes in this communicator will now abort,
***    and potentially your MPI job)
[b04n02:1699879] Local abort before MPI_INIT completed completed successfully, but am not able to aggregate error messages, and not able to guarantee that all other processes were killed!
*** An error occurred in MPI_Init
*** on a NULL communicator
*** MPI_ERRORS_ARE_FATAL (processes in this communicator will now abort,
***    and potentially your MPI job)
[b04n02:1699892] Local abort before MPI_INIT completed completed successfully, but am not able to aggregate error messages, and not able to guarantee that all other processes were killed!
*** An error occurred in MPI_Init
*** on a NULL communicator
*** MPI_ERRORS_ARE_FATAL (processes in this communicator will now abort,
***    and potentially your MPI job)
[b04n02:1699886] Local abort before MPI_INIT completed completed successfully, but am not able to aggregate error messages, and not able to guarantee that all other processes were killed!
*** An error occurred in MPI_Init
*** on a NULL communicator
*** MPI_ERRORS_ARE_FATAL (processes in this communicator will now abort,
***    and potentially your MPI job)
[b04n02:1699897] Local abort before MPI_INIT completed completed successfully, but am not able to aggregate error messages, and not able to guarantee that all other processes were killed!
*** An error occurred in MPI_Init
*** on a NULL communicator
*** MPI_ERRORS_ARE_FATAL (processes in this communicator will now abort,
***    and potentially your MPI job)
[b04n02:1699898] Local abort before MPI_INIT completed completed successfully, but am not able to aggregate error messages, and not able to guarantee that all other processes were killed!
*** An error occurred in MPI_Init
*** on a NULL communicator
*** MPI_ERRORS_ARE_FATAL (processes in this communicator will now abort,
***    and potentially your MPI job)
[b04n02:1699908] Local abort before MPI_INIT completed completed successfully, but am not able to aggregate error messages, and not able to guarantee that all other processes were killed!
*** An error occurred in MPI_Init
*** on a NULL communicator
*** MPI_ERRORS_ARE_FATAL (processes in this communicator will now abort,
***    and potentially your MPI job)
[b04n02:1699912] Local abort before MPI_INIT completed completed successfully, but am not able to aggregate error messages, and not able to guarantee that all other processes were killed!
*** An error occurred in MPI_Init
*** on a NULL communicator
*** MPI_ERRORS_ARE_FATAL (processes in this communicator will now abort,
***    and potentially your MPI job)
[b04n02:1699913] Local abort before MPI_INIT completed completed successfully, but am not able to aggregate error messages, and not able to guarantee that all other processes were killed!
*** An error occurred in MPI_Init
*** on a NULL communicator
*** MPI_ERRORS_ARE_FATAL (processes in this communicator will now abort,
***    and potentially your MPI job)
[b04n02:1699917] Local abort before MPI_INIT completed completed successfully, but am not able to aggregate error messages, and not able to guarantee that all other processes were killed!
*** An error occurred in MPI_Init
*** on a NULL communicator
*** MPI_ERRORS_ARE_FATAL (processes in this communicator will now abort,
***    and potentially your MPI job)
[b04n02:1699904] Local abort before MPI_INIT completed completed successfully, but am not able to aggregate error messages, and not able to guarantee that all other processes were killed!
*** An error occurred in MPI_Init
*** on a NULL communicator
*** MPI_ERRORS_ARE_FATAL (processes in this communicator will now abort,
***    and potentially your MPI job)
[b04n02:1699907] Local abort before MPI_INIT completed completed successfully, but am not able to aggregate error messages, and not able to guarantee that all other processes were killed!
*** An error occurred in MPI_Init
*** on a NULL communicator
*** MPI_ERRORS_ARE_FATAL (processes in this communicator will now abort,
***    and potentially your MPI job)
[b04n02:1699914] Local abort before MPI_INIT completed completed successfully, but am not able to aggregate error messages, and not able to guarantee that all other processes were killed!
*** An error occurred in MPI_Init
*** on a NULL communicator
*** MPI_ERRORS_ARE_FATAL (processes in this communicator will now abort,
***    and potentially your MPI job)
[b04n02:1699918] Local abort before MPI_INIT completed completed successfully, but am not able to aggregate error messages, and not able to guarantee that all other processes were killed!
*** An error occurred in MPI_Init
*** on a NULL communicator
*** MPI_ERRORS_ARE_FATAL (processes in this communicator will now abort,
***    and potentially your MPI job)
[b04n02:1699905] Local abort before MPI_INIT completed completed successfully, but am not able to aggregate error messages, and not able to guarantee that all other processes were killed!
*** An error occurred in MPI_Init
*** on a NULL communicator
*** MPI_ERRORS_ARE_FATAL (processes in this communicator will now abort,
***    and potentially your MPI job)
[b04n02:1699911] Local abort before MPI_INIT completed completed successfully, but am not able to aggregate error messages, and not able to guarantee that all other processes were killed!
*** An error occurred in MPI_Init
*** on a NULL communicator
*** MPI_ERRORS_ARE_FATAL (processes in this communicator will now abort,
***    and potentially your MPI job)
[b04n02:1699882] Local abort before MPI_INIT completed completed successfully, but am not able to aggregate error messages, and not able to guarantee that all other processes were killed!
*** An error occurred in MPI_Init
*** on a NULL communicator
*** MPI_ERRORS_ARE_FATAL (processes in this communicator will now abort,
***    and potentially your MPI job)
[b04n02:1699891] Local abort before MPI_INIT completed completed successfully, but am not able to aggregate error messages, and not able to guarantee that all other processes were killed!
*** An error occurred in MPI_Init
*** on a NULL communicator
*** MPI_ERRORS_ARE_FATAL (processes in this communicator will now abort,
***    and potentially your MPI job)
[b04n02:1699889] Local abort before MPI_INIT completed completed successfully, but am not able to aggregate error messages, and not able to guarantee that all other processes were killed!
*** An error occurred in MPI_Init
*** on a NULL communicator
*** MPI_ERRORS_ARE_FATAL (processes in this communicator will now abort,
***    and potentially your MPI job)
[b04n02:1699915] Local abort before MPI_INIT completed completed successfully, but am not able to aggregate error messages, and not able to guarantee that all other processes were killed!
*** An error occurred in MPI_Init
*** on a NULL communicator
*** MPI_ERRORS_ARE_FATAL (processes in this communicator will now abort,
***    and potentially your MPI job)
[b04n02:1699883] Local abort before MPI_INIT completed completed successfully, but am not able to aggregate error messages, and not able to guarantee that all other processes were killed!
*** An error occurred in MPI_Init
*** on a NULL communicator
*** MPI_ERRORS_ARE_FATAL (processes in this communicator will now abort,
***    and potentially your MPI job)
[b04n02:1699893] Local abort before MPI_INIT completed completed successfully, but am not able to aggregate error messages, and not able to guarantee that all other processes were killed!
*** An error occurred in MPI_Init
*** on a NULL communicator
*** MPI_ERRORS_ARE_FATAL (processes in this communicator will now abort,
***    and potentially your MPI job)
[b04n02:1699900] Local abort before MPI_INIT completed completed successfully, but am not able to aggregate error messages, and not able to guarantee that all other processes were killed!
*** An error occurred in MPI_Init
*** on a NULL communicator
*** MPI_ERRORS_ARE_FATAL (processes in this communicator will now abort,
***    and potentially your MPI job)
[b04n02:1699890] Local abort before MPI_INIT completed completed successfully, but am not able to aggregate error messages, and not able to guarantee that all other processes were killed!
*** An error occurred in MPI_Init
*** on a NULL communicator
*** MPI_ERRORS_ARE_FATAL (processes in this communicator will now abort,
***    and potentially your MPI job)
[b04n02:1699916] Local abort before MPI_INIT completed completed successfully, but am not able to aggregate error messages, and not able to guarantee that all other processes were killed!
*** An error occurred in MPI_Init
*** on a NULL communicator
*** MPI_ERRORS_ARE_FATAL (processes in this communicator will now abort,
***    and potentially your MPI job)
[b04n02:1699906] Local abort before MPI_INIT completed completed successfully, but am not able to aggregate error messages, and not able to guarantee that all other processes were killed!
*** An error occurred in MPI_Init
*** on a NULL communicator
*** MPI_ERRORS_ARE_FATAL (processes in this communicator will now abort,
***    and potentially your MPI job)
[b04n02:1699895] Local abort before MPI_INIT completed completed successfully, but am not able to aggregate error messages, and not able to guarantee that all other processes were killed!
*** An error occurred in MPI_Init
*** on a NULL communicator
*** MPI_ERRORS_ARE_FATAL (processes in this communicator will now abort,
***    and potentially your MPI job)
[b04n02:1699909] Local abort before MPI_INIT completed completed successfully, but am not able to aggregate error messages, and not able to guarantee that all other processes were killed!
*** An error occurred in MPI_Init
*** on a NULL communicator
*** MPI_ERRORS_ARE_FATAL (processes in this communicator will now abort,
***    and potentially your MPI job)
[b04n02:1699910] Local abort before MPI_INIT completed completed successfully, but am not able to aggregate error messages, and not able to guarantee that all other processes were killed!
*** An error occurred in MPI_Init
*** on a NULL communicator
*** MPI_ERRORS_ARE_FATAL (processes in this communicator will now abort,
***    and potentially your MPI job)
[b04n02:1699899] Local abort before MPI_INIT completed completed successfully, but am not able to aggregate error messages, and not able to guarantee that all other processes were killed!
*** An error occurred in MPI_Init
*** on a NULL communicator
*** MPI_ERRORS_ARE_FATAL (processes in this communicator will now abort,
***    and potentially your MPI job)
[b04n02:1699902] Local abort before MPI_INIT completed completed successfully, but am not able to aggregate error messages, and not able to guarantee that all other processes were killed!
*** An error occurred in MPI_Init
*** on a NULL communicator
*** MPI_ERRORS_ARE_FATAL (processes in this communicator will now abort,
***    and potentially your MPI job)
[b04n02:1699903] Local abort before MPI_INIT completed completed successfully, but am not able to aggregate error messages, and not able to guarantee that all other processes were killed!
*** An error occurred in MPI_Init
*** on a NULL communicator
*** MPI_ERRORS_ARE_FATAL (processes in this communicator will now abort,
***    and potentially your MPI job)
[b04n02:1699901] Local abort before MPI_INIT completed completed successfully, but am not able to aggregate error messages, and not able to guarantee that all other processes were killed!
*** An error occurred in MPI_Init
*** on a NULL communicator
*** MPI_ERRORS_ARE_FATAL (processes in this communicator will now abort,
***    and potentially your MPI job)
[b04n02:1699881] Local abort before MPI_INIT completed completed successfully, but am not able to aggregate error messages, and not able to guarantee that all other processes were killed!
